<?xml version="1.0" encoding="UTF-8"?>
<!-- Generated by org.testng.reporters.JUnitXMLReporter -->
<testsuite ignored="25" hostname="COG-WIN-MAC03" failures="12" tests="245" name="Test" time="13206.554" errors="0" timestamp="2022-11-28T17:59:07 IST">
  <testcase classname="testcases.HumanResourcesTest" name="ValidateClickTestingOfAttendancePage" time="18.158"/>
  <testcase classname="testcases.HumanResourcesTest" name="ValidateClickTestingOfAttendanceApprovalPage" time="34.981"/>
  <testcase classname="testcases.HumanResourcesTest" name="ValidateClickTestingOfCandidateListPage" time="82.97"/>
  <testcase classname="testcases.HumanResourcesTest" name="ValidateClickTestingOfCheckInFlagListPage" time="33.986"/>
  <testcase classname="testcases.HumanResourcesTest" name="ValidateClickTestingOfConsultantListPage" time="61.207"/>
  <testcase classname="testcases.HumanResourcesTest" name="ValidateClickTestingOfGroupListPage" time="48.235"/>
  <testcase classname="testcases.HumanResourcesTest" name="ValidateClickTestingOfHRReportPage" time="41.16"/>
  <testcase classname="testcases.HumanResourcesTest" name="ValidateClickTestingOfInductionDocumentListPage" time="51.162"/>
  <testcase classname="testcases.HumanResourcesTest" name="ValidateClickTestingOfLeavePage" time="75.814"/>
  <testcase classname="testcases.HumanResourcesTest" name="ValidateClickTestingOfLeaveApprovalPage" time="67.631"/>
  <testcase classname="testcases.HumanResourcesTest" name="ValidateClickTestingOfLeaveTypeListingPage" time="56.766"/>
  <testcase classname="testcases.HumanResourcesTest" name="ValidateClickTestingOfManageCheckInPage" time="45.39"/>
  <testcase classname="testcases.HumanResourcesTest" name="ValidateClickTestingOfTalentPoolListPage" time="64.377"/>
  <testcase classname="testcases.BillingTest" name="ValidateClickTestingOfAutomateFlagProcessingPage" time="40.279"/>
  <testcase classname="testcases.BillingTest" name="ValidateClickTestingOfBillingRulePage" time="113.839"/>
  <testcase classname="testcases.BillingTest" name="ValidateClickTestingOfBillingServicePage" time="58.27"/>
  <testcase classname="testcases.BillingTest" name="ValidateClickTestingOfBillingSetupPage" time="50.059"/>
  <testcase classname="testcases.BillingTest" name="ValidateClickTestingOfFlagRecordsPage" time="71.641"/>
  <testcase classname="testcases.BillingTest" name="ValidateClickTestingOfClientReportPage" time="48.582"/>
  <testcase classname="testcases.BillingTest" name="ValidateClickTestingOfAddInvoicePage" time="43.26"/>
  <testcase classname="testcases.BillingTest" name="ValidateClickTestingOfImportInvoicePage" time="46.948"/>
  <testcase classname="testcases.BillingTest" name="ValidateClickTestingOfInvoicePage" time="66.593"/>
  <testcase classname="testcases.BillingTest" name="ValidateClickTestingOfInvoiceReportPage" time="47.168"/>
  <testcase classname="testcases.BillingTest" name="ValidateClickTestingOfProcessAndReprocessChargesPage" time="40.612"/>
  <testcase classname="testcases.BillingTest" name="ValidateClickTestingOfViewHistoryPage" time="59.857"/>
  <testcase classname="testcases.BillingTest" name="ValidateClickTestingOfReceivedInvoicePage" time="35.532"/>
  <testcase classname="testcases.AppotmentCalendarTest" name="ValidateClickTestingOfManageExternalLinkPage" time="31.566"/>
  <testcase classname="testcases.AppotmentCalendarTest" name="ValidateClickTestingOfAppoitmentReportPage" time="47.042"/>
  <testcase classname="testcases.AppotmentCalendarTest" name="ValidateClickTestingOfConsumerListPage" time="32.941">
    <failure type="java.lang.AssertionError" message="java.lang.NullPointerException: Cannot invoke &amp;quot;org.openqa.selenium.WebElement.clear()&amp;quot; because &amp;quot;element&amp;quot; is null">
      <![CDATA[java.lang.AssertionError: java.lang.NullPointerException: Cannot invoke "org.openqa.selenium.WebElement.clear()" because "element" is null
at utils.WebBasePage.enter(WebBasePage.java:81)
at pageobjects.UserLoginPage.enterUserName(UserLoginPage.java:35)
at pageobjects.UserLoginPage.forcefulLogOutLogin(UserLoginPage.java:80)
at action.LoginAction.logoutLogin(LoginAction.java:25)
at testcases.AppotmentCalendarTest.ValidateClickTestingOfConsumerListPage(AppotmentCalendarTest.java:43)
at java.base/java.util.ArrayList.forEach(ArrayList.java:1511)
... Removed 28 stack frames]]>
    </failure>
  </testcase> <!-- ValidateClickTestingOfConsumerListPage -->
  <testcase classname="testcases.AppotmentCalendarTest" name="ValidateClickTestingOfCounterPage" time="34.793"/>
  <testcase classname="testcases.AppotmentCalendarTest" name="ValidateClickTestingOfCoursePage" time="38.051"/>
  <testcase classname="testcases.AppotmentCalendarTest" name="ValidateClickTestingOfScheduleAppointmentPage" time="35.116"/>
  <testcase classname="testcases.AppotmentCalendarTest" name="ValidateClickTestingOfAppoitmentServicePage" time="49.366"/>
  <testcase classname="testcases.AppotmentCalendarTest" name="ValidateClickTestingOfTokenPage" time="65.318"/>
  <testcase classname="testcases.AssetManagementTest" name="ValidateClickTestingOfGroupListPage" time="35.83"/>
  <testcase classname="testcases.AssetManagementTest" name="ValidateClickTestingOfReturnListPage" time="34.941"/>
  <testcase classname="testcases.AssetManagementTest" name="ValidateClickTestingOfMissingProductPage" time="36.854"/>
  <testcase classname="testcases.AssetManagementTest" name="ValidateClickTestingOfProductsScanSummaryPage" time="36.897"/>
  <testcase classname="testcases.AssetManagementTest" name="ValidateClickTestingOfRFIDAssetListingPage" time="36.315"/>
  <testcase classname="testcases.AssetManagementTest" name="ValidateClickTestingOfScannedItemsPage" time="34.988">
    <failure type="java.lang.AssertionError" message="java.lang.NullPointerException: Cannot invoke &amp;quot;org.openqa.selenium.WebElement.clear()&amp;quot; because &amp;quot;element&amp;quot; is null">
      <![CDATA[java.lang.AssertionError: java.lang.NullPointerException: Cannot invoke "org.openqa.selenium.WebElement.clear()" because "element" is null
at utils.WebBasePage.enter(WebBasePage.java:81)
at pageobjects.UserLoginPage.enterUserName(UserLoginPage.java:35)
at pageobjects.UserLoginPage.forcefulLogOutLogin(UserLoginPage.java:80)
at action.LoginAction.logoutLogin(LoginAction.java:25)
at testcases.AssetManagementTest.ValidateClickTestingOfScannedItemsPage(AssetManagementTest.java:71)
at java.base/java.util.ArrayList.forEach(ArrayList.java:1511)
... Removed 28 stack frames]]>
    </failure>
  </testcase> <!-- ValidateClickTestingOfScannedItemsPage -->
  <testcase classname="testcases.AssetManagementTest" name="ValidateClickTestingOfScannedItemsStatusPage" time="23.415"/>
  <testcase classname="testcases.AssetManagementTest" name="ValidateClickTestingOfManageProductPage" time="71.633">
    <failure type="java.lang.AssertionError" message="Save Button -  element not present">
      <![CDATA[java.lang.AssertionError: Save Button -  element not present
at utils.WebBasePage.click(WebBasePage.java:126)
at pageobjects.AssetManagementPage.clickOnSaveButtonOfCreateProduct(AssetManagementPage.java:253)
at action.AssetManagementAstion.GoToManageProductPage(AssetManagementAstion.java:102)
at testcases.AssetManagementTest.ValidateClickTestingOfManageProductPage(AssetManagementTest.java:93)
at java.base/java.util.ArrayList.forEach(ArrayList.java:1511)
... Removed 28 stack frames]]>
    </failure>
  </testcase> <!-- ValidateClickTestingOfManageProductPage -->
  <testcase classname="testcases.AssetManagementTest" name="ValidateClickTestingOfProductWriteOffPage" time="47.472"/>
  <testcase classname="testcases.AssetManagementTest" name="ValidateClickTestingOfMyProductPage" time="116.752"/>
  <testcase classname="testcases.AssetManagementTest" name="ValidateClickTestingOfProductReportPage" time="47.149"/>
  <testcase classname="testcases.AssetManagementTest" name="ValidateClickTestingOfProductAssignmentPage" time="63.223"/>
  <testcase classname="testcases.AssetManagementTest" name="ValidateClickTestingOfProductContainerPage" time="102.692"/>
  <testcase classname="testcases.AssetManagementTest" name="ValidateClickTestingOfProductTyperPage" time="58.156"/>
  <testcase classname="testcases.AssetManagementTest" name="ValidateClickTestingOfDashboardPage" time="42.325"/>
  <testcase classname="testcases.GeneralTest" name="ValidateClickTestingOfAddReportPage" time="30.092"/>
  <testcase classname="testcases.GeneralTest" name="ValidateClickTestingOfAutoResponderPage" time="48.244"/>
  <testcase classname="testcases.GeneralTest" name="ValidateClickTestingOfCustomFieldsPage" time="51.927"/>
  <testcase classname="testcases.GeneralTest" name="ValidateClickTestingOfCustomReportsPage" time="49.347"/>
  <testcase classname="testcases.GeneralTest" name="ValidateClickTestingOfExternalLinkPage" time="36.483"/>
  <testcase classname="testcases.GeneralTest" name="ValidateClickTestingOfPassportInformationPage" time="46.533"/>
  <testcase classname="testcases.GeneralTest" name="ValidateClickTestingOfManageLayoutPage" time="34.264"/>
  <testcase classname="testcases.GeneralTest" name="ValidateClickTestingOfOrganizationChartPage" time="38.081"/>
  <testcase classname="testcases.GeneralTest" name="ValidateClickTestingOfProvisionalRightsPage" time="110.847"/>
  <testcase classname="testcases.GeneralTest" name="ValidateClickTestingOfRuleEnginePage" time="57.552"/>
  <testcase classname="testcases.GeneralTest" name="ValidateClickTestingOfStoragePage" time="33.761"/>
  <testcase classname="testcases.GeneralTest" name="ValidateClickTestingOfTagsPage" time="38.279"/>
  <testcase classname="testcases.GeneralTest" name="ValidateClickTestingOfWorkingDayPage" time="50.189"/>
  <testcase classname="testcases.GeneralTest" name="ValidateClickTestingOfWorkingWeekPage" time="34.52"/>
  <testcase classname="testcases.ExpenseTest" name="ValidateClickTestingOfAddExpensePage" time="36.687"/>
  <testcase classname="testcases.ExpenseTest" name="ValidateClickTestingOfBulkUploadExpensePage" time="38.016"/>
  <testcase classname="testcases.ExpenseTest" name="ValidateClickTestingOfExpenseApprovalPage" time="57.028"/>
  <testcase classname="testcases.ExpenseTest" name="ValidateClickTestingOfExpenseReportsPage" time="40.491"/>
  <testcase classname="testcases.ExpenseTest" name="ValidateClickTestingOfExpensesPage" time="66.983"/>
  <testcase classname="testcases.ExpenseTest" name="ValidateClickTestingOfProjectPage" time="77.967"/>
  <testcase classname="testcases.ExpenseTest" name="ValidateClickTestingOfExpenseDashBoardPage" time="50.302"/>
  <testcase classname="testcases.EventManagementTest" name="ValidateClickTestingOfCalendarPage" time="26.266"/>
  <testcase classname="testcases.EventManagementTest" name="ValidateClickTestingOfGoogleCalendarPage" time="51.574"/>
  <testcase classname="testcases.EventManagementTest" name="ValidateClickTestingOfEventManagementPage" time="63.672"/>
  <testcase classname="testcases.EventManagementTest" name="ValidateClickTestingOfManageVenuePage" time="42.911"/>
  <testcase classname="testcases.EventManagementTest" name="ValidateClickTestingOfDashBoardPage" time="48.684"/>
  <testcase classname="testcases.EventManagementTest" name="ValidateClickTestingOfUserAvailabilityPage" time="60.55"/>
  <testcase classname="testcases.CrmTest" name="ValidateClickTestingOfAccountsPage" time="59.314">
    <failure type="java.lang.AssertionError" message="Import Contacts -  element not present">
      <![CDATA[java.lang.AssertionError: Import Contacts -  element not present
at utils.WebBasePage.click(WebBasePage.java:126)
at pageobjects.CrmPage.clickOnImportContact(CrmPage.java:57)
at action.CrmAction.GoToAccountsPage(CrmAction.java:31)
at testcases.CrmTest.ValidateClickTestingOfAccountsPage(CrmTest.java:24)
at java.base/java.util.ArrayList.forEach(ArrayList.java:1511)
... Removed 28 stack frames]]>
    </failure>
  </testcase> <!-- ValidateClickTestingOfAccountsPage -->
  <testcase classname="testcases.CrmTest" name="ValidateClickTestingOfBrandPage" time="50.626"/>
  <testcase classname="testcases.CrmTest" name="ValidateClickTestingOfCampaignPage" time="71.654"/>
  <testcase classname="testcases.CrmTest" name="ValidateClickTestingOfCommunicationPage" time="58.677"/>
  <testcase classname="testcases.CrmTest" name="ValidateClickTestingOfContactsPage" time="71.654"/>
  <testcase classname="testcases.CrmTest" name="ValidateClickTestingOfContractsPage" time="54.38"/>
  <testcase classname="testcases.CrmTest" name="ValidateClickTestingOfCRMReportPage" time="35.115"/>
  <testcase classname="testcases.CrmTest" name="ValidateClickTestingOfDEalsPage" time="55.884"/>
  <testcase classname="testcases.CrmTest" name="ValidateClickTestingOfgoodsInwardPage" time="52.392"/>
  <testcase classname="testcases.CrmTest" name="ValidateClickTestingOfInvoicePage" time="49.549"/>
  <testcase classname="testcases.CrmTest" name="ValidateClickTestingOfProductTypePage" time="63.446"/>
  <testcase classname="testcases.CrmTest" name="ValidateClickTestingOfLeadPage" time="93.561">
    <failure type="java.lang.AssertionError" message="Import Lead -  element not present">
      <![CDATA[java.lang.AssertionError: Import Lead -  element not present
at utils.WebBasePage.click(WebBasePage.java:126)
at pageobjects.CrmPage.clickOnImportLead(CrmPage.java:670)
at action.CrmAction.GoToLeadPage(CrmAction.java:159)
at testcases.CrmTest.ValidateClickTestingOfLeadPage(CrmTest.java:167)
at java.base/java.util.ArrayList.forEach(ArrayList.java:1511)
... Removed 28 stack frames]]>
    </failure>
  </testcase> <!-- ValidateClickTestingOfLeadPage -->
  <testcase classname="testcases.CrmTest" name="ValidateClickTestingOfManageProductPage" time="72.964">
    <failure type="java.lang.AssertionError" message="Save Button -  element not present">
      <![CDATA[java.lang.AssertionError: Save Button -  element not present
at utils.WebBasePage.click(WebBasePage.java:126)
at pageobjects.CrmPage.clickOnSaveProductType(CrmPage.java:546)
at action.CrmAction.GoToManageProductPage(CrmAction.java:169)
at testcases.CrmTest.ValidateClickTestingOfManageProductPage(CrmTest.java:180)
at java.base/java.util.ArrayList.forEach(ArrayList.java:1511)
... Removed 28 stack frames]]>
    </failure>
  </testcase> <!-- ValidateClickTestingOfManageProductPage -->
  <testcase classname="testcases.CrmTest" name="ValidateClickTestingOfPriceBookPage" time="62.693"/>
  <testcase classname="testcases.CrmTest" name="ValidateClickTestingOfProductPage" time="84.486">
    <failure type="java.lang.AssertionError" message="Close Add Product -  element not present">
      <![CDATA[java.lang.AssertionError: Close Add Product -  element not present
at utils.WebBasePage.click(WebBasePage.java:126)
at pageobjects.CrmPage.clickOncloseAddProducts(CrmPage.java:925)
at action.CrmAction.GoToProductPage(CrmAction.java:209)
at testcases.CrmTest.ValidateClickTestingOfProductPage(CrmTest.java:206)
at java.base/java.util.ArrayList.forEach(ArrayList.java:1511)
... Removed 28 stack frames]]>
    </failure>
  </testcase> <!-- ValidateClickTestingOfProductPage -->
  <testcase classname="testcases.CrmTest" name="ValidateClickTestingOfPurchaseOrderPage" time="68.323"/>
  <testcase classname="testcases.CrmTest" name="ValidateClickTestingOfQuotePage" time="65.809"/>
  <testcase classname="testcases.CrmTest" name="ValidateClickTestingOfSalesOrderPage" time="67.051"/>
  <testcase classname="testcases.CrmTest" name="ValidateClickTestingOfStagesPage" time="62.811"/>
  <testcase classname="testcases.CrmTest" name="ValidateClickTestingOfVendorPage" time="62.829"/>
  <testcase classname="testcases.DocumentStorageTest" name="ValidateClickTestingOfManageClientStoragePage" time="31.549"/>
  <testcase classname="testcases.DocumentStorageTest" name="ValidateClickTestingOfManageUserStoragePage" time="48.011"/>
  <testcase classname="testcases.DocumentStorageTest" name="ValidateClickTestingOfUserStorageReportPage" time="46.179"/>
  <testcase classname="testcases.INTEGRATIONSTest" name="ValidateClickTestingOfGPSTrackingPage" time="28.956"/>
  <testcase classname="testcases.INTEGRATIONSTest" name="ValidateClickTestingOfTwilioPage" time="51.81"/>
  <testcase classname="testcases.INTEGRATIONSTest" name="ValidateClickTestingOfConnectorPage" time="75.661"/>
  <testcase classname="testcases.MSPModuleTest" name="ValidateClickTestingOfAddPackagesPage" time="29.957"/>
  <testcase classname="testcases.MSPModuleTest" name="ValidateClickTestingOfAddSubscriptionPage" time="53.092"/>
  <testcase classname="testcases.MSPModuleTest" name="ValidateClickTestingOfManagePackagesPage" time="49.309"/>
  <testcase classname="testcases.MSPModuleTest" name="ValidateClickTestingOfManageSubscriptionPage" time="54.637"/>
  <testcase classname="testcases.DisplayScreenTest" name="ValidateClickTestingOfCounterPage" time="33.688"/>
  <testcase classname="testcases.DisplayScreenTest" name="ValidateClickTestingOfTokenPage" time="65.784"/>
  <testcase classname="testcases.VDeskTest" name="ValidateClickTestingOfApplicationSettingsPage" time="24.047"/>
  <testcase classname="testcases.VDeskTest" name="ValidateClickTestingOfApplicationSummaryPage" time="36.528"/>
  <testcase classname="testcases.VDeskTest" name="ValidateClickTestingOfApplicationPage" time="34.243"/>
  <testcase classname="testcases.VDeskTest" name="ValidateClickTestingOfClientLogInPage" time="33.858"/>
  <testcase classname="testcases.VDeskTest" name="ValidateClickTestingOfDatabasePage" time="37.682"/>
  <testcase classname="testcases.VDeskTest" name="ValidateClickTestingOfDesktopClientsPage" time="34.057"/>
  <testcase classname="testcases.VDeskTest" name="ValidateClickTestingOfGeneralSettingsPage" time="33.694"/>
  <testcase classname="testcases.VDeskTest" name="ValidateClickTestingOfJobPage" time="34.915"/>
  <testcase classname="testcases.VDeskTest" name="ValidateClickTestingOfJobsReportPage" time="34.689"/>
  <testcase classname="testcases.VDeskTest" name="ValidateClickTestingOfLogsPage" time="34.66"/>
  <testcase classname="testcases.VDeskTest" name="ValidateClickTestingOfPoliciesPage" time="38.65">
    <failure type="java.lang.AssertionError" message="Add Policies -  element not clickable">
      <![CDATA[java.lang.AssertionError: Add Policies -  element not clickable
at utils.WebBasePage.click(WebBasePage.java:119)
at pageobjects.VDeskPage.clickOnAddPolicies(VDeskPage.java:251)
at action.VDeskAction.GoToPoliciesPage(VDeskAction.java:100)
at testcases.VDeskTest.ValidateClickTestingOfPoliciesPage(VDeskTest.java:153)
at java.base/java.util.ArrayList.forEach(ArrayList.java:1511)
... Removed 28 stack frames]]>
    </failure>
  </testcase> <!-- ValidateClickTestingOfPoliciesPage -->
  <testcase classname="testcases.VDeskTest" name="ValidateClickTestingOfRemoteDesktopPage" time="34.355"/>
  <testcase classname="testcases.VDeskTest" name="ValidateClickTestingOfServerDetailsPage" time="34.354"/>
  <testcase classname="testcases.VDeskTest" name="ValidateClickTestingOfServerRolesPage" time="37.761">
    <failure type="java.lang.AssertionError" message="Add Server Roles -  element not clickable">
      <![CDATA[java.lang.AssertionError: Add Server Roles -  element not clickable
at utils.WebBasePage.click(WebBasePage.java:119)
at pageobjects.VDeskPage.clickOnAddServerRoles(VDeskPage.java:324)
at action.VDeskAction.GoToServerRolesPage(VDeskAction.java:122)
at testcases.VDeskTest.ValidateClickTestingOfServerRolesPage(VDeskTest.java:192)
at java.base/java.util.ArrayList.forEach(ArrayList.java:1511)
... Removed 28 stack frames]]>
    </failure>
  </testcase> <!-- ValidateClickTestingOfServerRolesPage -->
  <testcase classname="testcases.VDeskTest" name="ValidateClickTestingOfServerGroupsPage" time="37.775">
    <failure type="java.lang.AssertionError" message="Add Server Groups -  element not clickable">
      <![CDATA[java.lang.AssertionError: Add Server Groups -  element not clickable
at utils.WebBasePage.click(WebBasePage.java:119)
at pageobjects.VDeskPage.clickOnAddServerGroups(VDeskPage.java:360)
at action.VDeskAction.GoToServerGroupsPage(VDeskAction.java:130)
at testcases.VDeskTest.ValidateClickTestingOfServerGroupsPage(VDeskTest.java:205)
at java.base/java.util.ArrayList.forEach(ArrayList.java:1511)
... Removed 28 stack frames]]>
    </failure>
  </testcase> <!-- ValidateClickTestingOfServerGroupsPage -->
  <testcase classname="testcases.ApprovalTest" name="ValidateClickTestingOfApprovalChainPage" time="44.552"/>
  <testcase classname="testcases.ApprovalTest" name="ValidateClickTestingOfApprovalGroupPage" time="57.613"/>
  <testcase classname="testcases.ApprovalTest" name="ValidateClickTestingOfApprovalReportPage" time="48.357"/>
  <testcase classname="testcases.ApprovalTest" name="ValidateClickTestingOfApprovalRulePage" time="61.027"/>
  <testcase classname="testcases.VendorTest" name="ValidateClickTestingOfTrainingPage" time="19.328"/>
  <testcase classname="testcases.VendorTest" name="ValidateClickTestingOfVendorListingPage" time="51.384"/>
  <testcase classname="testcases.CompanySetUpTest" name="ValidateClickTestingOfClientPage" time="51.735"/>
  <testcase classname="testcases.CompanySetUpTest" name="ValidateClickTestingOfCompanyDirectoryPage" time="39.965"/>
  <testcase classname="testcases.CompanySetUpTest" name="ValidateClickTestingOfCompanySetupPage" time="34.876"/>
  <testcase classname="testcases.CompanySetUpTest" name="ValidateClickTestingOfConfigurationPage" time="44.492"/>
  <testcase classname="testcases.CompanySetUpTest" name="ValidateClickTestingOfContextMenuPage" time="34.352"/>
  <testcase classname="testcases.CompanySetUpTest" name="ValidateClickTestingOfHoliDayBankPage" time="63.886"/>
  <testcase classname="testcases.CompanySetUpTest" name="ValidateClickTestingOfManageSubscriptionPage" time="41.501"/>
  <testcase classname="testcases.CompanySetUpTest" name="ValidateClickTestingOfManageTaxPage" time="51.56"/>
  <testcase classname="testcases.CompanySetUpTest" name="ValidateClickTestingOfResourceApprovalPage" time="33.445"/>
  <testcase classname="testcases.CompanySetUpTest" name="ValidateClickTestingOfRolesPage" time="48.809"/>
  <testcase classname="testcases.CompanySetUpTest" name="ValidateClickTestingOfUserPage" time="57.523"/>
  <testcase classname="testcases.CompanySetUpTest" name="ValidateClickTestingOfSearchVendorsPage" time="59.92"/>
  <testcase classname="testcases.PerformanceReviewTest" name="ValidateClickTestingOfPerformanceReviewPage" time="20.384"/>
  <testcase classname="testcases.PerformanceReviewTest" name="ValidateClickTestingOfPerformanceReviewReportPage" time="47.34"/>
  <testcase classname="testcases.PerformanceReviewTest" name="ValidateClickTestingOfProvideFeedbackPage" time="33.767"/>
  <testcase classname="testcases.PerformanceReviewTest" name="ValidateClickTestingOfProvideReviewPage" time="34.426"/>
  <testcase classname="testcases.PerformanceReviewTest" name="ValidateClickTestingOfReviewPage" time="51.419"/>
  <testcase classname="testcases.HRManagementTest" name="ValidateClickTestingOfAttendancePage" time="17.612"/>
  <testcase classname="testcases.HRManagementTest" name="ValidateClickTestingOfAttendanceCardReportPage" time="34.666"/>
  <testcase classname="testcases.HRManagementTest" name="ValidateClickTestingOfAttendanceInOutReportPage" time="35.617"/>
  <testcase classname="testcases.HRManagementTest" name="ValidateClickTestingOfAttendanceApprovalPage" time="34.456"/>
  <testcase classname="testcases.HRManagementTest" name="ValidateClickTestingOfCheckInFlagListPage" time="33.941"/>
  <testcase classname="testcases.HRManagementTest" name="ValidateClickTestingOfDisputeApprovalPage" time="33.799"/>
  <testcase classname="testcases.HRManagementTest" name="ValidateClickTestingOfCheckInOutDisputePage" time="35.711"/>
  <testcase classname="testcases.HRManagementTest" name="ValidateClickTestingOfGroupListPage" time="73.928"/>
  <testcase classname="testcases.HRManagementTest" name="ValidateClickTestingOfHrReportPage" time="35.903"/>
  <testcase classname="testcases.HRManagementTest" name="ValidateClickTestingOfInductionDocumentListPage" time="53.764"/>
  <testcase classname="testcases.HRManagementTest" name="ValidateClickTestingOfLeavePage" time="77.231"/>
  <testcase classname="testcases.HRManagementTest" name="ValidateClickTestingOfLeaveApprovalPage" time="66.914"/>
  <testcase classname="testcases.HRManagementTest" name="ValidateClickTestingOfLeaveTypeListingPage" time="58.127"/>
  <testcase classname="testcases.HRManagementTest" name="ValidateClickTestingOfManageCheckInPage" time="48.082"/>
  <testcase classname="testcases.HRManagementTest" name="ValidateClickTestingOfOffboardEmployeeListPage" time="57.496"/>
  <testcase classname="testcases.HRManagementTest" name="ValidateClickTestingOfPolicyPage" time="58.626"/>
  <testcase classname="testcases.HRManagementTest" name="ValidateClickTestingOfResignationPage" time="64.679"/>
  <testcase classname="testcases.TicketingTest" name="ValidateClickTestingOfTicketingPage" time="170.904"/>
  <testcase classname="testcases.TicketingTest" name="ValidateClickTestingOfAddTicketPage" time="117.482"/>
  <testcase classname="testcases.TicketingTest" name="ValidateClickTestingOfUnassignedTicketPage" time="240.248"/>
  <testcase classname="testcases.TicketingTest" name="ValidateClickTestingOfTicketFeedbackPage" time="72.05"/>
  <testcase classname="testcases.TicketingTest" name="ValidateClickTestingOfCannedReplyPage" time="70.542"/>
  <testcase classname="testcases.TicketingTest" name="ValidateClickTestingOfTicketReportPage" time="44.451"/>
  <testcase classname="testcases.TicketingTest" name="ValidateClickTestingOfManageServiceBoardPage" time="76.522"/>
  <testcase classname="testcases.TicketingTest" name="ValidateClickTestingOfAddticketGroupPage" time="52.679"/>
  <testcase classname="testcases.TicketingTest" name="ValidateClickTestingOfTicketGroupPage" time="84.459"/>
  <testcase classname="testcases.TicketingTest" name="ValidateClickTestingOfSLAPage" time="85.683"/>
  <testcase classname="testcases.TicketingTest" name="ValidateClickTestingOfKnowledgeBasePage" time="62.445"/>
  <testcase classname="testcases.TicketingTest" name="ValidateClickTestingOfManageCategoryPage" time="55.984"/>
  <testcase classname="testcases.TicketingTest" name="ValidateClickTestingOfMyArticlesPage" time="81.903"/>
  <testcase classname="testcases.TicketingTest" name="ValidateClickTestingOfProductPage" time="76.906"/>
  <testcase classname="testcases.TimeTrackingTest" name="ValidateClickTestingOfAuditRulePage" time="46.902"/>
  <testcase classname="testcases.TimeTrackingTest" name="ValidateClickTestingOfBulkTimeEntryPage" time="42.063"/>
  <testcase classname="testcases.TimeTrackingTest" name="ValidateClickTestingOfFlagTrackEntryPage" time="41.202"/>
  <testcase classname="testcases.TimeTrackingTest" name="ValidateClickTestingOfProjectReportPage" time="47.039"/>
  <testcase classname="testcases.TimeTrackingTest" name="ValidateClickTestingOfTimeReportPage" time="47.485"/>
  <testcase classname="testcases.TimeTrackingTest" name="ValidateClickTestingOfTimeApprovalPage" time="53.186"/>
  <testcase classname="testcases.TimeTrackingTest" name="ValidateClickTestingOfTimeSheetPage" time="35.91"/>
  <testcase classname="testcases.TimeTrackingTest" name="ValidateClickTestingOfTimeTrackPage" time="68.341"/>
  <testcase classname="testcases.TimeTrackingTest" name="ValidateClickTestingOfWorkDiaryPage" time="51.065"/>
  <testcase classname="testcases.HiringTest" name="ValidateClickTestingOfCandidateListPage" time="71.878"/>
  <testcase classname="testcases.HiringTest" name="ValidateClickTestingOfConsultantListListPage" time="60.808"/>
  <testcase classname="testcases.HiringTest" name="ValidateClickTestingOfGroupListListPage" time="53.362"/>
  <testcase classname="testcases.HiringTest" name="ValidateClickTestingOfjobListListPage" time="76.267"/>
  <testcase classname="testcases.HiringTest" name="ValidateClickTestingOfjobPostReportPage" time="35.219"/>
  <testcase classname="testcases.HiringTest" name="ValidateClickTestingOfJobRequisitionPage" time="47.825"/>
  <testcase classname="testcases.HiringTest" name="ValidateClickTestingOfOffboardEmployeeListPage" time="51.385"/>
  <testcase classname="testcases.HiringTest" name="ValidateClickTestingOfPolicyPage" time="54.231"/>
  <testcase classname="testcases.HiringTest" name="ValidateClickTestingOfResignationPage" time="34.929">
    <failure type="java.lang.AssertionError" message="java.lang.NullPointerException: Cannot invoke &amp;quot;org.openqa.selenium.WebElement.clear()&amp;quot; because &amp;quot;element&amp;quot; is null">
      <![CDATA[java.lang.AssertionError: java.lang.NullPointerException: Cannot invoke "org.openqa.selenium.WebElement.clear()" because "element" is null
at utils.WebBasePage.enter(WebBasePage.java:81)
at pageobjects.UserLoginPage.enterUserName(UserLoginPage.java:35)
at pageobjects.UserLoginPage.forcefulLogOutLogin(UserLoginPage.java:80)
at action.LoginAction.logoutLogin(LoginAction.java:25)
at testcases.HiringTest.ValidateClickTestingOfResignationPage(HiringTest.java:125)
at java.base/java.util.ArrayList.forEach(ArrayList.java:1511)
... Removed 28 stack frames]]>
    </failure>
  </testcase> <!-- ValidateClickTestingOfResignationPage -->
  <testcase classname="testcases.HiringTest" name="ValidateClickTestingOfSertvicePage" time="16.383"/>
  <testcase classname="testcases.HiringTest" name="ValidateClickTestingOfTalentPoolListPage" time="58.57"/>
  <testcase classname="testcases.HiringTest" name="ValidateClickTestingOfVendorListingPage" time="52.092"/>
  <testcase classname="testcases.CommunicationTest" name="ValidateClickTestingOfIVRPage" time="40.475"/>
  <testcase classname="testcases.CommunicationTest" name="ValidateClickTestingOfMeetingRecordingListPage" time="35.548"/>
  <testcase classname="testcases.CommunicationTest" name="ValidateClickTestingOfMeetingsPage" time="42.02"/>
  <testcase classname="testcases.CommunicationTest" name="ValidateClickTestingOfUnifiedSetupPage" time="42.865"/>
  <testcase classname="testcases.CommunicationTest" name="ValidateClickTestingOfVideoRecordingListPage" time="34.512"/>
  <testcase classname="testcases.FsmTest" name="ValidateClickTestingOfAddTicketPage" time="45.104"/>
  <testcase classname="testcases.FsmTest" name="ValidateClickTestingOfCallCenterSyncStatusPage" time="38.096"/>
  <testcase classname="testcases.FsmTest" name="ValidateClickTestingOfFieldServiceTicketPage" time="93.525"/>
  <testcase classname="testcases.FsmTest" name="ValidateClickTestingOfFormBuilderPage" time="48.222"/>
  <testcase classname="testcases.FsmTest" name="ValidateClickTestingOfFSMReportPage" time="36.935"/>
  <testcase classname="testcases.FsmTest" name="ValidateClickTestingOfManageMapConfigurationPage" time="48.503"/>
  <testcase classname="testcases.FsmTest" name="ValidateClickTestingOfMapExtentPage" time="37.489"/>
  <testcase classname="testcases.FsmTest" name="ValidateClickTestingOfRuleEnginePage" time="57.16"/>
  <testcase classname="testcases.FsmTest" name="ValidateClickTestingOfServiceAppointmentPage" time="63.562">
    <failure type="java.lang.AssertionError" message="List View -  element not clickable">
      <![CDATA[java.lang.AssertionError: List View -  element not clickable
at utils.WebBasePage.click(WebBasePage.java:119)
at pageobjects.FsmPage.clickOnGaintChart(FsmPage.java:795)
at action.FsmAction.GoToServiceAppointmentPage(FsmAction.java:124)
at testcases.FsmTest.ValidateClickTestingOfServiceAppointmentPage(FsmTest.java:113)
at java.base/java.util.ArrayList.forEach(ArrayList.java:1511)
... Removed 28 stack frames]]>
    </failure>
  </testcase> <!-- ValidateClickTestingOfServiceAppointmentPage -->
  <testcase classname="testcases.FsmTest" name="ValidateClickTestingOfServiceCrewPage" time="46.383"/>
  <testcase classname="testcases.FsmTest" name="ValidateClickTestingOfServiceResourcePage" time="136.996"/>
  <testcase classname="testcases.FsmTest" name="ValidateClickTestingOfServiceTerritoryePage" time="135.307"/>
  <testcase classname="testcases.FsmTest" name="ValidateClickTestingOfTechTrackingPage" time="34.72"/>
  <testcase classname="testcases.FsmTest" name="ValidateClickTestingOfTicketingPage" time="98.248"/>
  <testcase classname="testcases.FsmTest" name="ValidateClickTestingOfTransformPendingPage" time="50.456"/>
  <testcase classname="testcases.FsmTest" name="ValidateClickTestingOfunassignedTicketPage" time="97.647"/>
  <testcase classname="testcases.FsmTest" name="ValidateClickTestingOfWorkTypeListingPage" time="62.531"/>
  <testcase classname="testcases.FsmTest" name="ValidateClickTestingOfZoneManagementPage" time="46.6"/>
  <testcase classname="testcases.FsmTest" name="ValidateClickTestingOfDashBoardPage" time="42.802"/>
  <testcase classname="testcases.TrainingTest" name="ValidateClickTestingOfTrainingPage" time="53.462"/>
  <testcase classname="testcases.TrainingTest" name="ValidateClickTestingOfTrainingReportPage" time="33.633"/>
  <testcase classname="testcases.ProjectManagementTest" name="ValidateClickTestingOfGlobalTaskPage" time="34.194"/>
  <testcase classname="testcases.ProjectManagementTest" name="ValidateClickTestingOfProjectPage" time="114.627"/>
  <testcase classname="testcases.ProjectManagementTest" name="ValidateClickTestingOfProjectReportPage" time="60.304"/>
  <testcase classname="testcases.ProjectManagementTest" name="ValidateClickTestingOfProjectRequestPage" time="52.013"/>
  <testcase classname="testcases.ProjectManagementTest" name="ValidateClickTestingOfQuotesPage" time="49.003"/>
  <testcase classname="testcases.ProjectManagementTest" name="ValidateClickTestingOfRequestedTimeListPage" time="37.515"/>
  <testcase classname="testcases.ProjectManagementTest" name="ValidateClickTestingOfResourceImpactPage" time="47.066"/>
  <testcase classname="testcases.ProjectManagementTest" name="ValidateClickTestingOfResourceSchedulingPage" time="45.616"/>
  <testcase classname="testcases.ProjectManagementTest" name="ValidateClickTestingOfTaskPage" time="38.822"/>
  <testcase classname="testcases.ProjectManagementTest" name="ValidateClickTestingOfToDoListPage" time="85.359"/>
  <testcase classname="testcases.IntegrationTest" name="ValidateClickTestingOfBasecampPage" time="24.321"/>
  <testcase classname="testcases.IntegrationTest" name="ValidateClickTestingOfEmailPage" time="34.154"/>
  <testcase classname="testcases.IntegrationTest" name="ValidateClickTestingOfFreshBookPage" time="39.992"/>
  <testcase classname="testcases.IntegrationTest" name="ValidateClickTestingOfGPSTrackingPage" time="44.208"/>
  <testcase classname="testcases.IntegrationTest" name="ValidateClickTestingOfIVrPage" time="71.129"/>
  <testcase classname="testcases.IntegrationTest" name="ValidateClickTestingOfMicrosoftProjectPlanPage" time="48.929"/>
  <testcase classname="testcases.IntegrationTest" name="ValidateClickTestingOfQuickBooksPage" time="42.009"/>
  <testcase classname="testcases.IntegrationTest" name="ValidateClickTestingOfSalesForcePage" time="35.32"/>
  <testcase classname="testcases.IntegrationTest" name="ValidateClickTestingOfTrelloPage" time="42.02"/>
  <testcase classname="testcases.IntegrationTest" name="ValidateClickTestingOfTwilioPage" time="53.244"/>
  <testcase classname="testcases.IntegrationTest" name="ValidateClickTestingOfUnifiedSetupPage" time="37.221"/>
  <testcase classname="utils.WebTestBase" name="@AfterSuite close" time="0.0">
    <ignored/>
  </testcase> <!-- @AfterSuite close -->
  <testcase classname="utils.WebTestBase" name="@AfterSuite close" time="0.0">
    <ignored/>
  </testcase> <!-- @AfterSuite close -->
  <testcase classname="utils.WebTestBase" name="@AfterSuite close" time="0.0">
    <ignored/>
  </testcase> <!-- @AfterSuite close -->
  <testcase classname="utils.WebTestBase" name="@AfterSuite close" time="0.0">
    <ignored/>
  </testcase> <!-- @AfterSuite close -->
  <testcase classname="utils.WebTestBase" name="@AfterSuite close" time="0.0">
    <ignored/>
  </testcase> <!-- @AfterSuite close -->
  <testcase classname="utils.WebTestBase" name="@AfterSuite close" time="0.0">
    <ignored/>
  </testcase> <!-- @AfterSuite close -->
  <testcase classname="utils.WebTestBase" name="@AfterSuite close" time="0.0">
    <ignored/>
  </testcase> <!-- @AfterSuite close -->
  <testcase classname="utils.WebTestBase" name="@AfterSuite close" time="0.0">
    <ignored/>
  </testcase> <!-- @AfterSuite close -->
  <testcase classname="utils.WebTestBase" name="@AfterSuite close" time="0.0">
    <ignored/>
  </testcase> <!-- @AfterSuite close -->
  <testcase classname="utils.WebTestBase" name="@AfterSuite close" time="0.0">
    <ignored/>
  </testcase> <!-- @AfterSuite close -->
  <testcase classname="utils.WebTestBase" name="@AfterSuite close" time="0.0">
    <ignored/>
  </testcase> <!-- @AfterSuite close -->
  <testcase classname="utils.WebTestBase" name="@AfterSuite close" time="0.0">
    <ignored/>
  </testcase> <!-- @AfterSuite close -->
  <testcase classname="utils.WebTestBase" name="@AfterSuite close" time="0.0">
    <ignored/>
  </testcase> <!-- @AfterSuite close -->
  <testcase classname="utils.WebTestBase" name="@AfterSuite close" time="0.0">
    <ignored/>
  </testcase> <!-- @AfterSuite close -->
  <testcase classname="utils.WebTestBase" name="@AfterSuite close" time="0.0">
    <ignored/>
  </testcase> <!-- @AfterSuite close -->
  <testcase classname="utils.WebTestBase" name="@AfterSuite close" time="0.0">
    <ignored/>
  </testcase> <!-- @AfterSuite close -->
  <testcase classname="utils.WebTestBase" name="@AfterSuite close" time="0.0">
    <ignored/>
  </testcase> <!-- @AfterSuite close -->
  <testcase classname="utils.WebTestBase" name="@AfterSuite close" time="0.0">
    <ignored/>
  </testcase> <!-- @AfterSuite close -->
  <testcase classname="utils.WebTestBase" name="@AfterSuite close" time="0.0">
    <ignored/>
  </testcase> <!-- @AfterSuite close -->
  <testcase classname="utils.WebTestBase" name="@AfterSuite close" time="0.0">
    <ignored/>
  </testcase> <!-- @AfterSuite close -->
  <testcase classname="utils.WebTestBase" name="@AfterSuite close" time="0.0">
    <ignored/>
  </testcase> <!-- @AfterSuite close -->
  <testcase classname="utils.WebTestBase" name="@AfterSuite close" time="0.0">
    <ignored/>
  </testcase> <!-- @AfterSuite close -->
  <testcase classname="utils.WebTestBase" name="@AfterSuite close" time="0.0">
    <ignored/>
  </testcase> <!-- @AfterSuite close -->
  <testcase classname="utils.WebTestBase" name="@AfterSuite close" time="0.0">
    <ignored/>
  </testcase> <!-- @AfterSuite close -->
  <testcase classname="utils.WebTestBase" name="@AfterSuite close" time="0.0">
    <ignored/>
  </testcase> <!-- @AfterSuite close -->
</testsuite> <!-- Test -->
