<?xml version="1.0" encoding="UTF-8"?>
<!-- Generated by org.testng.reporters.JUnitXMLReporter -->
<testsuite ignored="0" hostname="COG-WIN-MAC03" failures="0" tests="12" name="Default test" time="679.208" errors="0" timestamp="2022-12-12T14:29:47 IST">
  <testcase classname="testcases.HiringTest" name="ValidateClickTestingOfCandidateListPage" time="64.981"/>
  <testcase classname="testcases.HiringTest" name="ValidateClickTestingOfConsultantListListPage" time="61.816"/>
  <testcase classname="testcases.HiringTest" name="ValidateClickTestingOfGroupListListPage" time="55.992"/>
  <testcase classname="testcases.HiringTest" name="ValidateClickTestingOfjobListListPage" time="81.075"/>
  <testcase classname="testcases.HiringTest" name="ValidateClickTestingOfjobPostReportPage" time="35.344"/>
  <testcase classname="testcases.HiringTest" name="ValidateClickTestingOfJobRequisitionPage" time="47.767"/>
  <testcase classname="testcases.HiringTest" name="ValidateClickTestingOfOffboardEmployeeListPage" time="52.898"/>
  <testcase classname="testcases.HiringTest" name="ValidateClickTestingOfPolicyPage" time="57.307"/>
  <testcase classname="testcases.HiringTest" name="ValidateClickTestingOfResignationPage" time="63.227"/>
  <testcase classname="testcases.HiringTest" name="ValidateClickTestingOfSertvicePage" time="34.334"/>
  <testcase classname="testcases.HiringTest" name="ValidateClickTestingOfTalentPoolListPage" time="59.483"/>
  <testcase classname="testcases.HiringTest" name="ValidateClickTestingOfVendorListingPage" time="52.789"/>
</testsuite> <!-- Default test -->
