<?xml version="1.0" encoding="UTF-8"?>
<!-- Generated by org.testng.reporters.JUnitXMLReporter -->
<testsuite ignored="0" hostname="COG-WIN-MAC03" failures="0" tests="20" name="Default test" time="1229.824" errors="0" timestamp="2022-11-08T18:17:34 IST">
  <testcase classname="testcases.CrmTest" name="ValidateClickTestingOfAccountsPage" time="47.939"/>
  <testcase classname="testcases.CrmTest" name="ValidateClickTestingOfBrandPage" time="51.75"/>
  <testcase classname="testcases.CrmTest" name="ValidateClickTestingOfCampaignPage" time="59.325"/>
  <testcase classname="testcases.CrmTest" name="ValidateClickTestingOfCommunicationPage" time="67.325"/>
  <testcase classname="testcases.CrmTest" name="ValidateClickTestingOfContactsPage" time="71.103"/>
  <testcase classname="testcases.CrmTest" name="ValidateClickTestingOfContractsPage" time="57.064"/>
  <testcase classname="testcases.CrmTest" name="ValidateClickTestingOfCRMReportPage" time="34.107"/>
  <testcase classname="testcases.CrmTest" name="ValidateClickTestingOfDEalsPage" time="54.495"/>
  <testcase classname="testcases.CrmTest" name="ValidateClickTestingOfgoodsInwardPage" time="50.286"/>
  <testcase classname="testcases.CrmTest" name="ValidateClickTestingOfInvoicePage" time="48.25"/>
  <testcase classname="testcases.CrmTest" name="ValidateClickTestingOfProductTypePage" time="61.272"/>
  <testcase classname="testcases.CrmTest" name="ValidateClickTestingOfLeadPage" time="72.514"/>
  <testcase classname="testcases.CrmTest" name="ValidateClickTestingOfManageProductPage" time="103.71"/>
  <testcase classname="testcases.CrmTest" name="ValidateClickTestingOfPriceBookPage" time="62.237"/>
  <testcase classname="testcases.CrmTest" name="ValidateClickTestingOfProductPage" time="58.798"/>
  <testcase classname="testcases.CrmTest" name="ValidateClickTestingOfPurchaseOrderPage" time="66.735"/>
  <testcase classname="testcases.CrmTest" name="ValidateClickTestingOfQuotePage" time="62.405"/>
  <testcase classname="testcases.CrmTest" name="ValidateClickTestingOfSalesOrderPage" time="66.027"/>
  <testcase classname="testcases.CrmTest" name="ValidateClickTestingOfStagesPage" time="62.245"/>
  <testcase classname="testcases.CrmTest" name="ValidateClickTestingOfVendorPage" time="58.838"/>
</testsuite> <!-- Default test -->
