<?xml version="1.0" encoding="UTF-8"?>
<testng-results ignored="23" total="247" passed="196" failed="26" skipped="2">
  <reporter-output>
  </reporter-output>
  <suite started-at="2023-06-29T01:46:15 IST" name="Suite" finished-at="2023-06-29T05:36:19 IST" duration-ms="13804457">
    <groups>
    </groups>
    <test started-at="2023-06-29T01:46:15 IST" name="Test" finished-at="2023-06-29T05:36:19 IST" duration-ms="13804457">
      <class name="testcases.CompanySetUpTest">
        <test-method is-config="true" signature="setUp()[pri:0, instance:testcases.CompanySetUpTest@2a4fb17b]" started-at="2023-06-29T03:38:06 IST" name="setUp" finished-at="2023-06-29T03:38:14 IST" duration-ms="8124" status="PASS">
          <reporter-output>
          </reporter-output>
        </test-method> <!-- setUp -->
        <test-method is-config="true" signature="beforeMethod(java.lang.reflect.Method)[pri:0, instance:testcases.CompanySetUpTest@2a4fb17b]" started-at="2023-06-29T03:38:14 IST" name="beforeMethod" finished-at="2023-06-29T03:38:14 IST" duration-ms="1" status="PASS">
          <params>
            <param index="0">
              <value>
                <![CDATA[public void testcases.CompanySetUpTest.ValidateClickTestingOfClientPage()]]>
              </value>
            </param>
          </params>
          <reporter-output>
          </reporter-output>
        </test-method> <!-- beforeMethod -->
        <test-method signature="ValidateClickTestingOfClientPage()[pri:0, instance:testcases.CompanySetUpTest@2a4fb17b]" started-at="2023-06-29T03:38:14 IST" name="ValidateClickTestingOfClientPage" finished-at="2023-06-29T03:39:21 IST" duration-ms="67617" status="PASS">
          <reporter-output>
          </reporter-output>
        </test-method> <!-- ValidateClickTestingOfClientPage -->
        <test-method is-config="true" signature="reportWrapUp(org.testng.ITestResult,java.lang.reflect.Method)[pri:0, instance:testcases.CompanySetUpTest@2a4fb17b]" started-at="2023-06-29T03:39:21 IST" name="reportWrapUp" finished-at="2023-06-29T03:39:21 IST" duration-ms="0" status="PASS">
          <params>
            <param index="0">
              <value>
                <![CDATA[[TestResult name=ValidateClickTestingOfClientPage status=SUCCESS method=CompanySetUpTest.ValidateClickTestingOfClientPage()[pri:0, instance:testcases.CompanySetUpTest@2a4fb17b] output={null}]]]>
              </value>
            </param>
            <param index="1">
              <value>
                <![CDATA[public void testcases.CompanySetUpTest.ValidateClickTestingOfClientPage()]]>
              </value>
            </param>
          </params>
          <reporter-output>
          </reporter-output>
        </test-method> <!-- reportWrapUp -->
        <test-method is-config="true" signature="beforeMethod(java.lang.reflect.Method)[pri:0, instance:testcases.CompanySetUpTest@2a4fb17b]" started-at="2023-06-29T03:39:21 IST" name="beforeMethod" finished-at="2023-06-29T03:39:21 IST" duration-ms="0" status="PASS">
          <params>
            <param index="0">
              <value>
                <![CDATA[public void testcases.CompanySetUpTest.ValidateClickTestingOfCompanyDirectoryPage()]]>
              </value>
            </param>
          </params>
          <reporter-output>
          </reporter-output>
        </test-method> <!-- beforeMethod -->
        <test-method signature="ValidateClickTestingOfCompanyDirectoryPage()[pri:1, instance:testcases.CompanySetUpTest@2a4fb17b]" started-at="2023-06-29T03:39:21 IST" name="ValidateClickTestingOfCompanyDirectoryPage" finished-at="2023-06-29T03:39:57 IST" duration-ms="35866" status="PASS">
          <reporter-output>
          </reporter-output>
        </test-method> <!-- ValidateClickTestingOfCompanyDirectoryPage -->
        <test-method is-config="true" signature="reportWrapUp(org.testng.ITestResult,java.lang.reflect.Method)[pri:0, instance:testcases.CompanySetUpTest@2a4fb17b]" started-at="2023-06-29T03:39:57 IST" name="reportWrapUp" finished-at="2023-06-29T03:39:57 IST" duration-ms="1" status="PASS">
          <params>
            <param index="0">
              <value>
                <![CDATA[[TestResult name=ValidateClickTestingOfCompanyDirectoryPage status=SUCCESS method=CompanySetUpTest.ValidateClickTestingOfCompanyDirectoryPage()[pri:1, instance:testcases.CompanySetUpTest@2a4fb17b] output={null}]]]>
              </value>
            </param>
            <param index="1">
              <value>
                <![CDATA[public void testcases.CompanySetUpTest.ValidateClickTestingOfCompanyDirectoryPage()]]>
              </value>
            </param>
          </params>
          <reporter-output>
          </reporter-output>
        </test-method> <!-- reportWrapUp -->
        <test-method is-config="true" signature="beforeMethod(java.lang.reflect.Method)[pri:0, instance:testcases.CompanySetUpTest@2a4fb17b]" started-at="2023-06-29T03:39:57 IST" name="beforeMethod" finished-at="2023-06-29T03:39:57 IST" duration-ms="1" status="PASS">
          <params>
            <param index="0">
              <value>
                <![CDATA[public void testcases.CompanySetUpTest.ValidateClickTestingOfCompanySetupPage()]]>
              </value>
            </param>
          </params>
          <reporter-output>
          </reporter-output>
        </test-method> <!-- beforeMethod -->
        <test-method signature="ValidateClickTestingOfCompanySetupPage()[pri:2, instance:testcases.CompanySetUpTest@2a4fb17b]" started-at="2023-06-29T03:39:57 IST" name="ValidateClickTestingOfCompanySetupPage" finished-at="2023-06-29T03:40:37 IST" duration-ms="39436" status="PASS">
          <reporter-output>
          </reporter-output>
        </test-method> <!-- ValidateClickTestingOfCompanySetupPage -->
        <test-method is-config="true" signature="reportWrapUp(org.testng.ITestResult,java.lang.reflect.Method)[pri:0, instance:testcases.CompanySetUpTest@2a4fb17b]" started-at="2023-06-29T03:40:37 IST" name="reportWrapUp" finished-at="2023-06-29T03:40:37 IST" duration-ms="0" status="PASS">
          <params>
            <param index="0">
              <value>
                <![CDATA[[TestResult name=ValidateClickTestingOfCompanySetupPage status=SUCCESS method=CompanySetUpTest.ValidateClickTestingOfCompanySetupPage()[pri:2, instance:testcases.CompanySetUpTest@2a4fb17b] output={null}]]]>
              </value>
            </param>
            <param index="1">
              <value>
                <![CDATA[public void testcases.CompanySetUpTest.ValidateClickTestingOfCompanySetupPage()]]>
              </value>
            </param>
          </params>
          <reporter-output>
          </reporter-output>
        </test-method> <!-- reportWrapUp -->
        <test-method signature="ValidateClickTestingOfConfigurationPage()[pri:3, instance:testcases.CompanySetUpTest@2a4fb17b]" started-at="2023-06-29T03:40:37 IST" name="ValidateClickTestingOfConfigurationPage" finished-at="2023-06-29T03:41:24 IST" duration-ms="47076" status="PASS">
          <reporter-output>
          </reporter-output>
        </test-method> <!-- ValidateClickTestingOfConfigurationPage -->
        <test-method is-config="true" signature="beforeMethod(java.lang.reflect.Method)[pri:0, instance:testcases.CompanySetUpTest@2a4fb17b]" started-at="2023-06-29T03:40:37 IST" name="beforeMethod" finished-at="2023-06-29T03:40:37 IST" duration-ms="0" status="PASS">
          <params>
            <param index="0">
              <value>
                <![CDATA[public void testcases.CompanySetUpTest.ValidateClickTestingOfConfigurationPage()]]>
              </value>
            </param>
          </params>
          <reporter-output>
          </reporter-output>
        </test-method> <!-- beforeMethod -->
        <test-method is-config="true" signature="reportWrapUp(org.testng.ITestResult,java.lang.reflect.Method)[pri:0, instance:testcases.CompanySetUpTest@2a4fb17b]" started-at="2023-06-29T03:41:24 IST" name="reportWrapUp" finished-at="2023-06-29T03:41:24 IST" duration-ms="0" status="PASS">
          <params>
            <param index="0">
              <value>
                <![CDATA[[TestResult name=ValidateClickTestingOfConfigurationPage status=SUCCESS method=CompanySetUpTest.ValidateClickTestingOfConfigurationPage()[pri:3, instance:testcases.CompanySetUpTest@2a4fb17b] output={null}]]]>
              </value>
            </param>
            <param index="1">
              <value>
                <![CDATA[public void testcases.CompanySetUpTest.ValidateClickTestingOfConfigurationPage()]]>
              </value>
            </param>
          </params>
          <reporter-output>
          </reporter-output>
        </test-method> <!-- reportWrapUp -->
        <test-method is-config="true" signature="beforeMethod(java.lang.reflect.Method)[pri:0, instance:testcases.CompanySetUpTest@2a4fb17b]" started-at="2023-06-29T03:41:24 IST" name="beforeMethod" finished-at="2023-06-29T03:41:24 IST" duration-ms="1" status="PASS">
          <params>
            <param index="0">
              <value>
                <![CDATA[public void testcases.CompanySetUpTest.ValidateClickTestingOfContextMenuPage()]]>
              </value>
            </param>
          </params>
          <reporter-output>
          </reporter-output>
        </test-method> <!-- beforeMethod -->
        <test-method signature="ValidateClickTestingOfContextMenuPage()[pri:4, instance:testcases.CompanySetUpTest@2a4fb17b]" started-at="2023-06-29T03:41:24 IST" name="ValidateClickTestingOfContextMenuPage" finished-at="2023-06-29T03:41:59 IST" duration-ms="35701" status="PASS">
          <reporter-output>
          </reporter-output>
        </test-method> <!-- ValidateClickTestingOfContextMenuPage -->
        <test-method is-config="true" signature="reportWrapUp(org.testng.ITestResult,java.lang.reflect.Method)[pri:0, instance:testcases.CompanySetUpTest@2a4fb17b]" started-at="2023-06-29T03:41:59 IST" name="reportWrapUp" finished-at="2023-06-29T03:41:59 IST" duration-ms="1" status="PASS">
          <params>
            <param index="0">
              <value>
                <![CDATA[[TestResult name=ValidateClickTestingOfContextMenuPage status=SUCCESS method=CompanySetUpTest.ValidateClickTestingOfContextMenuPage()[pri:4, instance:testcases.CompanySetUpTest@2a4fb17b] output={null}]]]>
              </value>
            </param>
            <param index="1">
              <value>
                <![CDATA[public void testcases.CompanySetUpTest.ValidateClickTestingOfContextMenuPage()]]>
              </value>
            </param>
          </params>
          <reporter-output>
          </reporter-output>
        </test-method> <!-- reportWrapUp -->
        <test-method is-config="true" signature="beforeMethod(java.lang.reflect.Method)[pri:0, instance:testcases.CompanySetUpTest@2a4fb17b]" started-at="2023-06-29T03:41:59 IST" name="beforeMethod" finished-at="2023-06-29T03:41:59 IST" duration-ms="0" status="PASS">
          <params>
            <param index="0">
              <value>
                <![CDATA[public void testcases.CompanySetUpTest.ValidateClickTestingOfHoliDayBankPage()]]>
              </value>
            </param>
          </params>
          <reporter-output>
          </reporter-output>
        </test-method> <!-- beforeMethod -->
        <test-method signature="ValidateClickTestingOfHoliDayBankPage()[pri:5, instance:testcases.CompanySetUpTest@2a4fb17b]" started-at="2023-06-29T03:41:59 IST" name="ValidateClickTestingOfHoliDayBankPage" finished-at="2023-06-29T03:43:12 IST" duration-ms="72340" status="PASS">
          <reporter-output>
          </reporter-output>
        </test-method> <!-- ValidateClickTestingOfHoliDayBankPage -->
        <test-method is-config="true" signature="reportWrapUp(org.testng.ITestResult,java.lang.reflect.Method)[pri:0, instance:testcases.CompanySetUpTest@2a4fb17b]" started-at="2023-06-29T03:43:12 IST" name="reportWrapUp" finished-at="2023-06-29T03:43:12 IST" duration-ms="1" status="PASS">
          <params>
            <param index="0">
              <value>
                <![CDATA[[TestResult name=ValidateClickTestingOfHoliDayBankPage status=SUCCESS method=CompanySetUpTest.ValidateClickTestingOfHoliDayBankPage()[pri:5, instance:testcases.CompanySetUpTest@2a4fb17b] output={null}]]]>
              </value>
            </param>
            <param index="1">
              <value>
                <![CDATA[public void testcases.CompanySetUpTest.ValidateClickTestingOfHoliDayBankPage()]]>
              </value>
            </param>
          </params>
          <reporter-output>
          </reporter-output>
        </test-method> <!-- reportWrapUp -->
        <test-method is-config="true" signature="beforeMethod(java.lang.reflect.Method)[pri:0, instance:testcases.CompanySetUpTest@2a4fb17b]" started-at="2023-06-29T03:43:12 IST" name="beforeMethod" finished-at="2023-06-29T03:43:12 IST" duration-ms="0" status="PASS">
          <params>
            <param index="0">
              <value>
                <![CDATA[public void testcases.CompanySetUpTest.ValidateClickTestingOfManageSubscriptionPage()]]>
              </value>
            </param>
          </params>
          <reporter-output>
          </reporter-output>
        </test-method> <!-- beforeMethod -->
        <test-method signature="ValidateClickTestingOfManageSubscriptionPage()[pri:6, instance:testcases.CompanySetUpTest@2a4fb17b]" started-at="2023-06-29T03:43:12 IST" name="ValidateClickTestingOfManageSubscriptionPage" finished-at="2023-06-29T03:43:49 IST" duration-ms="37039" status="PASS">
          <reporter-output>
          </reporter-output>
        </test-method> <!-- ValidateClickTestingOfManageSubscriptionPage -->
        <test-method is-config="true" signature="reportWrapUp(org.testng.ITestResult,java.lang.reflect.Method)[pri:0, instance:testcases.CompanySetUpTest@2a4fb17b]" started-at="2023-06-29T03:43:49 IST" name="reportWrapUp" finished-at="2023-06-29T03:43:49 IST" duration-ms="1" status="PASS">
          <params>
            <param index="0">
              <value>
                <![CDATA[[TestResult name=ValidateClickTestingOfManageSubscriptionPage status=SUCCESS method=CompanySetUpTest.ValidateClickTestingOfManageSubscriptionPage()[pri:6, instance:testcases.CompanySetUpTest@2a4fb17b] output={null}]]]>
              </value>
            </param>
            <param index="1">
              <value>
                <![CDATA[public void testcases.CompanySetUpTest.ValidateClickTestingOfManageSubscriptionPage()]]>
              </value>
            </param>
          </params>
          <reporter-output>
          </reporter-output>
        </test-method> <!-- reportWrapUp -->
        <test-method is-config="true" signature="beforeMethod(java.lang.reflect.Method)[pri:0, instance:testcases.CompanySetUpTest@2a4fb17b]" started-at="2023-06-29T03:43:49 IST" name="beforeMethod" finished-at="2023-06-29T03:43:49 IST" duration-ms="0" status="PASS">
          <params>
            <param index="0">
              <value>
                <![CDATA[public void testcases.CompanySetUpTest.ValidateClickTestingOfManageTaxPage()]]>
              </value>
            </param>
          </params>
          <reporter-output>
          </reporter-output>
        </test-method> <!-- beforeMethod -->
        <test-method signature="ValidateClickTestingOfManageTaxPage()[pri:7, instance:testcases.CompanySetUpTest@2a4fb17b]" started-at="2023-06-29T03:43:49 IST" name="ValidateClickTestingOfManageTaxPage" finished-at="2023-06-29T03:46:14 IST" duration-ms="145598" status="PASS">
          <reporter-output>
          </reporter-output>
        </test-method> <!-- ValidateClickTestingOfManageTaxPage -->
        <test-method is-config="true" signature="reportWrapUp(org.testng.ITestResult,java.lang.reflect.Method)[pri:0, instance:testcases.CompanySetUpTest@2a4fb17b]" started-at="2023-06-29T03:46:14 IST" name="reportWrapUp" finished-at="2023-06-29T03:46:14 IST" duration-ms="0" status="PASS">
          <params>
            <param index="0">
              <value>
                <![CDATA[[TestResult name=ValidateClickTestingOfManageTaxPage status=SUCCESS method=CompanySetUpTest.ValidateClickTestingOfManageTaxPage()[pri:7, instance:testcases.CompanySetUpTest@2a4fb17b] output={null}]]]>
              </value>
            </param>
            <param index="1">
              <value>
                <![CDATA[public void testcases.CompanySetUpTest.ValidateClickTestingOfManageTaxPage()]]>
              </value>
            </param>
          </params>
          <reporter-output>
          </reporter-output>
        </test-method> <!-- reportWrapUp -->
        <test-method is-config="true" signature="beforeMethod(java.lang.reflect.Method)[pri:0, instance:testcases.CompanySetUpTest@2a4fb17b]" started-at="2023-06-29T03:46:14 IST" name="beforeMethod" finished-at="2023-06-29T03:46:14 IST" duration-ms="0" status="PASS">
          <params>
            <param index="0">
              <value>
                <![CDATA[public void testcases.CompanySetUpTest.ValidateClickTestingOfResourceApprovalPage()]]>
              </value>
            </param>
          </params>
          <reporter-output>
          </reporter-output>
        </test-method> <!-- beforeMethod -->
        <test-method signature="ValidateClickTestingOfResourceApprovalPage()[pri:8, instance:testcases.CompanySetUpTest@2a4fb17b]" started-at="2023-06-29T03:46:14 IST" name="ValidateClickTestingOfResourceApprovalPage" finished-at="2023-06-29T03:46:54 IST" duration-ms="39201" status="PASS">
          <reporter-output>
          </reporter-output>
        </test-method> <!-- ValidateClickTestingOfResourceApprovalPage -->
        <test-method is-config="true" signature="reportWrapUp(org.testng.ITestResult,java.lang.reflect.Method)[pri:0, instance:testcases.CompanySetUpTest@2a4fb17b]" started-at="2023-06-29T03:46:54 IST" name="reportWrapUp" finished-at="2023-06-29T03:46:54 IST" duration-ms="0" status="PASS">
          <params>
            <param index="0">
              <value>
                <![CDATA[[TestResult name=ValidateClickTestingOfResourceApprovalPage status=SUCCESS method=CompanySetUpTest.ValidateClickTestingOfResourceApprovalPage()[pri:8, instance:testcases.CompanySetUpTest@2a4fb17b] output={null}]]]>
              </value>
            </param>
            <param index="1">
              <value>
                <![CDATA[public void testcases.CompanySetUpTest.ValidateClickTestingOfResourceApprovalPage()]]>
              </value>
            </param>
          </params>
          <reporter-output>
          </reporter-output>
        </test-method> <!-- reportWrapUp -->
        <test-method is-config="true" signature="beforeMethod(java.lang.reflect.Method)[pri:0, instance:testcases.CompanySetUpTest@2a4fb17b]" started-at="2023-06-29T03:46:54 IST" name="beforeMethod" finished-at="2023-06-29T03:46:54 IST" duration-ms="0" status="PASS">
          <params>
            <param index="0">
              <value>
                <![CDATA[public void testcases.CompanySetUpTest.ValidateClickTestingOfRolesPage()]]>
              </value>
            </param>
          </params>
          <reporter-output>
          </reporter-output>
        </test-method> <!-- beforeMethod -->
        <test-method signature="ValidateClickTestingOfRolesPage()[pri:9, instance:testcases.CompanySetUpTest@2a4fb17b]" started-at="2023-06-29T03:46:54 IST" name="ValidateClickTestingOfRolesPage" finished-at="2023-06-29T03:47:35 IST" duration-ms="41321" status="PASS">
          <reporter-output>
          </reporter-output>
        </test-method> <!-- ValidateClickTestingOfRolesPage -->
        <test-method is-config="true" signature="reportWrapUp(org.testng.ITestResult,java.lang.reflect.Method)[pri:0, instance:testcases.CompanySetUpTest@2a4fb17b]" started-at="2023-06-29T03:47:35 IST" name="reportWrapUp" finished-at="2023-06-29T03:47:35 IST" duration-ms="0" status="PASS">
          <params>
            <param index="0">
              <value>
                <![CDATA[[TestResult name=ValidateClickTestingOfRolesPage status=SUCCESS method=CompanySetUpTest.ValidateClickTestingOfRolesPage()[pri:9, instance:testcases.CompanySetUpTest@2a4fb17b] output={null}]]]>
              </value>
            </param>
            <param index="1">
              <value>
                <![CDATA[public void testcases.CompanySetUpTest.ValidateClickTestingOfRolesPage()]]>
              </value>
            </param>
          </params>
          <reporter-output>
          </reporter-output>
        </test-method> <!-- reportWrapUp -->
        <test-method is-config="true" signature="beforeMethod(java.lang.reflect.Method)[pri:0, instance:testcases.CompanySetUpTest@2a4fb17b]" started-at="2023-06-29T03:47:35 IST" name="beforeMethod" finished-at="2023-06-29T03:47:35 IST" duration-ms="0" status="PASS">
          <params>
            <param index="0">
              <value>
                <![CDATA[public void testcases.CompanySetUpTest.ValidateClickTestingOfUserPage()]]>
              </value>
            </param>
          </params>
          <reporter-output>
          </reporter-output>
        </test-method> <!-- beforeMethod -->
        <test-method signature="ValidateClickTestingOfUserPage()[pri:10, instance:testcases.CompanySetUpTest@2a4fb17b]" started-at="2023-06-29T03:47:35 IST" name="ValidateClickTestingOfUserPage" finished-at="2023-06-29T03:48:35 IST" duration-ms="60417" status="PASS">
          <reporter-output>
          </reporter-output>
        </test-method> <!-- ValidateClickTestingOfUserPage -->
        <test-method is-config="true" signature="reportWrapUp(org.testng.ITestResult,java.lang.reflect.Method)[pri:0, instance:testcases.CompanySetUpTest@2a4fb17b]" started-at="2023-06-29T03:48:35 IST" name="reportWrapUp" finished-at="2023-06-29T03:48:35 IST" duration-ms="1" status="PASS">
          <params>
            <param index="0">
              <value>
                <![CDATA[[TestResult name=ValidateClickTestingOfUserPage status=SUCCESS method=CompanySetUpTest.ValidateClickTestingOfUserPage()[pri:10, instance:testcases.CompanySetUpTest@2a4fb17b] output={null}]]]>
              </value>
            </param>
            <param index="1">
              <value>
                <![CDATA[public void testcases.CompanySetUpTest.ValidateClickTestingOfUserPage()]]>
              </value>
            </param>
          </params>
          <reporter-output>
          </reporter-output>
        </test-method> <!-- reportWrapUp -->
        <test-method is-config="true" signature="beforeMethod(java.lang.reflect.Method)[pri:0, instance:testcases.CompanySetUpTest@2a4fb17b]" started-at="2023-06-29T03:48:35 IST" name="beforeMethod" finished-at="2023-06-29T03:48:35 IST" duration-ms="1" status="PASS">
          <params>
            <param index="0">
              <value>
                <![CDATA[public void testcases.CompanySetUpTest.ValidateClickTestingOfSearchVendorsPage()]]>
              </value>
            </param>
          </params>
          <reporter-output>
          </reporter-output>
        </test-method> <!-- beforeMethod -->
        <test-method signature="ValidateClickTestingOfSearchVendorsPage()[pri:11, instance:testcases.CompanySetUpTest@2a4fb17b]" started-at="2023-06-29T03:48:35 IST" name="ValidateClickTestingOfSearchVendorsPage" finished-at="2023-06-29T03:49:45 IST" duration-ms="69670" status="PASS">
          <reporter-output>
          </reporter-output>
        </test-method> <!-- ValidateClickTestingOfSearchVendorsPage -->
        <test-method is-config="true" signature="closeBrowser()[pri:0, instance:testcases.CompanySetUpTest@2a4fb17b]" started-at="2023-06-29T03:49:45 IST" name="closeBrowser" finished-at="2023-06-29T03:49:46 IST" duration-ms="661" status="PASS">
          <reporter-output>
          </reporter-output>
        </test-method> <!-- closeBrowser -->
        <test-method is-config="true" signature="reportWrapUp(org.testng.ITestResult,java.lang.reflect.Method)[pri:0, instance:testcases.CompanySetUpTest@2a4fb17b]" started-at="2023-06-29T03:49:45 IST" name="reportWrapUp" finished-at="2023-06-29T03:49:45 IST" duration-ms="0" status="PASS">
          <params>
            <param index="0">
              <value>
                <![CDATA[[TestResult name=ValidateClickTestingOfSearchVendorsPage status=SUCCESS method=CompanySetUpTest.ValidateClickTestingOfSearchVendorsPage()[pri:11, instance:testcases.CompanySetUpTest@2a4fb17b] output={null}]]]>
              </value>
            </param>
            <param index="1">
              <value>
                <![CDATA[public void testcases.CompanySetUpTest.ValidateClickTestingOfSearchVendorsPage()]]>
              </value>
            </param>
          </params>
          <reporter-output>
          </reporter-output>
        </test-method> <!-- reportWrapUp -->
      </class> <!-- testcases.CompanySetUpTest -->
      <class name="testcases.CommunicationTest">
        <test-method is-config="true" signature="setUp()[pri:0, instance:testcases.CommunicationTest@7c7b252e]" started-at="2023-06-29T05:03:53 IST" name="setUp" finished-at="2023-06-29T05:04:02 IST" duration-ms="9072" status="PASS">
          <reporter-output>
          </reporter-output>
        </test-method> <!-- setUp -->
        <test-method is-config="true" signature="beforeMethod(java.lang.reflect.Method)[pri:0, instance:testcases.CommunicationTest@7c7b252e]" started-at="2023-06-29T05:04:02 IST" name="beforeMethod" finished-at="2023-06-29T05:04:02 IST" duration-ms="1" status="PASS">
          <params>
            <param index="0">
              <value>
                <![CDATA[public void testcases.CommunicationTest.ValidateClickTestingOfIVRPage()]]>
              </value>
            </param>
          </params>
          <reporter-output>
          </reporter-output>
        </test-method> <!-- beforeMethod -->
        <test-method signature="ValidateClickTestingOfIVRPage()[pri:0, instance:testcases.CommunicationTest@7c7b252e]" started-at="2023-06-29T05:04:02 IST" name="ValidateClickTestingOfIVRPage" finished-at="2023-06-29T05:04:46 IST" duration-ms="43444" status="PASS">
          <reporter-output>
          </reporter-output>
        </test-method> <!-- ValidateClickTestingOfIVRPage -->
        <test-method is-config="true" signature="reportWrapUp(org.testng.ITestResult,java.lang.reflect.Method)[pri:0, instance:testcases.CommunicationTest@7c7b252e]" started-at="2023-06-29T05:04:46 IST" name="reportWrapUp" finished-at="2023-06-29T05:04:46 IST" duration-ms="1" status="PASS">
          <params>
            <param index="0">
              <value>
                <![CDATA[[TestResult name=ValidateClickTestingOfIVRPage status=SUCCESS method=CommunicationTest.ValidateClickTestingOfIVRPage()[pri:0, instance:testcases.CommunicationTest@7c7b252e] output={null}]]]>
              </value>
            </param>
            <param index="1">
              <value>
                <![CDATA[public void testcases.CommunicationTest.ValidateClickTestingOfIVRPage()]]>
              </value>
            </param>
          </params>
          <reporter-output>
          </reporter-output>
        </test-method> <!-- reportWrapUp -->
        <test-method is-config="true" signature="beforeMethod(java.lang.reflect.Method)[pri:0, instance:testcases.CommunicationTest@7c7b252e]" started-at="2023-06-29T05:04:46 IST" name="beforeMethod" finished-at="2023-06-29T05:04:46 IST" duration-ms="1" status="PASS">
          <params>
            <param index="0">
              <value>
                <![CDATA[public void testcases.CommunicationTest.ValidateClickTestingOfMeetingRecordingListPage()]]>
              </value>
            </param>
          </params>
          <reporter-output>
          </reporter-output>
        </test-method> <!-- beforeMethod -->
        <test-method signature="ValidateClickTestingOfMeetingRecordingListPage()[pri:1, instance:testcases.CommunicationTest@7c7b252e]" started-at="2023-06-29T05:04:46 IST" name="ValidateClickTestingOfMeetingRecordingListPage" finished-at="2023-06-29T05:05:23 IST" duration-ms="37810" status="PASS">
          <reporter-output>
          </reporter-output>
        </test-method> <!-- ValidateClickTestingOfMeetingRecordingListPage -->
        <test-method is-config="true" signature="reportWrapUp(org.testng.ITestResult,java.lang.reflect.Method)[pri:0, instance:testcases.CommunicationTest@7c7b252e]" started-at="2023-06-29T05:05:23 IST" name="reportWrapUp" finished-at="2023-06-29T05:05:23 IST" duration-ms="1" status="PASS">
          <params>
            <param index="0">
              <value>
                <![CDATA[[TestResult name=ValidateClickTestingOfMeetingRecordingListPage status=SUCCESS method=CommunicationTest.ValidateClickTestingOfMeetingRecordingListPage()[pri:1, instance:testcases.CommunicationTest@7c7b252e] output={null}]]]>
              </value>
            </param>
            <param index="1">
              <value>
                <![CDATA[public void testcases.CommunicationTest.ValidateClickTestingOfMeetingRecordingListPage()]]>
              </value>
            </param>
          </params>
          <reporter-output>
          </reporter-output>
        </test-method> <!-- reportWrapUp -->
        <test-method is-config="true" signature="beforeMethod(java.lang.reflect.Method)[pri:0, instance:testcases.CommunicationTest@7c7b252e]" started-at="2023-06-29T05:05:23 IST" name="beforeMethod" finished-at="2023-06-29T05:05:23 IST" duration-ms="0" status="PASS">
          <params>
            <param index="0">
              <value>
                <![CDATA[public void testcases.CommunicationTest.ValidateClickTestingOfMeetingsPage()]]>
              </value>
            </param>
          </params>
          <reporter-output>
          </reporter-output>
        </test-method> <!-- beforeMethod -->
        <test-method signature="ValidateClickTestingOfMeetingsPage()[pri:2, instance:testcases.CommunicationTest@7c7b252e]" started-at="2023-06-29T05:05:23 IST" name="ValidateClickTestingOfMeetingsPage" finished-at="2023-06-29T05:06:08 IST" duration-ms="45007" status="PASS">
          <reporter-output>
          </reporter-output>
        </test-method> <!-- ValidateClickTestingOfMeetingsPage -->
        <test-method is-config="true" signature="reportWrapUp(org.testng.ITestResult,java.lang.reflect.Method)[pri:0, instance:testcases.CommunicationTest@7c7b252e]" started-at="2023-06-29T05:06:08 IST" name="reportWrapUp" finished-at="2023-06-29T05:06:08 IST" duration-ms="1" status="PASS">
          <params>
            <param index="0">
              <value>
                <![CDATA[[TestResult name=ValidateClickTestingOfMeetingsPage status=SUCCESS method=CommunicationTest.ValidateClickTestingOfMeetingsPage()[pri:2, instance:testcases.CommunicationTest@7c7b252e] output={null}]]]>
              </value>
            </param>
            <param index="1">
              <value>
                <![CDATA[public void testcases.CommunicationTest.ValidateClickTestingOfMeetingsPage()]]>
              </value>
            </param>
          </params>
          <reporter-output>
          </reporter-output>
        </test-method> <!-- reportWrapUp -->
        <test-method signature="ValidateClickTestingOfUnifiedSetupPage()[pri:3, instance:testcases.CommunicationTest@7c7b252e]" started-at="2023-06-29T05:06:08 IST" name="ValidateClickTestingOfUnifiedSetupPage" finished-at="2023-06-29T05:06:52 IST" duration-ms="43953" status="PASS">
          <reporter-output>
          </reporter-output>
        </test-method> <!-- ValidateClickTestingOfUnifiedSetupPage -->
        <test-method is-config="true" signature="beforeMethod(java.lang.reflect.Method)[pri:0, instance:testcases.CommunicationTest@7c7b252e]" started-at="2023-06-29T05:06:08 IST" name="beforeMethod" finished-at="2023-06-29T05:06:08 IST" duration-ms="0" status="PASS">
          <params>
            <param index="0">
              <value>
                <![CDATA[public void testcases.CommunicationTest.ValidateClickTestingOfUnifiedSetupPage()]]>
              </value>
            </param>
          </params>
          <reporter-output>
          </reporter-output>
        </test-method> <!-- beforeMethod -->
        <test-method is-config="true" signature="reportWrapUp(org.testng.ITestResult,java.lang.reflect.Method)[pri:0, instance:testcases.CommunicationTest@7c7b252e]" started-at="2023-06-29T05:06:52 IST" name="reportWrapUp" finished-at="2023-06-29T05:06:52 IST" duration-ms="0" status="PASS">
          <params>
            <param index="0">
              <value>
                <![CDATA[[TestResult name=ValidateClickTestingOfUnifiedSetupPage status=SUCCESS method=CommunicationTest.ValidateClickTestingOfUnifiedSetupPage()[pri:3, instance:testcases.CommunicationTest@7c7b252e] output={null}]]]>
              </value>
            </param>
            <param index="1">
              <value>
                <![CDATA[public void testcases.CommunicationTest.ValidateClickTestingOfUnifiedSetupPage()]]>
              </value>
            </param>
          </params>
          <reporter-output>
          </reporter-output>
        </test-method> <!-- reportWrapUp -->
        <test-method is-config="true" signature="beforeMethod(java.lang.reflect.Method)[pri:0, instance:testcases.CommunicationTest@7c7b252e]" started-at="2023-06-29T05:06:52 IST" name="beforeMethod" finished-at="2023-06-29T05:06:52 IST" duration-ms="1" status="PASS">
          <params>
            <param index="0">
              <value>
                <![CDATA[public void testcases.CommunicationTest.ValidateClickTestingOfVideoRecordingListPage()]]>
              </value>
            </param>
          </params>
          <reporter-output>
          </reporter-output>
        </test-method> <!-- beforeMethod -->
        <test-method signature="ValidateClickTestingOfVideoRecordingListPage()[pri:4, instance:testcases.CommunicationTest@7c7b252e]" started-at="2023-06-29T05:06:52 IST" name="ValidateClickTestingOfVideoRecordingListPage" finished-at="2023-06-29T05:07:34 IST" duration-ms="41286" status="PASS">
          <reporter-output>
          </reporter-output>
        </test-method> <!-- ValidateClickTestingOfVideoRecordingListPage -->
        <test-method is-config="true" signature="reportWrapUp(org.testng.ITestResult,java.lang.reflect.Method)[pri:0, instance:testcases.CommunicationTest@7c7b252e]" started-at="2023-06-29T05:07:34 IST" name="reportWrapUp" finished-at="2023-06-29T05:07:34 IST" duration-ms="0" status="PASS">
          <params>
            <param index="0">
              <value>
                <![CDATA[[TestResult name=ValidateClickTestingOfVideoRecordingListPage status=SUCCESS method=CommunicationTest.ValidateClickTestingOfVideoRecordingListPage()[pri:4, instance:testcases.CommunicationTest@7c7b252e] output={null}]]]>
              </value>
            </param>
            <param index="1">
              <value>
                <![CDATA[public void testcases.CommunicationTest.ValidateClickTestingOfVideoRecordingListPage()]]>
              </value>
            </param>
          </params>
          <reporter-output>
          </reporter-output>
        </test-method> <!-- reportWrapUp -->
        <test-method is-config="true" signature="closeBrowser()[pri:0, instance:testcases.CommunicationTest@7c7b252e]" started-at="2023-06-29T05:07:34 IST" name="closeBrowser" finished-at="2023-06-29T05:07:34 IST" duration-ms="412" status="PASS">
          <reporter-output>
          </reporter-output>
        </test-method> <!-- closeBrowser -->
      </class> <!-- testcases.CommunicationTest -->
      <class name="testcases.DocumentStorageTest">
        <test-method is-config="true" signature="setUp()[pri:0, instance:testcases.DocumentStorageTest@4562e04d]" started-at="2023-06-29T03:20:59 IST" name="setUp" finished-at="2023-06-29T03:21:12 IST" duration-ms="13339" status="PASS">
          <reporter-output>
          </reporter-output>
        </test-method> <!-- setUp -->
        <test-method is-config="true" signature="beforeMethod(java.lang.reflect.Method)[pri:0, instance:testcases.DocumentStorageTest@4562e04d]" started-at="2023-06-29T03:21:12 IST" name="beforeMethod" finished-at="2023-06-29T03:21:12 IST" duration-ms="1" status="PASS">
          <params>
            <param index="0">
              <value>
                <![CDATA[public void testcases.DocumentStorageTest.ValidateClickTestingOfManageClientStoragePage()]]>
              </value>
            </param>
          </params>
          <reporter-output>
          </reporter-output>
        </test-method> <!-- beforeMethod -->
        <test-method signature="ValidateClickTestingOfManageClientStoragePage()[pri:0, instance:testcases.DocumentStorageTest@4562e04d]" started-at="2023-06-29T03:21:12 IST" name="ValidateClickTestingOfManageClientStoragePage" finished-at="2023-06-29T03:22:13 IST" duration-ms="61274" status="FAIL">
          <exception class="java.lang.AssertionError">
            <message>
              <![CDATA[Check Box -  element not present]]>
            </message>
            <full-stacktrace>
              <![CDATA[java.lang.AssertionError: Check Box -  element not present
at org.testng.Assert.fail(Assert.java:99)
at utils.WebBasePage.click(WebBasePage.java:126)
at pageobjects.DocumentStoragePage.clickOnCheckBox(DocumentStoragePage.java:49)
at action.DocumentStorageAction.GoToManageClientStoragePage(DocumentStorageAction.java:30)
at testcases.DocumentStorageTest.ValidateClickTestingOfManageClientStoragePage(DocumentStorageTest.java:27)
at java.base/jdk.internal.reflect.NativeMethodAccessorImpl.invoke0(Native Method)
at java.base/jdk.internal.reflect.NativeMethodAccessorImpl.invoke(NativeMethodAccessorImpl.java:77)
at java.base/jdk.internal.reflect.DelegatingMethodAccessorImpl.invoke(DelegatingMethodAccessorImpl.java:43)
at java.base/java.lang.reflect.Method.invoke(Method.java:568)
at org.testng.internal.MethodInvocationHelper.invokeMethod(MethodInvocationHelper.java:133)
at org.testng.internal.TestInvoker.invokeMethod(TestInvoker.java:598)
at org.testng.internal.TestInvoker.invokeTestMethod(TestInvoker.java:173)
at org.testng.internal.MethodRunner.runInSequence(MethodRunner.java:46)
at org.testng.internal.TestInvoker$MethodInvocationAgent.invoke(TestInvoker.java:824)
at org.testng.internal.TestInvoker.invokeTestMethods(TestInvoker.java:146)
at org.testng.internal.TestMethodWorker.invokeTestMethods(TestMethodWorker.java:146)
at org.testng.internal.TestMethodWorker.run(TestMethodWorker.java:128)
at java.base/java.util.ArrayList.forEach(ArrayList.java:1511)
at org.testng.TestRunner.privateRun(TestRunner.java:794)
at org.testng.TestRunner.run(TestRunner.java:596)
at org.testng.SuiteRunner.runTest(SuiteRunner.java:377)
at org.testng.SuiteRunner.runSequentially(SuiteRunner.java:371)
at org.testng.SuiteRunner.privateRun(SuiteRunner.java:332)
at org.testng.SuiteRunner.run(SuiteRunner.java:276)
at org.testng.SuiteRunnerWorker.runSuite(SuiteRunnerWorker.java:53)
at org.testng.SuiteRunnerWorker.run(SuiteRunnerWorker.java:96)
at org.testng.TestNG.runSuitesSequentially(TestNG.java:1212)
at org.testng.TestNG.runSuitesLocally(TestNG.java:1134)
at org.testng.TestNG.runSuites(TestNG.java:1063)
at org.testng.TestNG.run(TestNG.java:1031)
at org.testng.remote.AbstractRemoteTestNG.run(AbstractRemoteTestNG.java:115)
at org.testng.remote.RemoteTestNG.initAndRun(RemoteTestNG.java:251)
at org.testng.remote.RemoteTestNG.main(RemoteTestNG.java:77)
]]>
            </full-stacktrace>
          </exception> <!-- java.lang.AssertionError -->
          <reporter-output>
          </reporter-output>
        </test-method> <!-- ValidateClickTestingOfManageClientStoragePage -->
        <test-method is-config="true" signature="reportWrapUp(org.testng.ITestResult,java.lang.reflect.Method)[pri:0, instance:testcases.DocumentStorageTest@4562e04d]" started-at="2023-06-29T03:22:13 IST" name="reportWrapUp" finished-at="2023-06-29T03:22:13 IST" duration-ms="207" status="PASS">
          <params>
            <param index="0">
              <value>
                <![CDATA[[TestResult name=ValidateClickTestingOfManageClientStoragePage status=FAILURE method=DocumentStorageTest.ValidateClickTestingOfManageClientStoragePage()[pri:0, instance:testcases.DocumentStorageTest@4562e04d] output={null}]]]>
              </value>
            </param>
            <param index="1">
              <value>
                <![CDATA[public void testcases.DocumentStorageTest.ValidateClickTestingOfManageClientStoragePage()]]>
              </value>
            </param>
          </params>
          <reporter-output>
          </reporter-output>
        </test-method> <!-- reportWrapUp -->
        <test-method is-config="true" signature="beforeMethod(java.lang.reflect.Method)[pri:0, instance:testcases.DocumentStorageTest@4562e04d]" started-at="2023-06-29T03:22:13 IST" name="beforeMethod" finished-at="2023-06-29T03:22:13 IST" duration-ms="1" status="PASS">
          <params>
            <param index="0">
              <value>
                <![CDATA[public void testcases.DocumentStorageTest.ValidateClickTestingOfManageUserStoragePage()]]>
              </value>
            </param>
          </params>
          <reporter-output>
          </reporter-output>
        </test-method> <!-- beforeMethod -->
        <test-method signature="ValidateClickTestingOfManageUserStoragePage()[pri:1, instance:testcases.DocumentStorageTest@4562e04d]" started-at="2023-06-29T03:22:13 IST" name="ValidateClickTestingOfManageUserStoragePage" finished-at="2023-06-29T03:22:46 IST" duration-ms="32362" status="FAIL">
          <exception class="java.lang.AssertionError">
            <message>
              <![CDATA[java.lang.NullPointerException: Cannot invoke "org.openqa.selenium.WebElement.clear()" because "element" is null]]>
            </message>
            <full-stacktrace>
              <![CDATA[java.lang.AssertionError: java.lang.NullPointerException: Cannot invoke "org.openqa.selenium.WebElement.clear()" because "element" is null
at org.testng.Assert.fail(Assert.java:99)
at utils.WebBasePage.enter(WebBasePage.java:81)
at pageobjects.UserLoginPage.enterUserName(UserLoginPage.java:35)
at pageobjects.UserLoginPage.forcefulLogOutLogin(UserLoginPage.java:80)
at action.LoginAction.logoutLogin(LoginAction.java:25)
at testcases.DocumentStorageTest.ValidateClickTestingOfManageUserStoragePage(DocumentStorageTest.java:38)
at java.base/jdk.internal.reflect.NativeMethodAccessorImpl.invoke0(Native Method)
at java.base/jdk.internal.reflect.NativeMethodAccessorImpl.invoke(NativeMethodAccessorImpl.java:77)
at java.base/jdk.internal.reflect.DelegatingMethodAccessorImpl.invoke(DelegatingMethodAccessorImpl.java:43)
at java.base/java.lang.reflect.Method.invoke(Method.java:568)
at org.testng.internal.MethodInvocationHelper.invokeMethod(MethodInvocationHelper.java:133)
at org.testng.internal.TestInvoker.invokeMethod(TestInvoker.java:598)
at org.testng.internal.TestInvoker.invokeTestMethod(TestInvoker.java:173)
at org.testng.internal.MethodRunner.runInSequence(MethodRunner.java:46)
at org.testng.internal.TestInvoker$MethodInvocationAgent.invoke(TestInvoker.java:824)
at org.testng.internal.TestInvoker.invokeTestMethods(TestInvoker.java:146)
at org.testng.internal.TestMethodWorker.invokeTestMethods(TestMethodWorker.java:146)
at org.testng.internal.TestMethodWorker.run(TestMethodWorker.java:128)
at java.base/java.util.ArrayList.forEach(ArrayList.java:1511)
at org.testng.TestRunner.privateRun(TestRunner.java:794)
at org.testng.TestRunner.run(TestRunner.java:596)
at org.testng.SuiteRunner.runTest(SuiteRunner.java:377)
at org.testng.SuiteRunner.runSequentially(SuiteRunner.java:371)
at org.testng.SuiteRunner.privateRun(SuiteRunner.java:332)
at org.testng.SuiteRunner.run(SuiteRunner.java:276)
at org.testng.SuiteRunnerWorker.runSuite(SuiteRunnerWorker.java:53)
at org.testng.SuiteRunnerWorker.run(SuiteRunnerWorker.java:96)
at org.testng.TestNG.runSuitesSequentially(TestNG.java:1212)
at org.testng.TestNG.runSuitesLocally(TestNG.java:1134)
at org.testng.TestNG.runSuites(TestNG.java:1063)
at org.testng.TestNG.run(TestNG.java:1031)
at org.testng.remote.AbstractRemoteTestNG.run(AbstractRemoteTestNG.java:115)
at org.testng.remote.RemoteTestNG.initAndRun(RemoteTestNG.java:251)
at org.testng.remote.RemoteTestNG.main(RemoteTestNG.java:77)
]]>
            </full-stacktrace>
          </exception> <!-- java.lang.AssertionError -->
          <reporter-output>
          </reporter-output>
        </test-method> <!-- ValidateClickTestingOfManageUserStoragePage -->
        <test-method is-config="true" signature="reportWrapUp(org.testng.ITestResult,java.lang.reflect.Method)[pri:0, instance:testcases.DocumentStorageTest@4562e04d]" started-at="2023-06-29T03:22:46 IST" name="reportWrapUp" finished-at="2023-06-29T03:22:46 IST" duration-ms="221" status="PASS">
          <params>
            <param index="0">
              <value>
                <![CDATA[[TestResult name=ValidateClickTestingOfManageUserStoragePage status=FAILURE method=DocumentStorageTest.ValidateClickTestingOfManageUserStoragePage()[pri:1, instance:testcases.DocumentStorageTest@4562e04d] output={null}]]]>
              </value>
            </param>
            <param index="1">
              <value>
                <![CDATA[public void testcases.DocumentStorageTest.ValidateClickTestingOfManageUserStoragePage()]]>
              </value>
            </param>
          </params>
          <reporter-output>
          </reporter-output>
        </test-method> <!-- reportWrapUp -->
        <test-method is-config="true" signature="beforeMethod(java.lang.reflect.Method)[pri:0, instance:testcases.DocumentStorageTest@4562e04d]" started-at="2023-06-29T03:22:46 IST" name="beforeMethod" finished-at="2023-06-29T03:22:46 IST" duration-ms="0" status="PASS">
          <params>
            <param index="0">
              <value>
                <![CDATA[public void testcases.DocumentStorageTest.ValidateClickTestingOfUserStorageReportPage()]]>
              </value>
            </param>
          </params>
          <reporter-output>
          </reporter-output>
        </test-method> <!-- beforeMethod -->
        <test-method signature="ValidateClickTestingOfUserStorageReportPage()[pri:2, instance:testcases.DocumentStorageTest@4562e04d]" started-at="2023-06-29T03:22:46 IST" name="ValidateClickTestingOfUserStorageReportPage" finished-at="2023-06-29T03:24:10 IST" duration-ms="83919" status="FAIL">
          <exception class="java.lang.AssertionError">
            <message>
              <![CDATA[List View -  element not present]]>
            </message>
            <full-stacktrace>
              <![CDATA[java.lang.AssertionError: List View -  element not present
at org.testng.Assert.fail(Assert.java:99)
at utils.WebBasePage.click(WebBasePage.java:126)
at pageobjects.DocumentStoragePage.clickOnListView(DocumentStoragePage.java:106)
at action.DocumentStorageAction.GoToUserStorageReportPage(DocumentStorageAction.java:48)
at testcases.DocumentStorageTest.ValidateClickTestingOfUserStorageReportPage(DocumentStorageTest.java:53)
at java.base/jdk.internal.reflect.NativeMethodAccessorImpl.invoke0(Native Method)
at java.base/jdk.internal.reflect.NativeMethodAccessorImpl.invoke(NativeMethodAccessorImpl.java:77)
at java.base/jdk.internal.reflect.DelegatingMethodAccessorImpl.invoke(DelegatingMethodAccessorImpl.java:43)
at java.base/java.lang.reflect.Method.invoke(Method.java:568)
at org.testng.internal.MethodInvocationHelper.invokeMethod(MethodInvocationHelper.java:133)
at org.testng.internal.TestInvoker.invokeMethod(TestInvoker.java:598)
at org.testng.internal.TestInvoker.invokeTestMethod(TestInvoker.java:173)
at org.testng.internal.MethodRunner.runInSequence(MethodRunner.java:46)
at org.testng.internal.TestInvoker$MethodInvocationAgent.invoke(TestInvoker.java:824)
at org.testng.internal.TestInvoker.invokeTestMethods(TestInvoker.java:146)
at org.testng.internal.TestMethodWorker.invokeTestMethods(TestMethodWorker.java:146)
at org.testng.internal.TestMethodWorker.run(TestMethodWorker.java:128)
at java.base/java.util.ArrayList.forEach(ArrayList.java:1511)
at org.testng.TestRunner.privateRun(TestRunner.java:794)
at org.testng.TestRunner.run(TestRunner.java:596)
at org.testng.SuiteRunner.runTest(SuiteRunner.java:377)
at org.testng.SuiteRunner.runSequentially(SuiteRunner.java:371)
at org.testng.SuiteRunner.privateRun(SuiteRunner.java:332)
at org.testng.SuiteRunner.run(SuiteRunner.java:276)
at org.testng.SuiteRunnerWorker.runSuite(SuiteRunnerWorker.java:53)
at org.testng.SuiteRunnerWorker.run(SuiteRunnerWorker.java:96)
at org.testng.TestNG.runSuitesSequentially(TestNG.java:1212)
at org.testng.TestNG.runSuitesLocally(TestNG.java:1134)
at org.testng.TestNG.runSuites(TestNG.java:1063)
at org.testng.TestNG.run(TestNG.java:1031)
at org.testng.remote.AbstractRemoteTestNG.run(AbstractRemoteTestNG.java:115)
at org.testng.remote.RemoteTestNG.initAndRun(RemoteTestNG.java:251)
at org.testng.remote.RemoteTestNG.main(RemoteTestNG.java:77)
]]>
            </full-stacktrace>
          </exception> <!-- java.lang.AssertionError -->
          <reporter-output>
          </reporter-output>
        </test-method> <!-- ValidateClickTestingOfUserStorageReportPage -->
        <test-method is-config="true" signature="reportWrapUp(org.testng.ITestResult,java.lang.reflect.Method)[pri:0, instance:testcases.DocumentStorageTest@4562e04d]" started-at="2023-06-29T03:24:10 IST" name="reportWrapUp" finished-at="2023-06-29T03:24:10 IST" duration-ms="215" status="PASS">
          <params>
            <param index="0">
              <value>
                <![CDATA[[TestResult name=ValidateClickTestingOfUserStorageReportPage status=FAILURE method=DocumentStorageTest.ValidateClickTestingOfUserStorageReportPage()[pri:2, instance:testcases.DocumentStorageTest@4562e04d] output={null}]]]>
              </value>
            </param>
            <param index="1">
              <value>
                <![CDATA[public void testcases.DocumentStorageTest.ValidateClickTestingOfUserStorageReportPage()]]>
              </value>
            </param>
          </params>
          <reporter-output>
          </reporter-output>
        </test-method> <!-- reportWrapUp -->
        <test-method is-config="true" signature="closeBrowser()[pri:0, instance:testcases.DocumentStorageTest@4562e04d]" started-at="2023-06-29T03:24:10 IST" name="closeBrowser" finished-at="2023-06-29T03:24:11 IST" duration-ms="321" status="PASS">
          <reporter-output>
          </reporter-output>
        </test-method> <!-- closeBrowser -->
      </class> <!-- testcases.DocumentStorageTest -->
      <class name="testcases.TimeTrackingTest">
        <test-method is-config="true" signature="setUp()[pri:0, instance:testcases.TimeTrackingTest@128d2484]" started-at="2023-06-29T04:47:05 IST" name="setUp" finished-at="2023-06-29T04:47:16 IST" duration-ms="10937" status="PASS">
          <reporter-output>
          </reporter-output>
        </test-method> <!-- setUp -->
        <test-method is-config="true" signature="beforeMethod(java.lang.reflect.Method)[pri:0, instance:testcases.TimeTrackingTest@128d2484]" started-at="2023-06-29T04:47:16 IST" name="beforeMethod" finished-at="2023-06-29T04:47:16 IST" duration-ms="1" status="PASS">
          <params>
            <param index="0">
              <value>
                <![CDATA[public void testcases.TimeTrackingTest.ValidateClickTestingOfAuditRulePage()]]>
              </value>
            </param>
          </params>
          <reporter-output>
          </reporter-output>
        </test-method> <!-- beforeMethod -->
        <test-method signature="ValidateClickTestingOfAuditRulePage()[pri:0, instance:testcases.TimeTrackingTest@128d2484]" started-at="2023-06-29T04:47:16 IST" name="ValidateClickTestingOfAuditRulePage" finished-at="2023-06-29T04:48:02 IST" duration-ms="46440" status="PASS">
          <reporter-output>
          </reporter-output>
        </test-method> <!-- ValidateClickTestingOfAuditRulePage -->
        <test-method is-config="true" signature="reportWrapUp(org.testng.ITestResult,java.lang.reflect.Method)[pri:0, instance:testcases.TimeTrackingTest@128d2484]" started-at="2023-06-29T04:48:02 IST" name="reportWrapUp" finished-at="2023-06-29T04:48:02 IST" duration-ms="1" status="PASS">
          <params>
            <param index="0">
              <value>
                <![CDATA[[TestResult name=ValidateClickTestingOfAuditRulePage status=SUCCESS method=TimeTrackingTest.ValidateClickTestingOfAuditRulePage()[pri:0, instance:testcases.TimeTrackingTest@128d2484] output={null}]]]>
              </value>
            </param>
            <param index="1">
              <value>
                <![CDATA[public void testcases.TimeTrackingTest.ValidateClickTestingOfAuditRulePage()]]>
              </value>
            </param>
          </params>
          <reporter-output>
          </reporter-output>
        </test-method> <!-- reportWrapUp -->
        <test-method signature="ValidateClickTestingOfBulkTimeEntryPage()[pri:1, instance:testcases.TimeTrackingTest@128d2484]" started-at="2023-06-29T04:48:02 IST" name="ValidateClickTestingOfBulkTimeEntryPage" finished-at="2023-06-29T04:48:44 IST" duration-ms="41441" status="PASS">
          <reporter-output>
          </reporter-output>
        </test-method> <!-- ValidateClickTestingOfBulkTimeEntryPage -->
        <test-method is-config="true" signature="beforeMethod(java.lang.reflect.Method)[pri:0, instance:testcases.TimeTrackingTest@128d2484]" started-at="2023-06-29T04:48:02 IST" name="beforeMethod" finished-at="2023-06-29T04:48:02 IST" duration-ms="0" status="PASS">
          <params>
            <param index="0">
              <value>
                <![CDATA[public void testcases.TimeTrackingTest.ValidateClickTestingOfBulkTimeEntryPage()]]>
              </value>
            </param>
          </params>
          <reporter-output>
          </reporter-output>
        </test-method> <!-- beforeMethod -->
        <test-method is-config="true" signature="reportWrapUp(org.testng.ITestResult,java.lang.reflect.Method)[pri:0, instance:testcases.TimeTrackingTest@128d2484]" started-at="2023-06-29T04:48:44 IST" name="reportWrapUp" finished-at="2023-06-29T04:48:44 IST" duration-ms="1" status="PASS">
          <params>
            <param index="0">
              <value>
                <![CDATA[[TestResult name=ValidateClickTestingOfBulkTimeEntryPage status=SUCCESS method=TimeTrackingTest.ValidateClickTestingOfBulkTimeEntryPage()[pri:1, instance:testcases.TimeTrackingTest@128d2484] output={null}]]]>
              </value>
            </param>
            <param index="1">
              <value>
                <![CDATA[public void testcases.TimeTrackingTest.ValidateClickTestingOfBulkTimeEntryPage()]]>
              </value>
            </param>
          </params>
          <reporter-output>
          </reporter-output>
        </test-method> <!-- reportWrapUp -->
        <test-method is-config="true" signature="beforeMethod(java.lang.reflect.Method)[pri:0, instance:testcases.TimeTrackingTest@128d2484]" started-at="2023-06-29T04:48:44 IST" name="beforeMethod" finished-at="2023-06-29T04:48:44 IST" duration-ms="0" status="PASS">
          <params>
            <param index="0">
              <value>
                <![CDATA[public void testcases.TimeTrackingTest.ValidateClickTestingOfFlagTrackEntryPage()]]>
              </value>
            </param>
          </params>
          <reporter-output>
          </reporter-output>
        </test-method> <!-- beforeMethod -->
        <test-method signature="ValidateClickTestingOfFlagTrackEntryPage()[pri:2, instance:testcases.TimeTrackingTest@128d2484]" started-at="2023-06-29T04:48:44 IST" name="ValidateClickTestingOfFlagTrackEntryPage" finished-at="2023-06-29T04:49:24 IST" duration-ms="40487" status="PASS">
          <reporter-output>
          </reporter-output>
        </test-method> <!-- ValidateClickTestingOfFlagTrackEntryPage -->
        <test-method is-config="true" signature="reportWrapUp(org.testng.ITestResult,java.lang.reflect.Method)[pri:0, instance:testcases.TimeTrackingTest@128d2484]" started-at="2023-06-29T04:49:24 IST" name="reportWrapUp" finished-at="2023-06-29T04:49:24 IST" duration-ms="1" status="PASS">
          <params>
            <param index="0">
              <value>
                <![CDATA[[TestResult name=ValidateClickTestingOfFlagTrackEntryPage status=SUCCESS method=TimeTrackingTest.ValidateClickTestingOfFlagTrackEntryPage()[pri:2, instance:testcases.TimeTrackingTest@128d2484] output={null}]]]>
              </value>
            </param>
            <param index="1">
              <value>
                <![CDATA[public void testcases.TimeTrackingTest.ValidateClickTestingOfFlagTrackEntryPage()]]>
              </value>
            </param>
          </params>
          <reporter-output>
          </reporter-output>
        </test-method> <!-- reportWrapUp -->
        <test-method is-config="true" signature="beforeMethod(java.lang.reflect.Method)[pri:0, instance:testcases.TimeTrackingTest@128d2484]" started-at="2023-06-29T04:49:24 IST" name="beforeMethod" finished-at="2023-06-29T04:49:24 IST" duration-ms="1" status="PASS">
          <params>
            <param index="0">
              <value>
                <![CDATA[public void testcases.TimeTrackingTest.ValidateClickTestingOfProjectReportPage()]]>
              </value>
            </param>
          </params>
          <reporter-output>
          </reporter-output>
        </test-method> <!-- beforeMethod -->
        <test-method signature="ValidateClickTestingOfProjectReportPage()[pri:3, instance:testcases.TimeTrackingTest@128d2484]" started-at="2023-06-29T04:49:24 IST" name="ValidateClickTestingOfProjectReportPage" finished-at="2023-06-29T04:50:14 IST" duration-ms="49702" status="PASS">
          <reporter-output>
          </reporter-output>
        </test-method> <!-- ValidateClickTestingOfProjectReportPage -->
        <test-method is-config="true" signature="reportWrapUp(org.testng.ITestResult,java.lang.reflect.Method)[pri:0, instance:testcases.TimeTrackingTest@128d2484]" started-at="2023-06-29T04:50:14 IST" name="reportWrapUp" finished-at="2023-06-29T04:50:14 IST" duration-ms="1" status="PASS">
          <params>
            <param index="0">
              <value>
                <![CDATA[[TestResult name=ValidateClickTestingOfProjectReportPage status=SUCCESS method=TimeTrackingTest.ValidateClickTestingOfProjectReportPage()[pri:3, instance:testcases.TimeTrackingTest@128d2484] output={null}]]]>
              </value>
            </param>
            <param index="1">
              <value>
                <![CDATA[public void testcases.TimeTrackingTest.ValidateClickTestingOfProjectReportPage()]]>
              </value>
            </param>
          </params>
          <reporter-output>
          </reporter-output>
        </test-method> <!-- reportWrapUp -->
        <test-method is-config="true" signature="beforeMethod(java.lang.reflect.Method)[pri:0, instance:testcases.TimeTrackingTest@128d2484]" started-at="2023-06-29T04:50:14 IST" name="beforeMethod" finished-at="2023-06-29T04:50:14 IST" duration-ms="1" status="PASS">
          <params>
            <param index="0">
              <value>
                <![CDATA[public void testcases.TimeTrackingTest.ValidateClickTestingOfTimeReportPage()]]>
              </value>
            </param>
          </params>
          <reporter-output>
          </reporter-output>
        </test-method> <!-- beforeMethod -->
        <test-method signature="ValidateClickTestingOfTimeReportPage()[pri:4, instance:testcases.TimeTrackingTest@128d2484]" started-at="2023-06-29T04:50:14 IST" name="ValidateClickTestingOfTimeReportPage" finished-at="2023-06-29T04:51:24 IST" duration-ms="69810" status="PASS">
          <reporter-output>
          </reporter-output>
        </test-method> <!-- ValidateClickTestingOfTimeReportPage -->
        <test-method is-config="true" signature="reportWrapUp(org.testng.ITestResult,java.lang.reflect.Method)[pri:0, instance:testcases.TimeTrackingTest@128d2484]" started-at="2023-06-29T04:51:24 IST" name="reportWrapUp" finished-at="2023-06-29T04:51:24 IST" duration-ms="0" status="PASS">
          <params>
            <param index="0">
              <value>
                <![CDATA[[TestResult name=ValidateClickTestingOfTimeReportPage status=SUCCESS method=TimeTrackingTest.ValidateClickTestingOfTimeReportPage()[pri:4, instance:testcases.TimeTrackingTest@128d2484] output={null}]]]>
              </value>
            </param>
            <param index="1">
              <value>
                <![CDATA[public void testcases.TimeTrackingTest.ValidateClickTestingOfTimeReportPage()]]>
              </value>
            </param>
          </params>
          <reporter-output>
          </reporter-output>
        </test-method> <!-- reportWrapUp -->
        <test-method is-config="true" signature="beforeMethod(java.lang.reflect.Method)[pri:0, instance:testcases.TimeTrackingTest@128d2484]" started-at="2023-06-29T04:51:24 IST" name="beforeMethod" finished-at="2023-06-29T04:51:24 IST" duration-ms="0" status="PASS">
          <params>
            <param index="0">
              <value>
                <![CDATA[public void testcases.TimeTrackingTest.ValidateClickTestingOfTimeApprovalPage()]]>
              </value>
            </param>
          </params>
          <reporter-output>
          </reporter-output>
        </test-method> <!-- beforeMethod -->
        <test-method signature="ValidateClickTestingOfTimeApprovalPage()[pri:5, instance:testcases.TimeTrackingTest@128d2484]" started-at="2023-06-29T04:51:24 IST" name="ValidateClickTestingOfTimeApprovalPage" finished-at="2023-06-29T04:52:16 IST" duration-ms="52549" status="PASS">
          <reporter-output>
          </reporter-output>
        </test-method> <!-- ValidateClickTestingOfTimeApprovalPage -->
        <test-method is-config="true" signature="reportWrapUp(org.testng.ITestResult,java.lang.reflect.Method)[pri:0, instance:testcases.TimeTrackingTest@128d2484]" started-at="2023-06-29T04:52:16 IST" name="reportWrapUp" finished-at="2023-06-29T04:52:16 IST" duration-ms="1" status="PASS">
          <params>
            <param index="0">
              <value>
                <![CDATA[[TestResult name=ValidateClickTestingOfTimeApprovalPage status=SUCCESS method=TimeTrackingTest.ValidateClickTestingOfTimeApprovalPage()[pri:5, instance:testcases.TimeTrackingTest@128d2484] output={null}]]]>
              </value>
            </param>
            <param index="1">
              <value>
                <![CDATA[public void testcases.TimeTrackingTest.ValidateClickTestingOfTimeApprovalPage()]]>
              </value>
            </param>
          </params>
          <reporter-output>
          </reporter-output>
        </test-method> <!-- reportWrapUp -->
        <test-method is-config="true" signature="beforeMethod(java.lang.reflect.Method)[pri:0, instance:testcases.TimeTrackingTest@128d2484]" started-at="2023-06-29T04:52:16 IST" name="beforeMethod" finished-at="2023-06-29T04:52:16 IST" duration-ms="1" status="PASS">
          <params>
            <param index="0">
              <value>
                <![CDATA[public void testcases.TimeTrackingTest.ValidateClickTestingOfTimeSheetPage()]]>
              </value>
            </param>
          </params>
          <reporter-output>
          </reporter-output>
        </test-method> <!-- beforeMethod -->
        <test-method signature="ValidateClickTestingOfTimeSheetPage()[pri:6, instance:testcases.TimeTrackingTest@128d2484]" started-at="2023-06-29T04:52:16 IST" name="ValidateClickTestingOfTimeSheetPage" finished-at="2023-06-29T04:52:55 IST" duration-ms="38797" status="PASS">
          <reporter-output>
          </reporter-output>
        </test-method> <!-- ValidateClickTestingOfTimeSheetPage -->
        <test-method is-config="true" signature="reportWrapUp(org.testng.ITestResult,java.lang.reflect.Method)[pri:0, instance:testcases.TimeTrackingTest@128d2484]" started-at="2023-06-29T04:52:55 IST" name="reportWrapUp" finished-at="2023-06-29T04:52:55 IST" duration-ms="0" status="PASS">
          <params>
            <param index="0">
              <value>
                <![CDATA[[TestResult name=ValidateClickTestingOfTimeSheetPage status=SUCCESS method=TimeTrackingTest.ValidateClickTestingOfTimeSheetPage()[pri:6, instance:testcases.TimeTrackingTest@128d2484] output={null}]]]>
              </value>
            </param>
            <param index="1">
              <value>
                <![CDATA[public void testcases.TimeTrackingTest.ValidateClickTestingOfTimeSheetPage()]]>
              </value>
            </param>
          </params>
          <reporter-output>
          </reporter-output>
        </test-method> <!-- reportWrapUp -->
        <test-method is-config="true" signature="beforeMethod(java.lang.reflect.Method)[pri:0, instance:testcases.TimeTrackingTest@128d2484]" started-at="2023-06-29T04:52:55 IST" name="beforeMethod" finished-at="2023-06-29T04:52:55 IST" duration-ms="0" status="PASS">
          <params>
            <param index="0">
              <value>
                <![CDATA[public void testcases.TimeTrackingTest.ValidateClickTestingOfTimeTrackPage()]]>
              </value>
            </param>
          </params>
          <reporter-output>
          </reporter-output>
        </test-method> <!-- beforeMethod -->
        <test-method signature="ValidateClickTestingOfTimeTrackPage()[pri:7, instance:testcases.TimeTrackingTest@128d2484]" started-at="2023-06-29T04:52:55 IST" name="ValidateClickTestingOfTimeTrackPage" finished-at="2023-06-29T04:54:17 IST" duration-ms="82264" status="PASS">
          <reporter-output>
          </reporter-output>
        </test-method> <!-- ValidateClickTestingOfTimeTrackPage -->
        <test-method is-config="true" signature="reportWrapUp(org.testng.ITestResult,java.lang.reflect.Method)[pri:0, instance:testcases.TimeTrackingTest@128d2484]" started-at="2023-06-29T04:54:17 IST" name="reportWrapUp" finished-at="2023-06-29T04:54:17 IST" duration-ms="1" status="PASS">
          <params>
            <param index="0">
              <value>
                <![CDATA[[TestResult name=ValidateClickTestingOfTimeTrackPage status=SUCCESS method=TimeTrackingTest.ValidateClickTestingOfTimeTrackPage()[pri:7, instance:testcases.TimeTrackingTest@128d2484] output={null}]]]>
              </value>
            </param>
            <param index="1">
              <value>
                <![CDATA[public void testcases.TimeTrackingTest.ValidateClickTestingOfTimeTrackPage()]]>
              </value>
            </param>
          </params>
          <reporter-output>
          </reporter-output>
        </test-method> <!-- reportWrapUp -->
        <test-method is-config="true" signature="beforeMethod(java.lang.reflect.Method)[pri:0, instance:testcases.TimeTrackingTest@128d2484]" started-at="2023-06-29T04:54:17 IST" name="beforeMethod" finished-at="2023-06-29T04:54:17 IST" duration-ms="0" status="PASS">
          <params>
            <param index="0">
              <value>
                <![CDATA[public void testcases.TimeTrackingTest.ValidateClickTestingOfWorkDiaryPage()]]>
              </value>
            </param>
          </params>
          <reporter-output>
          </reporter-output>
        </test-method> <!-- beforeMethod -->
        <test-method signature="ValidateClickTestingOfWorkDiaryPage()[pri:8, instance:testcases.TimeTrackingTest@128d2484]" started-at="2023-06-29T04:54:17 IST" name="ValidateClickTestingOfWorkDiaryPage" finished-at="2023-06-29T04:55:07 IST" duration-ms="49271" status="PASS">
          <reporter-output>
          </reporter-output>
        </test-method> <!-- ValidateClickTestingOfWorkDiaryPage -->
        <test-method is-config="true" signature="reportWrapUp(org.testng.ITestResult,java.lang.reflect.Method)[pri:0, instance:testcases.TimeTrackingTest@128d2484]" started-at="2023-06-29T04:55:07 IST" name="reportWrapUp" finished-at="2023-06-29T04:55:07 IST" duration-ms="1" status="PASS">
          <params>
            <param index="0">
              <value>
                <![CDATA[[TestResult name=ValidateClickTestingOfWorkDiaryPage status=SUCCESS method=TimeTrackingTest.ValidateClickTestingOfWorkDiaryPage()[pri:8, instance:testcases.TimeTrackingTest@128d2484] output={null}]]]>
              </value>
            </param>
            <param index="1">
              <value>
                <![CDATA[public void testcases.TimeTrackingTest.ValidateClickTestingOfWorkDiaryPage()]]>
              </value>
            </param>
          </params>
          <reporter-output>
          </reporter-output>
        </test-method> <!-- reportWrapUp -->
        <test-method is-config="true" signature="closeBrowser()[pri:0, instance:testcases.TimeTrackingTest@128d2484]" started-at="2023-06-29T04:55:07 IST" name="closeBrowser" finished-at="2023-06-29T04:55:07 IST" duration-ms="574" status="PASS">
          <reporter-output>
          </reporter-output>
        </test-method> <!-- closeBrowser -->
      </class> <!-- testcases.TimeTrackingTest -->
      <class name="testcases.HiringTest">
        <test-method is-config="true" signature="setUp()[pri:0, instance:testcases.HiringTest@7cc0cdad]" started-at="2023-06-29T04:55:07 IST" name="setUp" finished-at="2023-06-29T04:55:16 IST" duration-ms="9124" status="PASS">
          <reporter-output>
          </reporter-output>
        </test-method> <!-- setUp -->
        <test-method signature="ValidateClickTestingOfCandidateListPage()[pri:0, instance:testcases.HiringTest@7cc0cdad]" started-at="2023-06-29T04:55:16 IST" name="ValidateClickTestingOfCandidateListPage" finished-at="2023-06-29T04:56:32 IST" duration-ms="76045" status="PASS">
          <reporter-output>
          </reporter-output>
        </test-method> <!-- ValidateClickTestingOfCandidateListPage -->
        <test-method is-config="true" signature="beforeMethod(java.lang.reflect.Method)[pri:0, instance:testcases.HiringTest@7cc0cdad]" started-at="2023-06-29T04:55:16 IST" name="beforeMethod" finished-at="2023-06-29T04:55:16 IST" duration-ms="0" status="PASS">
          <params>
            <param index="0">
              <value>
                <![CDATA[public void testcases.HiringTest.ValidateClickTestingOfCandidateListPage()]]>
              </value>
            </param>
          </params>
          <reporter-output>
          </reporter-output>
        </test-method> <!-- beforeMethod -->
        <test-method is-config="true" signature="reportWrapUp(org.testng.ITestResult,java.lang.reflect.Method)[pri:0, instance:testcases.HiringTest@7cc0cdad]" started-at="2023-06-29T04:56:32 IST" name="reportWrapUp" finished-at="2023-06-29T04:56:32 IST" duration-ms="0" status="PASS">
          <params>
            <param index="0">
              <value>
                <![CDATA[[TestResult name=ValidateClickTestingOfCandidateListPage status=SUCCESS method=HiringTest.ValidateClickTestingOfCandidateListPage()[pri:0, instance:testcases.HiringTest@7cc0cdad] output={null}]]]>
              </value>
            </param>
            <param index="1">
              <value>
                <![CDATA[public void testcases.HiringTest.ValidateClickTestingOfCandidateListPage()]]>
              </value>
            </param>
          </params>
          <reporter-output>
          </reporter-output>
        </test-method> <!-- reportWrapUp -->
        <test-method is-config="true" signature="beforeMethod(java.lang.reflect.Method)[pri:0, instance:testcases.HiringTest@7cc0cdad]" started-at="2023-06-29T04:56:32 IST" name="beforeMethod" finished-at="2023-06-29T04:56:32 IST" duration-ms="0" status="PASS">
          <params>
            <param index="0">
              <value>
                <![CDATA[public void testcases.HiringTest.ValidateClickTestingOfGroupListListPage()]]>
              </value>
            </param>
          </params>
          <reporter-output>
          </reporter-output>
        </test-method> <!-- beforeMethod -->
        <test-method signature="ValidateClickTestingOfGroupListListPage()[pri:2, instance:testcases.HiringTest@7cc0cdad]" started-at="2023-06-29T04:56:32 IST" name="ValidateClickTestingOfGroupListListPage" finished-at="2023-06-29T04:57:08 IST" duration-ms="35794" status="FAIL">
          <exception class="java.lang.AssertionError">
            <message>
              <![CDATA[java.lang.NullPointerException: Cannot invoke "org.openqa.selenium.WebElement.clear()" because "element" is null]]>
            </message>
            <full-stacktrace>
              <![CDATA[java.lang.AssertionError: java.lang.NullPointerException: Cannot invoke "org.openqa.selenium.WebElement.clear()" because "element" is null
at org.testng.Assert.fail(Assert.java:99)
at utils.WebBasePage.enter(WebBasePage.java:81)
at pageobjects.UserLoginPage.enterUserName(UserLoginPage.java:35)
at pageobjects.UserLoginPage.forcefulLogOutLogin(UserLoginPage.java:80)
at action.LoginAction.logoutLogin(LoginAction.java:25)
at testcases.HiringTest.ValidateClickTestingOfGroupListListPage(HiringTest.java:51)
at java.base/jdk.internal.reflect.NativeMethodAccessorImpl.invoke0(Native Method)
at java.base/jdk.internal.reflect.NativeMethodAccessorImpl.invoke(NativeMethodAccessorImpl.java:77)
at java.base/jdk.internal.reflect.DelegatingMethodAccessorImpl.invoke(DelegatingMethodAccessorImpl.java:43)
at java.base/java.lang.reflect.Method.invoke(Method.java:568)
at org.testng.internal.MethodInvocationHelper.invokeMethod(MethodInvocationHelper.java:133)
at org.testng.internal.TestInvoker.invokeMethod(TestInvoker.java:598)
at org.testng.internal.TestInvoker.invokeTestMethod(TestInvoker.java:173)
at org.testng.internal.MethodRunner.runInSequence(MethodRunner.java:46)
at org.testng.internal.TestInvoker$MethodInvocationAgent.invoke(TestInvoker.java:824)
at org.testng.internal.TestInvoker.invokeTestMethods(TestInvoker.java:146)
at org.testng.internal.TestMethodWorker.invokeTestMethods(TestMethodWorker.java:146)
at org.testng.internal.TestMethodWorker.run(TestMethodWorker.java:128)
at java.base/java.util.ArrayList.forEach(ArrayList.java:1511)
at org.testng.TestRunner.privateRun(TestRunner.java:794)
at org.testng.TestRunner.run(TestRunner.java:596)
at org.testng.SuiteRunner.runTest(SuiteRunner.java:377)
at org.testng.SuiteRunner.runSequentially(SuiteRunner.java:371)
at org.testng.SuiteRunner.privateRun(SuiteRunner.java:332)
at org.testng.SuiteRunner.run(SuiteRunner.java:276)
at org.testng.SuiteRunnerWorker.runSuite(SuiteRunnerWorker.java:53)
at org.testng.SuiteRunnerWorker.run(SuiteRunnerWorker.java:96)
at org.testng.TestNG.runSuitesSequentially(TestNG.java:1212)
at org.testng.TestNG.runSuitesLocally(TestNG.java:1134)
at org.testng.TestNG.runSuites(TestNG.java:1063)
at org.testng.TestNG.run(TestNG.java:1031)
at org.testng.remote.AbstractRemoteTestNG.run(AbstractRemoteTestNG.java:115)
at org.testng.remote.RemoteTestNG.initAndRun(RemoteTestNG.java:251)
at org.testng.remote.RemoteTestNG.main(RemoteTestNG.java:77)
]]>
            </full-stacktrace>
          </exception> <!-- java.lang.AssertionError -->
          <reporter-output>
          </reporter-output>
        </test-method> <!-- ValidateClickTestingOfGroupListListPage -->
        <test-method is-config="true" signature="reportWrapUp(org.testng.ITestResult,java.lang.reflect.Method)[pri:0, instance:testcases.HiringTest@7cc0cdad]" started-at="2023-06-29T04:57:08 IST" name="reportWrapUp" finished-at="2023-06-29T04:57:09 IST" duration-ms="1189" status="PASS">
          <params>
            <param index="0">
              <value>
                <![CDATA[[TestResult name=ValidateClickTestingOfGroupListListPage status=FAILURE method=HiringTest.ValidateClickTestingOfGroupListListPage()[pri:2, instance:testcases.HiringTest@7cc0cdad] output={null}]]]>
              </value>
            </param>
            <param index="1">
              <value>
                <![CDATA[public void testcases.HiringTest.ValidateClickTestingOfGroupListListPage()]]>
              </value>
            </param>
          </params>
          <reporter-output>
          </reporter-output>
        </test-method> <!-- reportWrapUp -->
        <test-method signature="ValidateClickTestingOfjobListListPage()[pri:3, instance:testcases.HiringTest@7cc0cdad]" started-at="2023-06-29T04:57:09 IST" name="ValidateClickTestingOfjobListListPage" finished-at="2023-06-29T04:58:08 IST" duration-ms="59006" status="FAIL">
          <exception class="java.lang.AssertionError">
            <message>
              <![CDATA[Close Notify Message -  element not present]]>
            </message>
            <full-stacktrace>
              <![CDATA[java.lang.AssertionError: Close Notify Message -  element not present
at org.testng.Assert.fail(Assert.java:99)
at utils.WebBasePage.click(WebBasePage.java:126)
at pageobjects.HiringPage.clickOnCloseNotifyMessageButton(HiringPage.java:70)
at action.HiringAction.GoToJobListPage(HiringAction.java:74)
at testcases.HiringTest.ValidateClickTestingOfjobListListPage(HiringTest.java:66)
at java.base/jdk.internal.reflect.NativeMethodAccessorImpl.invoke0(Native Method)
at java.base/jdk.internal.reflect.NativeMethodAccessorImpl.invoke(NativeMethodAccessorImpl.java:77)
at java.base/jdk.internal.reflect.DelegatingMethodAccessorImpl.invoke(DelegatingMethodAccessorImpl.java:43)
at java.base/java.lang.reflect.Method.invoke(Method.java:568)
at org.testng.internal.MethodInvocationHelper.invokeMethod(MethodInvocationHelper.java:133)
at org.testng.internal.TestInvoker.invokeMethod(TestInvoker.java:598)
at org.testng.internal.TestInvoker.invokeTestMethod(TestInvoker.java:173)
at org.testng.internal.MethodRunner.runInSequence(MethodRunner.java:46)
at org.testng.internal.TestInvoker$MethodInvocationAgent.invoke(TestInvoker.java:824)
at org.testng.internal.TestInvoker.invokeTestMethods(TestInvoker.java:146)
at org.testng.internal.TestMethodWorker.invokeTestMethods(TestMethodWorker.java:146)
at org.testng.internal.TestMethodWorker.run(TestMethodWorker.java:128)
at java.base/java.util.ArrayList.forEach(ArrayList.java:1511)
at org.testng.TestRunner.privateRun(TestRunner.java:794)
at org.testng.TestRunner.run(TestRunner.java:596)
at org.testng.SuiteRunner.runTest(SuiteRunner.java:377)
at org.testng.SuiteRunner.runSequentially(SuiteRunner.java:371)
at org.testng.SuiteRunner.privateRun(SuiteRunner.java:332)
at org.testng.SuiteRunner.run(SuiteRunner.java:276)
at org.testng.SuiteRunnerWorker.runSuite(SuiteRunnerWorker.java:53)
at org.testng.SuiteRunnerWorker.run(SuiteRunnerWorker.java:96)
at org.testng.TestNG.runSuitesSequentially(TestNG.java:1212)
at org.testng.TestNG.runSuitesLocally(TestNG.java:1134)
at org.testng.TestNG.runSuites(TestNG.java:1063)
at org.testng.TestNG.run(TestNG.java:1031)
at org.testng.remote.AbstractRemoteTestNG.run(AbstractRemoteTestNG.java:115)
at org.testng.remote.RemoteTestNG.initAndRun(RemoteTestNG.java:251)
at org.testng.remote.RemoteTestNG.main(RemoteTestNG.java:77)
]]>
            </full-stacktrace>
          </exception> <!-- java.lang.AssertionError -->
          <reporter-output>
          </reporter-output>
        </test-method> <!-- ValidateClickTestingOfjobListListPage -->
        <test-method is-config="true" signature="beforeMethod(java.lang.reflect.Method)[pri:0, instance:testcases.HiringTest@7cc0cdad]" started-at="2023-06-29T04:57:09 IST" name="beforeMethod" finished-at="2023-06-29T04:57:09 IST" duration-ms="0" status="PASS">
          <params>
            <param index="0">
              <value>
                <![CDATA[public void testcases.HiringTest.ValidateClickTestingOfjobListListPage()]]>
[...]
          <reporter-output>
          </reporter-output>
        </test-method> <!-- ValidateClickTestingOfServiceCrewPage -->
        <test-method is-config="true" signature="beforeMethod(java.lang.reflect.Method)[pri:0, instance:testcases.TicketingTest@459e9125]" started-at="2023-06-29T04:35:06 IST" name="beforeMethod" finished-at="2023-06-29T04:35:06 IST" duration-ms="0" status="PASS">
          <params>
            <param index="0">
              <value>
                <![CDATA[public void testcases.TicketingTest.ValidateClickTestingOfServiceCrewPage()]]>
              </value>
            </param>
          </params>
          <reporter-output>
          </reporter-output>
        </test-method> <!-- beforeMethod -->
        <test-method is-config="true" signature="reportWrapUp(org.testng.ITestResult,java.lang.reflect.Method)[pri:0, instance:testcases.TicketingTest@459e9125]" started-at="2023-06-29T04:36:48 IST" name="reportWrapUp" finished-at="2023-06-29T04:36:48 IST" duration-ms="0" status="PASS">
          <params>
            <param index="0">
              <value>
                <![CDATA[[TestResult name=ValidateClickTestingOfServiceCrewPage status=SUCCESS method=TicketingTest.ValidateClickTestingOfServiceCrewPage()[pri:20, instance:testcases.TicketingTest@459e9125] output={null}]]]>
              </value>
            </param>
            <param index="1">
              <value>
                <![CDATA[public void testcases.TicketingTest.ValidateClickTestingOfServiceCrewPage()]]>
              </value>
            </param>
          </params>
          <reporter-output>
          </reporter-output>
        </test-method> <!-- reportWrapUp -->
        <test-method is-config="true" signature="beforeMethod(java.lang.reflect.Method)[pri:0, instance:testcases.TicketingTest@459e9125]" started-at="2023-06-29T04:36:48 IST" name="beforeMethod" finished-at="2023-06-29T04:36:48 IST" duration-ms="0" status="PASS">
          <params>
            <param index="0">
              <value>
                <![CDATA[public void testcases.TicketingTest.ValidateClickTestingOfTechTrackingPage()]]>
              </value>
            </param>
          </params>
          <reporter-output>
          </reporter-output>
        </test-method> <!-- beforeMethod -->
        <test-method signature="ValidateClickTestingOfTechTrackingPage()[pri:21, instance:testcases.TicketingTest@459e9125]" started-at="2023-06-29T04:36:48 IST" name="ValidateClickTestingOfTechTrackingPage" finished-at="2023-06-29T04:37:25 IST" duration-ms="37441" status="PASS">
          <reporter-output>
          </reporter-output>
        </test-method> <!-- ValidateClickTestingOfTechTrackingPage -->
        <test-method is-config="true" signature="reportWrapUp(org.testng.ITestResult,java.lang.reflect.Method)[pri:0, instance:testcases.TicketingTest@459e9125]" started-at="2023-06-29T04:37:25 IST" name="reportWrapUp" finished-at="2023-06-29T04:37:25 IST" duration-ms="0" status="PASS">
          <params>
            <param index="0">
              <value>
                <![CDATA[[TestResult name=ValidateClickTestingOfTechTrackingPage status=SUCCESS method=TicketingTest.ValidateClickTestingOfTechTrackingPage()[pri:21, instance:testcases.TicketingTest@459e9125] output={null}]]]>
              </value>
            </param>
            <param index="1">
              <value>
                <![CDATA[public void testcases.TicketingTest.ValidateClickTestingOfTechTrackingPage()]]>
              </value>
            </param>
          </params>
          <reporter-output>
          </reporter-output>
        </test-method> <!-- reportWrapUp -->
        <test-method signature="ValidateClickTestingOfTransformPendingPage()[pri:22, instance:testcases.TicketingTest@459e9125]" started-at="2023-06-29T04:37:25 IST" name="ValidateClickTestingOfTransformPendingPage" finished-at="2023-06-29T04:38:03 IST" duration-ms="38018" status="PASS">
          <reporter-output>
          </reporter-output>
        </test-method> <!-- ValidateClickTestingOfTransformPendingPage -->
        <test-method is-config="true" signature="beforeMethod(java.lang.reflect.Method)[pri:0, instance:testcases.TicketingTest@459e9125]" started-at="2023-06-29T04:37:25 IST" name="beforeMethod" finished-at="2023-06-29T04:37:25 IST" duration-ms="0" status="PASS">
          <params>
            <param index="0">
              <value>
                <![CDATA[public void testcases.TicketingTest.ValidateClickTestingOfTransformPendingPage()]]>
              </value>
            </param>
          </params>
          <reporter-output>
          </reporter-output>
        </test-method> <!-- beforeMethod -->
        <test-method is-config="true" signature="reportWrapUp(org.testng.ITestResult,java.lang.reflect.Method)[pri:0, instance:testcases.TicketingTest@459e9125]" started-at="2023-06-29T04:38:03 IST" name="reportWrapUp" finished-at="2023-06-29T04:38:03 IST" duration-ms="0" status="PASS">
          <params>
            <param index="0">
              <value>
                <![CDATA[[TestResult name=ValidateClickTestingOfTransformPendingPage status=SUCCESS method=TicketingTest.ValidateClickTestingOfTransformPendingPage()[pri:22, instance:testcases.TicketingTest@459e9125] output={null}]]]>
              </value>
            </param>
            <param index="1">
              <value>
                <![CDATA[public void testcases.TicketingTest.ValidateClickTestingOfTransformPendingPage()]]>
              </value>
            </param>
          </params>
          <reporter-output>
          </reporter-output>
        </test-method> <!-- reportWrapUp -->
        <test-method signature="ValidateClickTestingOfWorkTypeListingPage()[pri:23, instance:testcases.TicketingTest@459e9125]" started-at="2023-06-29T04:38:03 IST" name="ValidateClickTestingOfWorkTypeListingPage" finished-at="2023-06-29T04:39:43 IST" duration-ms="99845" status="PASS">
          <reporter-output>
          </reporter-output>
        </test-method> <!-- ValidateClickTestingOfWorkTypeListingPage -->
        <test-method is-config="true" signature="beforeMethod(java.lang.reflect.Method)[pri:0, instance:testcases.TicketingTest@459e9125]" started-at="2023-06-29T04:38:03 IST" name="beforeMethod" finished-at="2023-06-29T04:38:03 IST" duration-ms="0" status="PASS">
          <params>
            <param index="0">
              <value>
                <![CDATA[public void testcases.TicketingTest.ValidateClickTestingOfWorkTypeListingPage()]]>
              </value>
            </param>
          </params>
          <reporter-output>
          </reporter-output>
        </test-method> <!-- beforeMethod -->
        <test-method is-config="true" signature="reportWrapUp(org.testng.ITestResult,java.lang.reflect.Method)[pri:0, instance:testcases.TicketingTest@459e9125]" started-at="2023-06-29T04:39:43 IST" name="reportWrapUp" finished-at="2023-06-29T04:39:43 IST" duration-ms="0" status="PASS">
          <params>
            <param index="0">
              <value>
                <![CDATA[[TestResult name=ValidateClickTestingOfWorkTypeListingPage status=SUCCESS method=TicketingTest.ValidateClickTestingOfWorkTypeListingPage()[pri:23, instance:testcases.TicketingTest@459e9125] output={null}]]]>
              </value>
            </param>
            <param index="1">
              <value>
                <![CDATA[public void testcases.TicketingTest.ValidateClickTestingOfWorkTypeListingPage()]]>
              </value>
            </param>
          </params>
          <reporter-output>
          </reporter-output>
        </test-method> <!-- reportWrapUp -->
        <test-method signature="ValidateClickTestingOfZoneManagementPage()[pri:24, instance:testcases.TicketingTest@459e9125]" started-at="2023-06-29T04:39:43 IST" name="ValidateClickTestingOfZoneManagementPage" finished-at="2023-06-29T04:40:33 IST" duration-ms="50231" status="PASS">
          <reporter-output>
          </reporter-output>
        </test-method> <!-- ValidateClickTestingOfZoneManagementPage -->
        <test-method is-config="true" signature="beforeMethod(java.lang.reflect.Method)[pri:0, instance:testcases.TicketingTest@459e9125]" started-at="2023-06-29T04:39:43 IST" name="beforeMethod" finished-at="2023-06-29T04:39:43 IST" duration-ms="0" status="PASS">
          <params>
            <param index="0">
              <value>
                <![CDATA[public void testcases.TicketingTest.ValidateClickTestingOfZoneManagementPage()]]>
              </value>
            </param>
          </params>
          <reporter-output>
          </reporter-output>
        </test-method> <!-- beforeMethod -->
        <test-method is-config="true" signature="reportWrapUp(org.testng.ITestResult,java.lang.reflect.Method)[pri:0, instance:testcases.TicketingTest@459e9125]" started-at="2023-06-29T04:40:33 IST" name="reportWrapUp" finished-at="2023-06-29T04:40:33 IST" duration-ms="0" status="PASS">
          <params>
            <param index="0">
              <value>
                <![CDATA[[TestResult name=ValidateClickTestingOfZoneManagementPage status=SUCCESS method=TicketingTest.ValidateClickTestingOfZoneManagementPage()[pri:24, instance:testcases.TicketingTest@459e9125] output={null}]]]>
              </value>
            </param>
            <param index="1">
              <value>
                <![CDATA[public void testcases.TicketingTest.ValidateClickTestingOfZoneManagementPage()]]>
              </value>
            </param>
          </params>
          <reporter-output>
          </reporter-output>
        </test-method> <!-- reportWrapUp -->
        <test-method signature="ValidateClickTestingOfDashBoardPage()[pri:25, instance:testcases.TicketingTest@459e9125]" started-at="2023-06-29T04:40:34 IST" name="ValidateClickTestingOfDashBoardPage" finished-at="2023-06-29T04:41:19 IST" duration-ms="45596" status="PASS">
          <reporter-output>
          </reporter-output>
        </test-method> <!-- ValidateClickTestingOfDashBoardPage -->
        <test-method is-config="true" signature="beforeMethod(java.lang.reflect.Method)[pri:0, instance:testcases.TicketingTest@459e9125]" started-at="2023-06-29T04:40:34 IST" name="beforeMethod" finished-at="2023-06-29T04:40:34 IST" duration-ms="0" status="PASS">
          <params>
            <param index="0">
              <value>
                <![CDATA[public void testcases.TicketingTest.ValidateClickTestingOfDashBoardPage()]]>
              </value>
            </param>
          </params>
          <reporter-output>
          </reporter-output>
        </test-method> <!-- beforeMethod -->
        <test-method is-config="true" signature="reportWrapUp(org.testng.ITestResult,java.lang.reflect.Method)[pri:0, instance:testcases.TicketingTest@459e9125]" started-at="2023-06-29T04:41:19 IST" name="reportWrapUp" finished-at="2023-06-29T04:41:19 IST" duration-ms="0" status="PASS">
          <params>
            <param index="0">
              <value>
                <![CDATA[[TestResult name=ValidateClickTestingOfDashBoardPage status=SUCCESS method=TicketingTest.ValidateClickTestingOfDashBoardPage()[pri:25, instance:testcases.TicketingTest@459e9125] output={null}]]]>
              </value>
            </param>
            <param index="1">
              <value>
                <![CDATA[public void testcases.TicketingTest.ValidateClickTestingOfDashBoardPage()]]>
              </value>
            </param>
          </params>
          <reporter-output>
          </reporter-output>
        </test-method> <!-- reportWrapUp -->
        <test-method is-config="true" signature="beforeMethod(java.lang.reflect.Method)[pri:0, instance:testcases.TicketingTest@459e9125]" started-at="2023-06-29T04:41:19 IST" name="beforeMethod" finished-at="2023-06-29T04:41:19 IST" duration-ms="0" status="PASS">
          <params>
            <param index="0">
              <value>
                <![CDATA[public void testcases.TicketingTest.ValidateClickTestingOfTicketTypeListingPage()]]>
              </value>
            </param>
          </params>
          <reporter-output>
          </reporter-output>
        </test-method> <!-- beforeMethod -->
        <test-method signature="ValidateClickTestingOfTicketTypeListingPage()[pri:26, instance:testcases.TicketingTest@459e9125]" started-at="2023-06-29T04:41:19 IST" name="ValidateClickTestingOfTicketTypeListingPage" finished-at="2023-06-29T04:42:36 IST" duration-ms="76770" status="PASS">
          <reporter-output>
          </reporter-output>
        </test-method> <!-- ValidateClickTestingOfTicketTypeListingPage -->
        <test-method is-config="true" signature="beforeMethod(java.lang.reflect.Method)[pri:0, instance:testcases.TicketingTest@459e9125]" started-at="2023-06-29T04:42:36 IST" name="beforeMethod" finished-at="2023-06-29T04:42:36 IST" duration-ms="0" status="PASS">
          <params>
            <param index="0">
              <value>
                <![CDATA[public void testcases.TicketingTest.ValidateClickTestingOfWorkOrderPage()]]>
              </value>
            </param>
          </params>
          <reporter-output>
          </reporter-output>
        </test-method> <!-- beforeMethod -->
        <test-method is-config="true" signature="reportWrapUp(org.testng.ITestResult,java.lang.reflect.Method)[pri:0, instance:testcases.TicketingTest@459e9125]" started-at="2023-06-29T04:42:36 IST" name="reportWrapUp" finished-at="2023-06-29T04:42:36 IST" duration-ms="0" status="PASS">
          <params>
            <param index="0">
              <value>
                <![CDATA[[TestResult name=ValidateClickTestingOfTicketTypeListingPage status=SUCCESS method=TicketingTest.ValidateClickTestingOfTicketTypeListingPage()[pri:26, instance:testcases.TicketingTest@459e9125] output={null}]]]>
              </value>
            </param>
            <param index="1">
              <value>
                <![CDATA[public void testcases.TicketingTest.ValidateClickTestingOfTicketTypeListingPage()]]>
              </value>
            </param>
          </params>
          <reporter-output>
          </reporter-output>
        </test-method> <!-- reportWrapUp -->
        <test-method signature="ValidateClickTestingOfWorkOrderPage()[pri:27, instance:testcases.TicketingTest@459e9125]" started-at="2023-06-29T04:42:36 IST" name="ValidateClickTestingOfWorkOrderPage" finished-at="2023-06-29T04:44:47 IST" duration-ms="131023" status="PASS">
          <reporter-output>
          </reporter-output>
        </test-method> <!-- ValidateClickTestingOfWorkOrderPage -->
        <test-method is-config="true" signature="reportWrapUp(org.testng.ITestResult,java.lang.reflect.Method)[pri:0, instance:testcases.TicketingTest@459e9125]" started-at="2023-06-29T04:44:47 IST" name="reportWrapUp" finished-at="2023-06-29T04:44:47 IST" duration-ms="1" status="PASS">
          <params>
            <param index="0">
              <value>
                <![CDATA[[TestResult name=ValidateClickTestingOfWorkOrderPage status=SUCCESS method=TicketingTest.ValidateClickTestingOfWorkOrderPage()[pri:27, instance:testcases.TicketingTest@459e9125] output={null}]]]>
              </value>
            </param>
            <param index="1">
              <value>
                <![CDATA[public void testcases.TicketingTest.ValidateClickTestingOfWorkOrderPage()]]>
              </value>
            </param>
          </params>
          <reporter-output>
          </reporter-output>
        </test-method> <!-- reportWrapUp -->
        <test-method is-config="true" signature="beforeMethod(java.lang.reflect.Method)[pri:0, instance:testcases.TicketingTest@459e9125]" started-at="2023-06-29T04:44:47 IST" name="beforeMethod" finished-at="2023-06-29T04:44:47 IST" duration-ms="0" status="PASS">
          <params>
            <param index="0">
              <value>
                <![CDATA[public void testcases.TicketingTest.ValidateClickTestingOfIncidentTypePage()]]>
              </value>
            </param>
          </params>
          <reporter-output>
          </reporter-output>
        </test-method> <!-- beforeMethod -->
        <test-method signature="ValidateClickTestingOfIncidentTypePage()[pri:28, instance:testcases.TicketingTest@459e9125]" started-at="2023-06-29T04:44:47 IST" name="ValidateClickTestingOfIncidentTypePage" finished-at="2023-06-29T04:45:55 IST" duration-ms="67924" status="PASS">
          <reporter-output>
          </reporter-output>
        </test-method> <!-- ValidateClickTestingOfIncidentTypePage -->
        <test-method is-config="true" signature="reportWrapUp(org.testng.ITestResult,java.lang.reflect.Method)[pri:0, instance:testcases.TicketingTest@459e9125]" started-at="2023-06-29T04:45:55 IST" name="reportWrapUp" finished-at="2023-06-29T04:45:55 IST" duration-ms="0" status="PASS">
          <params>
            <param index="0">
              <value>
                <![CDATA[[TestResult name=ValidateClickTestingOfIncidentTypePage status=SUCCESS method=TicketingTest.ValidateClickTestingOfIncidentTypePage()[pri:28, instance:testcases.TicketingTest@459e9125] output={null}]]]>
              </value>
            </param>
            <param index="1">
              <value>
                <![CDATA[public void testcases.TicketingTest.ValidateClickTestingOfIncidentTypePage()]]>
              </value>
            </param>
          </params>
          <reporter-output>
          </reporter-output>
        </test-method> <!-- reportWrapUp -->
        <test-method signature="ValidateClickTestingOfResourceTypePage()[pri:29, instance:testcases.TicketingTest@459e9125]" started-at="2023-06-29T04:45:55 IST" name="ValidateClickTestingOfResourceTypePage" finished-at="2023-06-29T04:47:04 IST" duration-ms="68879" status="PASS">
          <reporter-output>
          </reporter-output>
        </test-method> <!-- ValidateClickTestingOfResourceTypePage -->
        <test-method is-config="true" signature="beforeMethod(java.lang.reflect.Method)[pri:0, instance:testcases.TicketingTest@459e9125]" started-at="2023-06-29T04:45:55 IST" name="beforeMethod" finished-at="2023-06-29T04:45:55 IST" duration-ms="0" status="PASS">
          <params>
            <param index="0">
              <value>
                <![CDATA[public void testcases.TicketingTest.ValidateClickTestingOfResourceTypePage()]]>
              </value>
            </param>
          </params>
          <reporter-output>
          </reporter-output>
        </test-method> <!-- beforeMethod -->
        <test-method is-config="true" signature="reportWrapUp(org.testng.ITestResult,java.lang.reflect.Method)[pri:0, instance:testcases.TicketingTest@459e9125]" started-at="2023-06-29T04:47:04 IST" name="reportWrapUp" finished-at="2023-06-29T04:47:04 IST" duration-ms="1" status="PASS">
          <params>
            <param index="0">
              <value>
                <![CDATA[[TestResult name=ValidateClickTestingOfResourceTypePage status=SUCCESS method=TicketingTest.ValidateClickTestingOfResourceTypePage()[pri:29, instance:testcases.TicketingTest@459e9125] output={null}]]]>
              </value>
            </param>
            <param index="1">
              <value>
                <![CDATA[public void testcases.TicketingTest.ValidateClickTestingOfResourceTypePage()]]>
              </value>
            </param>
          </params>
          <reporter-output>
          </reporter-output>
        </test-method> <!-- reportWrapUp -->
        <test-method is-config="true" signature="closeBrowser()[pri:0, instance:testcases.TicketingTest@459e9125]" started-at="2023-06-29T04:47:04 IST" name="closeBrowser" finished-at="2023-06-29T04:47:05 IST" duration-ms="1252" status="PASS">
          <reporter-output>
          </reporter-output>
        </test-method> <!-- closeBrowser -->
      </class> <!-- testcases.TicketingTest -->
    </test> <!-- Test -->
  </suite> <!-- Suite -->
</testng-results>
