<?xml version="1.0" encoding="UTF-8"?>
<testng-results ignored="25" total="270" passed="233" failed="5" skipped="7">
  <reporter-output>
  </reporter-output>
  <suite started-at="2022-11-09T09:50:00 IST" name="Suite" finished-at="2022-11-09T13:40:02 IST" duration-ms="13801621">
    <groups>
    </groups>
    <test started-at="2022-11-09T09:50:00 IST" name="Test" finished-at="2022-11-09T13:40:02 IST" duration-ms="13801621">
      <class name="testcases.TimeTrackingTest">
        <test-method is-config="true" signature="setUp()[pri:0, instance:testcases.TimeTrackingTest@76505305]" started-at="2022-11-09T12:33:31 IST" name="setUp" finished-at="2022-11-09T12:33:41 IST" duration-ms="9869" status="PASS">
          <reporter-output>
          </reporter-output>
        </test-method> <!-- setUp -->
        <test-method is-config="true" signature="beforeMethod(java.lang.reflect.Method)[pri:0, instance:testcases.TimeTrackingTest@76505305]" started-at="2022-11-09T12:33:41 IST" name="beforeMethod" finished-at="2022-11-09T12:33:41 IST" duration-ms="1" status="PASS">
          <params>
            <param index="0">
              <value>
                <![CDATA[public void testcases.TimeTrackingTest.ValidateClickTestingOfAuditRulePage()]]>
              </value>
            </param>
          </params>
          <reporter-output>
          </reporter-output>
        </test-method> <!-- beforeMethod -->
        <test-method signature="ValidateClickTestingOfAuditRulePage()[pri:0, instance:testcases.TimeTrackingTest@76505305]" started-at="2022-11-09T12:33:41 IST" name="ValidateClickTestingOfAuditRulePage" finished-at="2022-11-09T12:34:25 IST" duration-ms="44308" status="PASS">
          <reporter-output>
          </reporter-output>
        </test-method> <!-- ValidateClickTestingOfAuditRulePage -->
        <test-method is-config="true" signature="reportWrapUp(org.testng.ITestResult,java.lang.reflect.Method)[pri:0, instance:testcases.TimeTrackingTest@76505305]" started-at="2022-11-09T12:34:25 IST" name="reportWrapUp" finished-at="2022-11-09T12:34:25 IST" duration-ms="0" status="PASS">
          <params>
            <param index="0">
              <value>
                <![CDATA[[TestResult name=ValidateClickTestingOfAuditRulePage status=SUCCESS method=TimeTrackingTest.ValidateClickTestingOfAuditRulePage()[pri:0, instance:testcases.TimeTrackingTest@76505305] output={null}]]]>
              </value>
            </param>
            <param index="1">
              <value>
                <![CDATA[public void testcases.TimeTrackingTest.ValidateClickTestingOfAuditRulePage()]]>
              </value>
            </param>
          </params>
          <reporter-output>
          </reporter-output>
        </test-method> <!-- reportWrapUp -->
        <test-method signature="ValidateClickTestingOfBulkTimeEntryPage()[pri:1, instance:testcases.TimeTrackingTest@76505305]" started-at="2022-11-09T12:34:25 IST" name="ValidateClickTestingOfBulkTimeEntryPage" finished-at="2022-11-09T12:35:08 IST" duration-ms="42777" status="PASS">
          <reporter-output>
          </reporter-output>
        </test-method> <!-- ValidateClickTestingOfBulkTimeEntryPage -->
        <test-method is-config="true" signature="beforeMethod(java.lang.reflect.Method)[pri:0, instance:testcases.TimeTrackingTest@76505305]" started-at="2022-11-09T12:34:25 IST" name="beforeMethod" finished-at="2022-11-09T12:34:25 IST" duration-ms="0" status="PASS">
          <params>
            <param index="0">
              <value>
                <![CDATA[public void testcases.TimeTrackingTest.ValidateClickTestingOfBulkTimeEntryPage()]]>
              </value>
            </param>
          </params>
          <reporter-output>
          </reporter-output>
        </test-method> <!-- beforeMethod -->
        <test-method is-config="true" signature="reportWrapUp(org.testng.ITestResult,java.lang.reflect.Method)[pri:0, instance:testcases.TimeTrackingTest@76505305]" started-at="2022-11-09T12:35:08 IST" name="reportWrapUp" finished-at="2022-11-09T12:35:08 IST" duration-ms="1" status="PASS">
          <params>
            <param index="0">
              <value>
                <![CDATA[[TestResult name=ValidateClickTestingOfBulkTimeEntryPage status=SUCCESS method=TimeTrackingTest.ValidateClickTestingOfBulkTimeEntryPage()[pri:1, instance:testcases.TimeTrackingTest@76505305] output={null}]]]>
              </value>
            </param>
            <param index="1">
              <value>
                <![CDATA[public void testcases.TimeTrackingTest.ValidateClickTestingOfBulkTimeEntryPage()]]>
              </value>
            </param>
          </params>
          <reporter-output>
          </reporter-output>
        </test-method> <!-- reportWrapUp -->
        <test-method is-config="true" signature="beforeMethod(java.lang.reflect.Method)[pri:0, instance:testcases.TimeTrackingTest@76505305]" started-at="2022-11-09T12:35:08 IST" name="beforeMethod" finished-at="2022-11-09T12:35:08 IST" duration-ms="1" status="PASS">
          <params>
            <param index="0">
              <value>
                <![CDATA[public void testcases.TimeTrackingTest.ValidateClickTestingOfFlagTrackEntryPage()]]>
              </value>
            </param>
          </params>
          <reporter-output>
          </reporter-output>
        </test-method> <!-- beforeMethod -->
        <test-method signature="ValidateClickTestingOfFlagTrackEntryPage()[pri:2, instance:testcases.TimeTrackingTest@76505305]" started-at="2022-11-09T12:35:08 IST" name="ValidateClickTestingOfFlagTrackEntryPage" finished-at="2022-11-09T12:35:48 IST" duration-ms="39940" status="PASS">
          <reporter-output>
          </reporter-output>
        </test-method> <!-- ValidateClickTestingOfFlagTrackEntryPage -->
        <test-method is-config="true" signature="reportWrapUp(org.testng.ITestResult,java.lang.reflect.Method)[pri:0, instance:testcases.TimeTrackingTest@76505305]" started-at="2022-11-09T12:35:48 IST" name="reportWrapUp" finished-at="2022-11-09T12:35:48 IST" duration-ms="1" status="PASS">
          <params>
            <param index="0">
              <value>
                <![CDATA[[TestResult name=ValidateClickTestingOfFlagTrackEntryPage status=SUCCESS method=TimeTrackingTest.ValidateClickTestingOfFlagTrackEntryPage()[pri:2, instance:testcases.TimeTrackingTest@76505305] output={null}]]]>
              </value>
            </param>
            <param index="1">
              <value>
                <![CDATA[public void testcases.TimeTrackingTest.ValidateClickTestingOfFlagTrackEntryPage()]]>
              </value>
            </param>
          </params>
          <reporter-output>
          </reporter-output>
        </test-method> <!-- reportWrapUp -->
        <test-method is-config="true" signature="beforeMethod(java.lang.reflect.Method)[pri:0, instance:testcases.TimeTrackingTest@76505305]" started-at="2022-11-09T12:35:48 IST" name="beforeMethod" finished-at="2022-11-09T12:35:48 IST" duration-ms="0" status="PASS">
          <params>
            <param index="0">
              <value>
                <![CDATA[public void testcases.TimeTrackingTest.ValidateClickTestingOfProjectReportPage()]]>
              </value>
            </param>
          </params>
          <reporter-output>
          </reporter-output>
        </test-method> <!-- beforeMethod -->
        <test-method signature="ValidateClickTestingOfProjectReportPage()[pri:3, instance:testcases.TimeTrackingTest@76505305]" started-at="2022-11-09T12:35:48 IST" name="ValidateClickTestingOfProjectReportPage" finished-at="2022-11-09T12:36:34 IST" duration-ms="46064" status="PASS">
          <reporter-output>
          </reporter-output>
        </test-method> <!-- ValidateClickTestingOfProjectReportPage -->
        <test-method is-config="true" signature="reportWrapUp(org.testng.ITestResult,java.lang.reflect.Method)[pri:0, instance:testcases.TimeTrackingTest@76505305]" started-at="2022-11-09T12:36:34 IST" name="reportWrapUp" finished-at="2022-11-09T12:36:34 IST" duration-ms="0" status="PASS">
          <params>
            <param index="0">
              <value>
                <![CDATA[[TestResult name=ValidateClickTestingOfProjectReportPage status=SUCCESS method=TimeTrackingTest.ValidateClickTestingOfProjectReportPage()[pri:3, instance:testcases.TimeTrackingTest@76505305] output={null}]]]>
              </value>
            </param>
            <param index="1">
              <value>
                <![CDATA[public void testcases.TimeTrackingTest.ValidateClickTestingOfProjectReportPage()]]>
              </value>
            </param>
          </params>
          <reporter-output>
          </reporter-output>
        </test-method> <!-- reportWrapUp -->
        <test-method is-config="true" signature="beforeMethod(java.lang.reflect.Method)[pri:0, instance:testcases.TimeTrackingTest@76505305]" started-at="2022-11-09T12:36:34 IST" name="beforeMethod" finished-at="2022-11-09T12:36:34 IST" duration-ms="0" status="PASS">
          <params>
            <param index="0">
              <value>
                <![CDATA[public void testcases.TimeTrackingTest.ValidateClickTestingOfTimeReportPage()]]>
              </value>
            </param>
          </params>
          <reporter-output>
          </reporter-output>
        </test-method> <!-- beforeMethod -->
        <test-method signature="ValidateClickTestingOfTimeReportPage()[pri:4, instance:testcases.TimeTrackingTest@76505305]" started-at="2022-11-09T12:36:34 IST" name="ValidateClickTestingOfTimeReportPage" finished-at="2022-11-09T12:37:18 IST" duration-ms="44472" status="PASS">
          <reporter-output>
          </reporter-output>
        </test-method> <!-- ValidateClickTestingOfTimeReportPage -->
        <test-method is-config="true" signature="reportWrapUp(org.testng.ITestResult,java.lang.reflect.Method)[pri:0, instance:testcases.TimeTrackingTest@76505305]" started-at="2022-11-09T12:37:18 IST" name="reportWrapUp" finished-at="2022-11-09T12:37:18 IST" duration-ms="1" status="PASS">
          <params>
            <param index="0">
              <value>
                <![CDATA[[TestResult name=ValidateClickTestingOfTimeReportPage status=SUCCESS method=TimeTrackingTest.ValidateClickTestingOfTimeReportPage()[pri:4, instance:testcases.TimeTrackingTest@76505305] output={null}]]]>
              </value>
            </param>
            <param index="1">
              <value>
                <![CDATA[public void testcases.TimeTrackingTest.ValidateClickTestingOfTimeReportPage()]]>
              </value>
            </param>
          </params>
          <reporter-output>
          </reporter-output>
        </test-method> <!-- reportWrapUp -->
        <test-method is-config="true" signature="beforeMethod(java.lang.reflect.Method)[pri:0, instance:testcases.TimeTrackingTest@76505305]" started-at="2022-11-09T12:37:18 IST" name="beforeMethod" finished-at="2022-11-09T12:37:18 IST" duration-ms="1" status="PASS">
          <params>
            <param index="0">
              <value>
                <![CDATA[public void testcases.TimeTrackingTest.ValidateClickTestingOfTimeApprovalPage()]]>
              </value>
            </param>
          </params>
          <reporter-output>
          </reporter-output>
        </test-method> <!-- beforeMethod -->
        <test-method signature="ValidateClickTestingOfTimeApprovalPage()[pri:5, instance:testcases.TimeTrackingTest@76505305]" started-at="2022-11-09T12:37:18 IST" name="ValidateClickTestingOfTimeApprovalPage" finished-at="2022-11-09T12:38:10 IST" duration-ms="52413" status="PASS">
          <reporter-output>
          </reporter-output>
        </test-method> <!-- ValidateClickTestingOfTimeApprovalPage -->
        <test-method is-config="true" signature="reportWrapUp(org.testng.ITestResult,java.lang.reflect.Method)[pri:0, instance:testcases.TimeTrackingTest@76505305]" started-at="2022-11-09T12:38:10 IST" name="reportWrapUp" finished-at="2022-11-09T12:38:10 IST" duration-ms="0" status="PASS">
          <params>
            <param index="0">
              <value>
                <![CDATA[[TestResult name=ValidateClickTestingOfTimeApprovalPage status=SUCCESS method=TimeTrackingTest.ValidateClickTestingOfTimeApprovalPage()[pri:5, instance:testcases.TimeTrackingTest@76505305] output={null}]]]>
              </value>
            </param>
            <param index="1">
              <value>
                <![CDATA[public void testcases.TimeTrackingTest.ValidateClickTestingOfTimeApprovalPage()]]>
              </value>
            </param>
          </params>
          <reporter-output>
          </reporter-output>
        </test-method> <!-- reportWrapUp -->
        <test-method is-config="true" signature="beforeMethod(java.lang.reflect.Method)[pri:0, instance:testcases.TimeTrackingTest@76505305]" started-at="2022-11-09T12:38:10 IST" name="beforeMethod" finished-at="2022-11-09T12:38:10 IST" duration-ms="0" status="PASS">
          <params>
            <param index="0">
              <value>
                <![CDATA[public void testcases.TimeTrackingTest.ValidateClickTestingOfTimeSheetPage()]]>
              </value>
            </param>
          </params>
          <reporter-output>
          </reporter-output>
        </test-method> <!-- beforeMethod -->
        <test-method signature="ValidateClickTestingOfTimeSheetPage()[pri:6, instance:testcases.TimeTrackingTest@76505305]" started-at="2022-11-09T12:38:10 IST" name="ValidateClickTestingOfTimeSheetPage" finished-at="2022-11-09T12:38:46 IST" duration-ms="35163" status="PASS">
          <reporter-output>
          </reporter-output>
        </test-method> <!-- ValidateClickTestingOfTimeSheetPage -->
        <test-method is-config="true" signature="reportWrapUp(org.testng.ITestResult,java.lang.reflect.Method)[pri:0, instance:testcases.TimeTrackingTest@76505305]" started-at="2022-11-09T12:38:46 IST" name="reportWrapUp" finished-at="2022-11-09T12:38:46 IST" duration-ms="0" status="PASS">
          <params>
            <param index="0">
              <value>
                <![CDATA[[TestResult name=ValidateClickTestingOfTimeSheetPage status=SUCCESS method=TimeTrackingTest.ValidateClickTestingOfTimeSheetPage()[pri:6, instance:testcases.TimeTrackingTest@76505305] output={null}]]]>
              </value>
            </param>
            <param index="1">
              <value>
                <![CDATA[public void testcases.TimeTrackingTest.ValidateClickTestingOfTimeSheetPage()]]>
              </value>
            </param>
          </params>
          <reporter-output>
          </reporter-output>
        </test-method> <!-- reportWrapUp -->
        <test-method is-config="true" signature="beforeMethod(java.lang.reflect.Method)[pri:0, instance:testcases.TimeTrackingTest@76505305]" started-at="2022-11-09T12:38:46 IST" name="beforeMethod" finished-at="2022-11-09T12:38:46 IST" duration-ms="0" status="PASS">
          <params>
            <param index="0">
              <value>
                <![CDATA[public void testcases.TimeTrackingTest.ValidateClickTestingOfTimeTrackPage()]]>
              </value>
            </param>
          </params>
          <reporter-output>
          </reporter-output>
        </test-method> <!-- beforeMethod -->
        <test-method signature="ValidateClickTestingOfTimeTrackPage()[pri:7, instance:testcases.TimeTrackingTest@76505305]" started-at="2022-11-09T12:38:46 IST" name="ValidateClickTestingOfTimeTrackPage" finished-at="2022-11-09T12:39:50 IST" duration-ms="64460" status="PASS">
          <reporter-output>
          </reporter-output>
        </test-method> <!-- ValidateClickTestingOfTimeTrackPage -->
        <test-method is-config="true" signature="reportWrapUp(org.testng.ITestResult,java.lang.reflect.Method)[pri:0, instance:testcases.TimeTrackingTest@76505305]" started-at="2022-11-09T12:39:50 IST" name="reportWrapUp" finished-at="2022-11-09T12:39:50 IST" duration-ms="0" status="PASS">
          <params>
            <param index="0">
              <value>
                <![CDATA[[TestResult name=ValidateClickTestingOfTimeTrackPage status=SUCCESS method=TimeTrackingTest.ValidateClickTestingOfTimeTrackPage()[pri:7, instance:testcases.TimeTrackingTest@76505305] output={null}]]]>
              </value>
            </param>
            <param index="1">
              <value>
                <![CDATA[public void testcases.TimeTrackingTest.ValidateClickTestingOfTimeTrackPage()]]>
              </value>
            </param>
          </params>
          <reporter-output>
          </reporter-output>
        </test-method> <!-- reportWrapUp -->
        <test-method is-config="true" signature="beforeMethod(java.lang.reflect.Method)[pri:0, instance:testcases.TimeTrackingTest@76505305]" started-at="2022-11-09T12:39:50 IST" name="beforeMethod" finished-at="2022-11-09T12:39:50 IST" duration-ms="0" status="PASS">
          <params>
            <param index="0">
              <value>
                <![CDATA[public void testcases.TimeTrackingTest.ValidateClickTestingOfWorkDiaryPage()]]>
              </value>
            </param>
          </params>
          <reporter-output>
          </reporter-output>
        </test-method> <!-- beforeMethod -->
        <test-method signature="ValidateClickTestingOfWorkDiaryPage()[pri:8, instance:testcases.TimeTrackingTest@76505305]" started-at="2022-11-09T12:39:50 IST" name="ValidateClickTestingOfWorkDiaryPage" finished-at="2022-11-09T12:40:40 IST" duration-ms="49873" status="PASS">
          <reporter-output>
          </reporter-output>
        </test-method> <!-- ValidateClickTestingOfWorkDiaryPage -->
        <test-method is-config="true" signature="closeBrowser()[pri:0, instance:testcases.TimeTrackingTest@76505305]" started-at="2022-11-09T12:40:40 IST" name="closeBrowser" finished-at="2022-11-09T12:40:41 IST" duration-ms="677" status="PASS">
          <reporter-output>
          </reporter-output>
        </test-method> <!-- closeBrowser -->
        <test-method is-config="true" signature="reportWrapUp(org.testng.ITestResult,java.lang.reflect.Method)[pri:0, instance:testcases.TimeTrackingTest@76505305]" started-at="2022-11-09T12:40:40 IST" name="reportWrapUp" finished-at="2022-11-09T12:40:40 IST" duration-ms="0" status="PASS">
          <params>
            <param index="0">
              <value>
                <![CDATA[[TestResult name=ValidateClickTestingOfWorkDiaryPage status=SUCCESS method=TimeTrackingTest.ValidateClickTestingOfWorkDiaryPage()[pri:8, instance:testcases.TimeTrackingTest@76505305] output={null}]]]>
              </value>
            </param>
            <param index="1">
              <value>
                <![CDATA[public void testcases.TimeTrackingTest.ValidateClickTestingOfWorkDiaryPage()]]>
              </value>
            </param>
          </params>
          <reporter-output>
          </reporter-output>
        </test-method> <!-- reportWrapUp -->
      </class> <!-- testcases.TimeTrackingTest -->
      <class name="testcases.FsmTest">
        <test-method is-config="true" signature="setUp()[pri:0, instance:testcases.FsmTest@73a1e9a9]" started-at="2022-11-09T12:55:18 IST" name="setUp" finished-at="2022-11-09T12:55:28 IST" duration-ms="9519" status="PASS">
          <reporter-output>
          </reporter-output>
        </test-method> <!-- setUp -->
        <test-method is-config="true" signature="beforeMethod(java.lang.reflect.Method)[pri:0, instance:testcases.FsmTest@73a1e9a9]" started-at="2022-11-09T12:55:28 IST" name="beforeMethod" finished-at="2022-11-09T12:55:28 IST" duration-ms="1" status="PASS">
          <params>
            <param index="0">
              <value>
                <![CDATA[public void testcases.FsmTest.ValidateClickTestingOfAddTicketPage()]]>
              </value>
            </param>
          </params>
          <reporter-output>
          </reporter-output>
        </test-method> <!-- beforeMethod -->
        <test-method signature="ValidateClickTestingOfAddTicketPage()[pri:0, instance:testcases.FsmTest@73a1e9a9]" started-at="2022-11-09T12:55:28 IST" name="ValidateClickTestingOfAddTicketPage" finished-at="2022-11-09T12:56:25 IST" duration-ms="57290" status="PASS">
          <reporter-output>
          </reporter-output>
        </test-method> <!-- ValidateClickTestingOfAddTicketPage -->
        <test-method is-config="true" signature="reportWrapUp(org.testng.ITestResult,java.lang.reflect.Method)[pri:0, instance:testcases.FsmTest@73a1e9a9]" started-at="2022-11-09T12:56:25 IST" name="reportWrapUp" finished-at="2022-11-09T12:56:25 IST" duration-ms="1" status="PASS">
          <params>
            <param index="0">
              <value>
                <![CDATA[[TestResult name=ValidateClickTestingOfAddTicketPage status=SUCCESS method=FsmTest.ValidateClickTestingOfAddTicketPage()[pri:0, instance:testcases.FsmTest@73a1e9a9] output={null}]]]>
              </value>
            </param>
            <param index="1">
              <value>
                <![CDATA[public void testcases.FsmTest.ValidateClickTestingOfAddTicketPage()]]>
              </value>
            </param>
          </params>
          <reporter-output>
          </reporter-output>
        </test-method> <!-- reportWrapUp -->
        <test-method signature="ValidateClickTestingOfCallCenterSyncStatusPage()[pri:1, instance:testcases.FsmTest@73a1e9a9]" started-at="2022-11-09T12:56:25 IST" name="ValidateClickTestingOfCallCenterSyncStatusPage" finished-at="2022-11-09T12:57:00 IST" duration-ms="35163" status="PASS">
          <reporter-output>
          </reporter-output>
        </test-method> <!-- ValidateClickTestingOfCallCenterSyncStatusPage -->
        <test-method is-config="true" signature="beforeMethod(java.lang.reflect.Method)[pri:0, instance:testcases.FsmTest@73a1e9a9]" started-at="2022-11-09T12:56:25 IST" name="beforeMethod" finished-at="2022-11-09T12:56:25 IST" duration-ms="0" status="PASS">
          <params>
            <param index="0">
              <value>
                <![CDATA[public void testcases.FsmTest.ValidateClickTestingOfCallCenterSyncStatusPage()]]>
              </value>
            </param>
          </params>
          <reporter-output>
          </reporter-output>
        </test-method> <!-- beforeMethod -->
        <test-method is-config="true" signature="reportWrapUp(org.testng.ITestResult,java.lang.reflect.Method)[pri:0, instance:testcases.FsmTest@73a1e9a9]" started-at="2022-11-09T12:57:00 IST" name="reportWrapUp" finished-at="2022-11-09T12:57:00 IST" duration-ms="1" status="PASS">
          <params>
            <param index="0">
              <value>
                <![CDATA[[TestResult name=ValidateClickTestingOfCallCenterSyncStatusPage status=SUCCESS method=FsmTest.ValidateClickTestingOfCallCenterSyncStatusPage()[pri:1, instance:testcases.FsmTest@73a1e9a9] output={null}]]]>
              </value>
            </param>
            <param index="1">
              <value>
                <![CDATA[public void testcases.FsmTest.ValidateClickTestingOfCallCenterSyncStatusPage()]]>
              </value>
            </param>
          </params>
          <reporter-output>
          </reporter-output>
        </test-method> <!-- reportWrapUp -->
        <test-method is-config="true" signature="beforeMethod(java.lang.reflect.Method)[pri:0, instance:testcases.FsmTest@73a1e9a9]" started-at="2022-11-09T12:57:00 IST" name="beforeMethod" finished-at="2022-11-09T12:57:00 IST" duration-ms="0" status="PASS">
          <params>
            <param index="0">
              <value>
                <![CDATA[public void testcases.FsmTest.ValidateClickTestingOfFieldServiceTicketPage()]]>
              </value>
            </param>
          </params>
          <reporter-output>
          </reporter-output>
        </test-method> <!-- beforeMethod -->
        <test-method signature="ValidateClickTestingOfFieldServiceTicketPage()[pri:3, instance:testcases.FsmTest@73a1e9a9]" started-at="2022-11-09T12:57:00 IST" name="ValidateClickTestingOfFieldServiceTicketPage" finished-at="2022-11-09T12:58:36 IST" duration-ms="96002" status="PASS">
          <reporter-output>
          </reporter-output>
        </test-method> <!-- ValidateClickTestingOfFieldServiceTicketPage -->
        <test-method is-config="true" signature="reportWrapUp(org.testng.ITestResult,java.lang.reflect.Method)[pri:0, instance:testcases.FsmTest@73a1e9a9]" started-at="2022-11-09T12:58:36 IST" name="reportWrapUp" finished-at="2022-11-09T12:58:36 IST" duration-ms="1" status="PASS">
          <params>
            <param index="0">
              <value>
                <![CDATA[[TestResult name=ValidateClickTestingOfFieldServiceTicketPage status=SUCCESS method=FsmTest.ValidateClickTestingOfFieldServiceTicketPage()[pri:3, instance:testcases.FsmTest@73a1e9a9] output={null}]]]>
              </value>
            </param>
            <param index="1">
              <value>
                <![CDATA[public void testcases.FsmTest.ValidateClickTestingOfFieldServiceTicketPage()]]>
              </value>
            </param>
          </params>
          <reporter-output>
          </reporter-output>
        </test-method> <!-- reportWrapUp -->
        <test-method signature="ValidateClickTestingOfFormBuilderPage()[pri:4, instance:testcases.FsmTest@73a1e9a9]" started-at="2022-11-09T12:58:36 IST" name="ValidateClickTestingOfFormBuilderPage" finished-at="2022-11-09T12:59:28 IST" duration-ms="52210" status="PASS">
          <reporter-output>
          </reporter-output>
        </test-method> <!-- ValidateClickTestingOfFormBuilderPage -->
        <test-method is-config="true" signature="beforeMethod(java.lang.reflect.Method)[pri:0, instance:testcases.FsmTest@73a1e9a9]" started-at="2022-11-09T12:58:36 IST" name="beforeMethod" finished-at="2022-11-09T12:58:36 IST" duration-ms="0" status="PASS">
          <params>
            <param index="0">
              <value>
                <![CDATA[public void testcases.FsmTest.ValidateClickTestingOfFormBuilderPage()]]>
              </value>
            </param>
          </params>
          <reporter-output>
          </reporter-output>
        </test-method> <!-- beforeMethod -->
        <test-method is-config="true" signature="reportWrapUp(org.testng.ITestResult,java.lang.reflect.Method)[pri:0, instance:testcases.FsmTest@73a1e9a9]" started-at="2022-11-09T12:59:28 IST" name="reportWrapUp" finished-at="2022-11-09T12:59:28 IST" duration-ms="0" status="PASS">
          <params>
            <param index="0">
              <value>
                <![CDATA[[TestResult name=ValidateClickTestingOfFormBuilderPage status=SUCCESS method=FsmTest.ValidateClickTestingOfFormBuilderPage()[pri:4, instance:testcases.FsmTest@73a1e9a9] output={null}]]]>
              </value>
            </param>
            <param index="1">
              <value>
                <![CDATA[public void testcases.FsmTest.ValidateClickTestingOfFormBuilderPage()]]>
              </value>
            </param>
          </params>
          <reporter-output>
          </reporter-output>
        </test-method> <!-- reportWrapUp -->
        <test-method is-config="true" signature="beforeMethod(java.lang.reflect.Method)[pri:0, instance:testcases.FsmTest@73a1e9a9]" started-at="2022-11-09T12:59:28 IST" name="beforeMethod" finished-at="2022-11-09T12:59:28 IST" duration-ms="0" status="PASS">
          <params>
            <param index="0">
              <value>
                <![CDATA[public void testcases.FsmTest.ValidateClickTestingOfFSMReportPage()]]>
              </value>
            </param>
          </params>
          <reporter-output>
          </reporter-output>
        </test-method> <!-- beforeMethod -->
        <test-method signature="ValidateClickTestingOfFSMReportPage()[pri:5, instance:testcases.FsmTest@73a1e9a9]" started-at="2022-11-09T12:59:28 IST" name="ValidateClickTestingOfFSMReportPage" finished-at="2022-11-09T13:00:08 IST" duration-ms="39710" status="PASS">
          <reporter-output>
          </reporter-output>
        </test-method> <!-- ValidateClickTestingOfFSMReportPage -->
        <test-method is-config="true" signature="reportWrapUp(org.testng.ITestResult,java.lang.reflect.Method)[pri:0, instance:testcases.FsmTest@73a1e9a9]" started-at="2022-11-09T13:00:08 IST" name="reportWrapUp" finished-at="2022-11-09T13:00:08 IST" duration-ms="1" status="PASS">
          <params>
            <param index="0">
              <value>
                <![CDATA[[TestResult name=ValidateClickTestingOfFSMReportPage status=SUCCESS method=FsmTest.ValidateClickTestingOfFSMReportPage()[pri:5, instance:testcases.FsmTest@73a1e9a9] output={null}]]]>
              </value>
            </param>
            <param index="1">
              <value>
                <![CDATA[public void testcases.FsmTest.ValidateClickTestingOfFSMReportPage()]]>
              </value>
            </param>
          </params>
          <reporter-output>
          </reporter-output>
        </test-method> <!-- reportWrapUp -->
        <test-method is-config="true" signature="beforeMethod(java.lang.reflect.Method)[pri:0, instance:testcases.FsmTest@73a1e9a9]" started-at="2022-11-09T13:00:08 IST" name="beforeMethod" finished-at="2022-11-09T13:00:08 IST" duration-ms="0" status="PASS">
          <params>
            <param index="0">
              <value>
                <![CDATA[public void testcases.FsmTest.ValidateClickTestingOfManageMapConfigurationPage()]]>
              </value>
            </param>
          </params>
          <reporter-output>
          </reporter-output>
        </test-method> <!-- beforeMethod -->
        <test-method signature="ValidateClickTestingOfManageMapConfigurationPage()[pri:6, instance:testcases.FsmTest@73a1e9a9]" started-at="2022-11-09T13:00:08 IST" name="ValidateClickTestingOfManageMapConfigurationPage" finished-at="2022-11-09T13:00:58 IST" duration-ms="50431" status="PASS">
          <reporter-output>
          </reporter-output>
        </test-method> <!-- ValidateClickTestingOfManageMapConfigurationPage -->
        <test-method is-config="true" signature="reportWrapUp(org.testng.ITestResult,java.lang.reflect.Method)[pri:0, instance:testcases.FsmTest@73a1e9a9]" started-at="2022-11-09T13:00:58 IST" name="reportWrapUp" finished-at="2022-11-09T13:00:58 IST" duration-ms="0" status="PASS">
          <params>
            <param index="0">
              <value>
                <![CDATA[[TestResult name=ValidateClickTestingOfManageMapConfigurationPage status=SUCCESS method=FsmTest.ValidateClickTestingOfManageMapConfigurationPage()[pri:6, instance:testcases.FsmTest@73a1e9a9] output={null}]]]>
              </value>
            </param>
            <param index="1">
              <value>
                <![CDATA[public void testcases.FsmTest.ValidateClickTestingOfManageMapConfigurationPage()]]>
              </value>
            </param>
          </params>
          <reporter-output>
          </reporter-output>
        </test-method> <!-- reportWrapUp -->
        <test-method signature="ValidateClickTestingOfMapExtentPage()[pri:7, instance:testcases.FsmTest@73a1e9a9]" started-at="2022-11-09T13:00:58 IST" name="ValidateClickTestingOfMapExtentPage" finished-at="2022-11-09T13:01:40 IST" duration-ms="41383" status="PASS">
          <reporter-output>
          </reporter-output>
        </test-method> <!-- ValidateClickTestingOfMapExtentPage -->
        <test-method is-config="true" signature="beforeMethod(java.lang.reflect.Method)[pri:0, instance:testcases.FsmTest@73a1e9a9]" started-at="2022-11-09T13:00:58 IST" name="beforeMethod" finished-at="2022-11-09T13:00:58 IST" duration-ms="0" status="PASS">
          <params>
            <param index="0">
              <value>
                <![CDATA[public void testcases.FsmTest.ValidateClickTestingOfMapExtentPage()]]>
              </value>
            </param>
          </params>
          <reporter-output>
          </reporter-output>
        </test-method> <!-- beforeMethod -->
        <test-method is-config="true" signature="reportWrapUp(org.testng.ITestResult,java.lang.reflect.Method)[pri:0, instance:testcases.FsmTest@73a1e9a9]" started-at="2022-11-09T13:01:40 IST" name="reportWrapUp" finished-at="2022-11-09T13:01:40 IST" duration-ms="2" status="PASS">
          <params>
            <param index="0">
              <value>
                <![CDATA[[TestResult name=ValidateClickTestingOfMapExtentPage status=SUCCESS method=FsmTest.ValidateClickTestingOfMapExtentPage()[pri:7, instance:testcases.FsmTest@73a1e9a9] output={null}]]]>
              </value>
            </param>
            <param index="1">
              <value>
                <![CDATA[public void testcases.FsmTest.ValidateClickTestingOfMapExtentPage()]]>
              </value>
            </param>
          </params>
          <reporter-output>
          </reporter-output>
        </test-method> <!-- reportWrapUp -->
        <test-method is-config="true" signature="beforeMethod(java.lang.reflect.Method)[pri:0, instance:testcases.FsmTest@73a1e9a9]" started-at="2022-11-09T13:01:40 IST" name="beforeMethod" finished-at="2022-11-09T13:01:40 IST" duration-ms="1" status="PASS">
          <params>
            <param index="0">
              <value>
                <![CDATA[public void testcases.FsmTest.ValidateClickTestingOfRuleEnginePage()]]>
              </value>
            </param>
          </params>
          <reporter-output>
          </reporter-output>
        </test-method> <!-- beforeMethod -->
        <test-method signature="ValidateClickTestingOfRuleEnginePage()[pri:8, instance:testcases.FsmTest@73a1e9a9]" started-at="2022-11-09T13:01:40 IST" name="ValidateClickTestingOfRuleEnginePage" finished-at="2022-11-09T13:02:49 IST" duration-ms="69303" status="PASS">
          <reporter-output>
          </reporter-output>
        </test-method> <!-- ValidateClickTestingOfRuleEnginePage -->
        <test-method is-config="true" signature="reportWrapUp(org.testng.ITestResult,java.lang.reflect.Method)[pri:0, instance:testcases.FsmTest@73a1e9a9]" started-at="2022-11-09T13:02:49 IST" name="reportWrapUp" finished-at="2022-11-09T13:02:49 IST" duration-ms="0" status="PASS">
          <params>
            <param index="0">
              <value>
                <![CDATA[[TestResult name=ValidateClickTestingOfRuleEnginePage status=SUCCESS method=FsmTest.ValidateClickTestingOfRuleEnginePage()[pri:8, instance:testcases.FsmTest@73a1e9a9] output={null}]]]>
              </value>
            </param>
            <param index="1">
              <value>
                <![CDATA[public void testcases.FsmTest.ValidateClickTestingOfRuleEnginePage()]]>
              </value>
            </param>
          </params>
          <reporter-output>
          </reporter-output>
        </test-method> <!-- reportWrapUp -->
        <test-method is-config="true" signature="beforeMethod(java.lang.reflect.Method)[pri:0, instance:testcases.FsmTest@73a1e9a9]" started-at="2022-11-09T13:02:49 IST" name="beforeMethod" finished-at="2022-11-09T13:02:49 IST" duration-ms="1" status="PASS">
          <params>
            <param index="0">
              <value>
                <![CDATA[public void testcases.FsmTest.ValidateClickTestingOfServiceAppointmentPage()]]>
              </value>
            </param>
          </params>
          <reporter-output>
          </reporter-output>
        </test-method> <!-- beforeMethod -->
        <test-method signature="ValidateClickTestingOfServiceAppointmentPage()[pri:9, instance:testcases.FsmTest@73a1e9a9]" started-at="2022-11-09T13:02:49 IST" name="ValidateClickTestingOfServiceAppointmentPage" finished-at="2022-11-09T13:04:08 IST" duration-ms="79230" status="PASS">
          <reporter-output>
          </reporter-output>
        </test-method> <!-- ValidateClickTestingOfServiceAppointmentPage -->
        <test-method is-config="true" signature="reportWrapUp(org.testng.ITestResult,java.lang.reflect.Method)[pri:0, instance:testcases.FsmTest@73a1e9a9]" started-at="2022-11-09T13:04:08 IST" name="reportWrapUp" finished-at="2022-11-09T13:04:08 IST" duration-ms="1" status="PASS">
          <params>
            <param index="0">
              <value>
                <![CDATA[[TestResult name=ValidateClickTestingOfServiceAppointmentPage status=SUCCESS method=FsmTest.ValidateClickTestingOfServiceAppointmentPage()[pri:9, instance:testcases.FsmTest@73a1e9a9] output={null}]]]>
              </value>
            </param>
            <param index="1">
              <value>
                <![CDATA[public void testcases.FsmTest.ValidateClickTestingOfServiceAppointmentPage()]]>
              </value>
            </param>
          </params>
          <reporter-output>
          </reporter-output>
        </test-method> <!-- reportWrapUp -->
        <test-method is-config="true" signature="beforeMethod(java.lang.reflect.Method)[pri:0, instance:testcases.FsmTest@73a1e9a9]" started-at="2022-11-09T13:04:08 IST" name="beforeMethod" finished-at="2022-11-09T13:04:08 IST" duration-ms="1" status="PASS">
          <params>
            <param index="0">
              <value>
                <![CDATA[public void testcases.FsmTest.ValidateClickTestingOfServiceCrewPage()]]>
              </value>
            </param>
          </params>
          <reporter-output>
          </reporter-output>
        </test-method> <!-- beforeMethod -->
        <test-method signature="ValidateClickTestingOfServiceCrewPage()[pri:10, instance:testcases.FsmTest@73a1e9a9]" started-at="2022-11-09T13:04:08 IST" name="ValidateClickTestingOfServiceCrewPage" finished-at="2022-11-09T13:04:58 IST" duration-ms="49269" status="PASS">
          <reporter-output>
          </reporter-output>
        </test-method> <!-- ValidateClickTestingOfServiceCrewPage -->
        <test-method is-config="true" signature="beforeMethod(java.lang.reflect.Method)[pri:0, instance:testcases.FsmTest@73a1e9a9]" started-at="2022-11-09T13:04:58 IST" name="beforeMethod" finished-at="2022-11-09T13:04:58 IST" duration-ms="1" status="PASS">
          <params>
            <param index="0">
              <value>
                <![CDATA[public void testcases.FsmTest.ValidateClickTestingOfServiceResourcePage()]]>
              </value>
            </param>
          </params>
          <reporter-output>
          </reporter-output>
        </test-method> <!-- beforeMethod -->
        <test-method is-config="true" signature="reportWrapUp(org.testng.ITestResult,java.lang.reflect.Method)[pri:0, instance:testcases.FsmTest@73a1e9a9]" started-at="2022-11-09T13:04:58 IST" name="reportWrapUp" finished-at="2022-11-09T13:04:58 IST" duration-ms="0" status="PASS">
          <params>
            <param index="0">
              <value>
                <![CDATA[[TestResult name=ValidateClickTestingOfServiceCrewPage status=SUCCESS method=FsmTest.ValidateClickTestingOfServiceCrewPage()[pri:10, instance:testcases.FsmTest@73a1e9a9] output={null}]]]>
              </value>
            </param>
            <param index="1">
              <value>
                <![CDATA[public void testcases.FsmTest.ValidateClickTestingOfServiceCrewPage()]]>
              </value>
            </param>
          </params>
          <reporter-output>
          </reporter-output>
        </test-method> <!-- reportWrapUp -->
        <test-method signature="ValidateClickTestingOfServiceResourcePage()[pri:11, instance:testcases.FsmTest@73a1e9a9]" started-at="2022-11-09T13:04:58 IST" name="ValidateClickTestingOfServiceResourcePage" finished-at="2022-11-09T13:05:46 IST" duration-ms="48798" status="PASS">
          <reporter-output>
          </reporter-output>
        </test-method> <!-- ValidateClickTestingOfServiceResourcePage -->
        <test-method is-config="true" signature="beforeMethod(java.lang.reflect.Method)[pri:0, instance:testcases.FsmTest@73a1e9a9]" started-at="2022-11-09T13:05:46 IST" name="beforeMethod" finished-at="2022-11-09T13:05:46 IST" duration-ms="1" status="PASS">
          <params>
            <param index="0">
              <value>
                <![CDATA[public void testcases.FsmTest.ValidateClickTestingOfServiceTerritoryePage()]]>
              </value>
            </param>
          </params>
          <reporter-output>
          </reporter-output>
        </test-method> <!-- beforeMethod -->
        <test-method is-config="true" signature="reportWrapUp(org.testng.ITestResult,java.lang.reflect.Method)[pri:0, instance:testcases.FsmTest@73a1e9a9]" started-at="2022-11-09T13:05:46 IST" name="reportWrapUp" finished-at="2022-11-09T13:05:46 IST" duration-ms="0" status="PASS">
          <params>
            <param index="0">
              <value>
                <![CDATA[[TestResult name=ValidateClickTestingOfServiceResourcePage status=SUCCESS method=FsmTest.ValidateClickTestingOfServiceResourcePage()[pri:11, instance:testcases.FsmTest@73a1e9a9] output={null}]]]>
              </value>
            </param>
            <param index="1">
              <value>
                <![CDATA[public void testcases.FsmTest.ValidateClickTestingOfServiceResourcePage()]]>
              </value>
            </param>
          </params>
          <reporter-output>
          </reporter-output>
        </test-method> <!-- reportWrapUp -->
        <test-method signature="ValidateClickTestingOfServiceTerritoryePage()[pri:12, instance:testcases.FsmTest@73a1e9a9]" started-at="2022-11-09T13:05:46 IST" name="ValidateClickTestingOfServiceTerritoryePage" finished-at="2022-11-09T13:06:35 IST" duration-ms="48506" status="PASS">
          <reporter-output>
          </reporter-output>
        </test-method> <!-- ValidateClickTestingOfServiceTerritoryePage -->
        <test-method is-config="true" signature="reportWrapUp(org.testng.ITestResult,java.lang.reflect.Method)[pri:0, instance:testcases.FsmTest@73a1e9a9]" started-at="2022-11-09T13:06:35 IST" name="reportWrapUp" finished-at="2022-11-09T13:06:35 IST" duration-ms="0" status="PASS">
          <params>
            <param index="0">
              <value>
                <![CDATA[[TestResult name=ValidateClickTestingOfServiceTerritoryePage status=SUCCESS method=FsmTest.ValidateClickTestingOfServiceTerritoryePage()[pri:12, instance:testcases.FsmTest@73a1e9a9] output={null}]]]>
              </value>
            </param>
            <param index="1">
              <value>
                <![CDATA[public void testcases.FsmTest.ValidateClickTestingOfServiceTerritoryePage()]]>
              </value>
            </param>
          </params>
          <reporter-output>
          </reporter-output>
        </test-method> <!-- reportWrapUp -->
        <test-method signature="ValidateClickTestingOfTechTrackingPage()[pri:13, instance:testcases.FsmTest@73a1e9a9]" started-at="2022-11-09T13:06:35 IST" name="ValidateClickTestingOfTechTrackingPage" finished-at="2022-11-09T13:07:14 IST" duration-ms="38934" status="PASS">
          <reporter-output>
          </reporter-output>
        </test-method> <!-- ValidateClickTestingOfTechTrackingPage -->
        <test-method is-config="true" signature="beforeMethod(java.lang.reflect.Method)[pri:0, instance:testcases.FsmTest@73a1e9a9]" started-at="2022-11-09T13:06:35 IST" name="beforeMethod" finished-at="2022-11-09T13:06:35 IST" duration-ms="0" status="PASS">
          <params>
            <param index="0">
              <value>
                <![CDATA[public void testcases.FsmTest.ValidateClickTestingOfTechTrackingPage()]]>
              </value>
            </param>
          </params>
          <reporter-output>
          </reporter-output>
        </test-method> <!-- beforeMethod -->
        <test-method is-config="true" signature="reportWrapUp(org.testng.ITestResult,java.lang.reflect.Method)[pri:0, instance:testcases.FsmTest@73a1e9a9]" started-at="2022-11-09T13:07:14 IST" name="reportWrapUp" finished-at="2022-11-09T13:07:14 IST" duration-ms="1" status="PASS">
          <params>
            <param index="0">
              <value>
                <![CDATA[[TestResult name=ValidateClickTestingOfTechTrackingPage status=SUCCESS method=FsmTest.ValidateClickTestingOfTechTrackingPage()[pri:13, instance:testcases.FsmTest@73a1e9a9] output={null}]]]>
              </value>
            </param>
            <param index="1">
              <value>
                <![CDATA[public void testcases.FsmTest.ValidateClickTestingOfTechTrackingPage()]]>
              </value>
            </param>
          </params>
          <reporter-output>
          </reporter-output>
        </test-method> <!-- reportWrapUp -->
        <test-method signature="ValidateClickTestingOfTicketingPage()[pri:14, instance:testcases.FsmTest@73a1e9a9]" started-at="2022-11-09T13:07:14 IST" name="ValidateClickTestingOfTicketingPage" finished-at="2022-11-09T13:09:14 IST" duration-ms="120129" status="PASS">
          <reporter-output>
          </reporter-output>
        </test-method> <!-- ValidateClickTestingOfTicketingPage -->
        <test-method is-config="true" signature="beforeMethod(java.lang.reflect.Method)[pri:0, instance:testcases.FsmTest@73a1e9a9]" started-at="2022-11-09T13:07:14 IST" name="beforeMethod" finished-at="2022-11-09T13:07:14 IST" duration-ms="0" status="PASS">
          <params>
            <param index="0">
              <value>
                <![CDATA[public void testcases.FsmTest.ValidateClickTestingOfTicketingPage()]]>
              </value>
            </param>
          </params>
          <reporter-output>
          </reporter-output>
        </test-method> <!-- beforeMethod -->
        <test-method is-config="true" signature="reportWrapUp(org.testng.ITestResult,java.lang.reflect.Method)[pri:0, instance:testcases.FsmTest@73a1e9a9]" started-at="2022-11-09T13:09:14 IST" name="reportWrapUp" finished-at="2022-11-09T13:09:14 IST" duration-ms="0" status="PASS">
          <params>
            <param index="0">
              <value>
                <![CDATA[[TestResult name=ValidateClickTestingOfTicketingPage status=SUCCESS method=FsmTest.ValidateClickTestingOfTicketingPage()[pri:14, instance:testcases.FsmTest@73a1e9a9] output={null}]]]>
              </value>
            </param>
            <param index="1">
              <value>
                <![CDATA[public void testcases.FsmTest.ValidateClickTestingOfTicketingPage()]]>
              </value>
            </param>
          </params>
          <reporter-output>
          </reporter-output>
        </test-method> <!-- reportWrapUp -->
        <test-method is-config="true" signature="beforeMethod(java.lang.reflect.Method)[pri:0, instance:testcases.FsmTest@73a1e9a9]" started-at="2022-11-09T13:09:14 IST" name="beforeMethod" finished-at="2022-11-09T13:09:14 IST" duration-ms="0" status="PASS">
          <params>
            <param index="0">
              <value>
                <![CDATA[public void testcases.FsmTest.ValidateClickTestingOfTransformPendingPage()]]>
              </value>
            </param>
          </params>
          <reporter-output>
          </reporter-output>
        </test-method> <!-- beforeMethod -->
        <test-method signature="ValidateClickTestingOfTransformPendingPage()[pri:15, instance:testcases.FsmTest@73a1e9a9]" started-at="2022-11-09T13:09:14 IST" name="ValidateClickTestingOfTransformPendingPage" finished-at="2022-11-09T13:09:50 IST" duration-ms="35850" status="PASS">
          <reporter-output>
          </reporter-output>
        </test-method> <!-- ValidateClickTestingOfTransformPendingPage -->
        <test-method is-config="true" signature="reportWrapUp(org.testng.ITestResult,java.lang.reflect.Method)[pri:0, instance:testcases.FsmTest@73a1e9a9]" started-at="2022-11-09T13:09:50 IST" name="reportWrapUp" finished-at="2022-11-09T13:09:50 IST" duration-ms="0" status="PASS">
          <params>
            <param index="0">
              <value>
                <![CDATA[[TestResult name=ValidateClickTestingOfTransformPendingPage status=SUCCESS method=FsmTest.ValidateClickTestingOfTransformPendingPage()[pri:15, instance:testcases.FsmTest@73a1e9a9] output={null}]]]>
              </value>
            </param>
            <param index="1">
              <value>
                <![CDATA[public void testcases.FsmTest.ValidateClickTestingOfTransformPendingPage()]]>
              </value>
            </param>
          </params>
          <reporter-output>
          </reporter-output>
        </test-method> <!-- reportWrapUp -->
        <test-method is-config="true" signature="beforeMethod(java.lang.reflect.Method)[pri:0, instance:testcases.FsmTest@73a1e9a9]" started-at="2022-11-09T13:09:50 IST" name="beforeMethod" finished-at="2022-11-09T13:09:50 IST" duration-ms="0" status="PASS">
          <params>
            <param index="0">
              <value>
                <![CDATA[public void testcases.FsmTest.ValidateClickTestingOfunassignedTicketPage()]]>
              </value>
            </param>
          </params>
          <reporter-output>
          </reporter-output>
        </test-method> <!-- beforeMethod -->
        <test-method signature="ValidateClickTestingOfunassignedTicketPage()[pri:16, instance:testcases.FsmTest@73a1e9a9]" started-at="2022-11-09T13:09:50 IST" name="ValidateClickTestingOfunassignedTicketPage" finished-at="2022-11-09T13:11:31 IST" duration-ms="101114" status="PASS">
          <reporter-output>
          </reporter-output>
        </test-method> <!-- ValidateClickTestingOfunassignedTicketPage -->
        <test-method is-config="true" signature="reportWrapUp(org.testng.ITestResult,java.lang.reflect.Method)[pri:0, instance:testcases.FsmTest@73a1e9a9]" started-at="2022-11-09T13:11:31 IST" name="reportWrapUp" finished-at="2022-11-09T13:11:31 IST" duration-ms="1" status="PASS">
          <params>
            <param index="0">
              <value>
                <![CDATA[[TestResult name=ValidateClickTestingOfunassignedTicketPage status=SUCCESS method=FsmTest.ValidateClickTestingOfunassignedTicketPage()[pri:16, instance:testcases.FsmTest@73a1e9a9] output={null}]]]>
              </value>
            </param>
            <param index="1">
              <value>
                <![CDATA[public void testcases.FsmTest.ValidateClickTestingOfunassignedTicketPage()]]>
              </value>
            </param>
          </params>
          <reporter-output>
          </reporter-output>
        </test-method> <!-- reportWrapUp -->
        <test-method is-config="true" signature="beforeMethod(java.lang.reflect.Method)[pri:0, instance:testcases.FsmTest@73a1e9a9]" started-at="2022-11-09T13:11:31 IST" name="beforeMethod" finished-at="2022-11-09T13:11:31 IST" duration-ms="1" status="PASS">
          <params>
            <param index="0">
              <value>
                <![CDATA[public void testcases.FsmTest.ValidateClickTestingOfWorkTypeListingPage()]]>
              </value>
            </param>
          </params>
          <reporter-output>
          </reporter-output>
        </test-method> <!-- beforeMethod -->
        <test-method signature="ValidateClickTestingOfWorkTypeListingPage()[pri:17, instance:testcases.FsmTest@73a1e9a9]" started-at="2022-11-09T13:11:31 IST" name="ValidateClickTestingOfWorkTypeListingPage" finished-at="2022-11-09T13:12:21 IST" duration-ms="50416" status="PASS">
          <reporter-output>
          </reporter-output>
        </test-method> <!-- ValidateClickTestingOfWorkTypeListingPage -->
        <test-method is-config="true" signature="reportWrapUp(org.testng.ITestResult,java.lang.reflect.Method)[pri:0, instance:testcases.FsmTest@73a1e9a9]" started-at="2022-11-09T13:12:21 IST" name="reportWrapUp" finished-at="2022-11-09T13:12:21 IST" duration-ms="1" status="PASS">
          <params>
            <param index="0">
              <value>
                <![CDATA[[TestResult name=ValidateClickTestingOfWorkTypeListingPage status=SUCCESS method=FsmTest.ValidateClickTestingOfWorkTypeListingPage()[pri:17, instance:testcases.FsmTest@73a1e9a9] output={null}]]]>
              </value>
            </param>
            <param index="1">
              <value>
                <![CDATA[public void testcases.FsmTest.ValidateClickTestingOfWorkTypeListingPage()]]>
              </value>
            </param>
          </params>
          <reporter-output>
          </reporter-output>
        </test-method> <!-- reportWrapUp -->
        <test-method is-config="true" signature="beforeMethod(java.lang.reflect.Method)[pri:0, instance:testcases.FsmTest@73a1e9a9]" started-at="2022-11-09T13:12:21 IST" name="beforeMethod" finished-at="2022-11-09T13:12:21 IST" duration-ms="0" status="PASS">
          <params>
            <param index="0">
              <value>
                <![CDATA[public void testcases.FsmTest.ValidateClickTestingOfZoneManagementPage()]]>
              </value>
            </param>
          </params>
          <reporter-output>
          </reporter-output>
        </test-method> <!-- beforeMethod -->
        <test-method signature="ValidateClickTestingOfZoneManagementPage()[pri:18, instance:testcases.FsmTest@73a1e9a9]" started-at="2022-11-09T13:12:21 IST" name="ValidateClickTestingOfZoneManagementPage" finished-at="2022-11-09T13:13:27 IST" duration-ms="65828" status="PASS">
          <reporter-output>
          </reporter-output>
        </test-method> <!-- ValidateClickTestingOfZoneManagementPage -->
        <test-method is-config="true" signature="reportWrapUp(org.testng.ITestResult,java.lang.reflect.Method)[pri:0, instance:testcases.FsmTest@73a1e9a9]" started-at="2022-11-09T13:13:27 IST" name="reportWrapUp" finished-at="2022-11-09T13:13:27 IST" duration-ms="0" status="PASS">
          <params>
            <param index="0">
              <value>
                <![CDATA[[TestResult name=ValidateClickTestingOfZoneManagementPage status=SUCCESS method=FsmTest.ValidateClickTestingOfZoneManagementPage()[pri:18, instance:testcases.FsmTest@73a1e9a9] output={null}]]]>
              </value>
            </param>
            <param index="1">
              <value>
                <![CDATA[public void testcases.FsmTest.ValidateClickTestingOfZoneManagementPage()]]>
              </value>
            </param>
          </params>
          <reporter-output>
          </reporter-output>
        </test-method> <!-- reportWrapUp -->
        <test-method signature="ValidateClickTestingOfDashBoardPage()[pri:19, instance:testcases.FsmTest@73a1e9a9]" started-at="2022-11-09T13:13:27 IST" name="ValidateClickTestingOfDashBoardPage" finished-at="2022-11-09T13:14:22 IST" duration-ms="54487" status="PASS">
          <reporter-output>
          </reporter-output>
        </test-method> <!-- ValidateClickTestingOfDashBoardPage -->
        <test-method is-config="true" signature="beforeMethod(java.lang.reflect.Method)[pri:0, instance:testcases.FsmTest@73a1e9a9]" started-at="2022-11-09T13:13:27 IST" name="beforeMethod" finished-at="2022-11-09T13:13:27 IST" duration-ms="0" status="PASS">
          <params>
            <param index="0">
              <value>
                <![CDATA[public void testcases.FsmTest.ValidateClickTestingOfDashBoardPage()]]>
              </value>
            </param>
          </params>
          <reporter-output>
          </reporter-output>
        </test-method> <!-- beforeMethod -->
        <test-method is-config="true" signature="reportWrapUp(org.testng.ITestResult,java.lang.reflect.Method)[pri:0, instance:testcases.FsmTest@73a1e9a9]" started-at="2022-11-09T13:14:22 IST" name="reportWrapUp" finished-at="2022-11-09T13:14:22 IST" duration-ms="1" status="PASS">
          <params>
            <param index="0">
              <value>
                <![CDATA[[TestResult name=ValidateClickTestingOfDashBoardPage status=SUCCESS method=FsmTest.ValidateClickTestingOfDashBoardPage()[pri:19, instance:testcases.FsmTest@73a1e9a9] output={null}]]]>
              </value>
            </param>
            <param index="1">
              <value>
                <![CDATA[public void testcases.FsmTest.ValidateClickTestingOfDashBoardPage()]]>
              </value>
            </param>
          </params>
          <reporter-output>
          </reporter-output>
        </test-method> <!-- reportWrapUp -->
        <test-method is-config="true" signature="closeBrowser()[pri:0, instance:testcases.FsmTest@73a1e9a9]" started-at="2022-11-09T13:14:22 IST" name="closeBrowser" finished-at="2022-11-09T13:14:42 IST" duration-ms="20286" status="PASS">
          <reporter-output>
          </reporter-output>
        </test-method> <!-- closeBrowser -->
      </class> <!-- testcases.FsmTest -->
      <class name="testcases.ProjectManagementTest">
        <test-method is-config="true" signature="setUp()[pri:0, instance:testcases.ProjectManagementTest@7b98f307]" started-at="2022-11-09T13:17:49 IST" name="setUp" finished-at="2022-11-09T13:18:53 IST" duration-ms="63699" status="PASS">
          <reporter-output>
          </reporter-output>
        </test-method> <!-- setUp -->
        <test-method is-config="true" signature="beforeMethod(java.lang.reflect.Method)[pri:0, instance:testcases.ProjectManagementTest@7b98f307]" started-at="2022-11-09T13:18:53 IST" name="beforeMethod" finished-at="2022-11-09T13:18:53 IST" duration-ms="0" status="PASS">
          <params>
            <param index="0">
              <value>
                <![CDATA[public void testcases.ProjectManagementTest.ValidateClickTestingOfGlobalTaskPage()]]>
              </value>
            </param>
          </params>
          <reporter-output>
          </reporter-output>
        </test-method> <!-- beforeMethod -->
        <test-method signature="ValidateClickTestingOfGlobalTaskPage()[pri:0, instance:testcases.ProjectManagementTest@7b98f307]" started-at="2022-11-09T13:18:53 IST" name="ValidateClickTestingOfGlobalTaskPage" finished-at="2022-11-09T13:19:30 IST" duration-ms="36721" status="PASS">
          <reporter-output>
          </reporter-output>
        </test-method> <!-- ValidateClickTestingOfGlobalTaskPage -->
        <test-method is-config="true" signature="reportWrapUp(org.testng.ITestResult,java.lang.reflect.Method)[pri:0, instance:testcases.ProjectManagementTest@7b98f307]" started-at="2022-11-09T13:19:30 IST" name="reportWrapUp" finished-at="2022-11-09T13:19:30 IST" duration-ms="0" status="PASS">
          <params>
            <param index="0">
              <value>
                <![CDATA[[TestResult name=ValidateClickTestingOfGlobalTaskPage status=SUCCESS method=ProjectManagementTest.ValidateClickTestingOfGlobalTaskPage()[pri:0, instance:testcases.ProjectManagementTest@7b98f307] output={null}]]]>
              </value>
            </param>
            <param index="1">
              <value>
                <![CDATA[public void testcases.ProjectManagementTest.ValidateClickTestingOfGlobalTaskPage()]]>
              </value>
            </param>
          </params>
          <reporter-output>
          </reporter-output>
        </test-method> <!-- reportWrapUp -->
        <test-method is-config="true" signature="beforeMethod(java.lang.reflect.Method)[pri:0, instance:testcases.ProjectManagementTest@7b98f307]" started-at="2022-11-09T13:19:30 IST" name="beforeMethod" finished-at="2022-11-09T13:19:30 IST" duration-ms="0" status="PASS">
          <params>
            <param index="0">
              <value>
                <![CDATA[public void testcases.ProjectManagementTest.ValidateClickTestingOfProjectPage()]]>
              </value>
            </param>
          </params>
          <reporter-output>
          </reporter-output>
        </test-method> <!-- beforeMethod -->
        <test-method signature="ValidateClickTestingOfProjectPage()[pri:1, instance:testcases.ProjectManagementTest@7b98f307]" started-at="2022-11-09T13:19:30 IST" name="ValidateClickTestingOfProjectPage" finished-at="2022-11-09T13:21:26 IST" duration-ms="116565" status="PASS">
          <reporter-output>
          </reporter-output>
        </test-method> <!-- ValidateClickTestingOfProjectPage -->
        <test-method is-config="true" signature="reportWrapUp(org.testng.ITestResult,java.lang.reflect.Method)[pri:0, instance:testcases.ProjectManagementTest@7b98f307]" started-at="2022-11-09T13:21:26 IST" name="reportWrapUp" finished-at="2022-11-09T13:21:26 IST" duration-ms="0" status="PASS">
          <params>
            <param index="0">
              <value>
                <![CDATA[[TestResult name=ValidateClickTestingOfProjectPage status=SUCCESS method=ProjectManagementTest.ValidateClickTestingOfProjectPage()[pri:1, instance:testcases.ProjectManagementTest@7b98f307] output={null}]]]>
              </value>
            </param>
            <param index="1">
              <value>
                <![CDATA[public void testcases.ProjectManagementTest.ValidateClickTestingOfProjectPage()]]>
              </value>
            </param>
          </params>
          <reporter-output>
          </reporter-output>
        </test-method> <!-- reportWrapUp -->
        <test-method is-config="true" signature="beforeMethod(java.lang.reflect.Method)[pri:0, instance:testcases.ProjectManagementTest@7b98f307]" started-at="2022-11-09T13:21:26 IST" name="beforeMethod" finished-at="2022-11-09T13:21:26 IST" duration-ms="0" status="PASS">
          <params>
            <param index="0">
              <value>
                <![CDATA[public void testcases.ProjectManagementTest.ValidateClickTestingOfProjectReportPage()]]>
              </value>
            </param>
          </params>
          <reporter-output>
          </reporter-output>
        </test-method> <!-- beforeMethod -->
        <test-method signature="ValidateClickTestingOfProjectReportPage()[pri:2, instance:testcases.ProjectManagementTest@7b98f307]" started-at="2022-11-09T13:21:26 IST" name="ValidateClickTestingOfProjectReportPage" finished-at="2022-11-09T13:23:01 IST" duration-ms="94211" status="FAIL">
          <exception class="org.openqa.selenium.TimeoutException">
            <message>
              <![CDATA[timeout: Timed out receiving message from renderer: 10.000
  (Session info: chrome=107.0.5304.89)
Build info: version: '3.141.59', revision: 'e82be7d358', time: '2018-11-14T08:17:03'
System info: host: 'COG-WIN-MAC03', ip: '192.168.0.167', os.name: 'Windows 10', os.arch: 'amd64', os.version: '10.0', java.version: '17.0.2'
Driver info: org.openqa.selenium.chrome.ChromeDriver
Capabilities {acceptInsecureCerts: false, browserName: chrome, browserVersion: 107.0.5304.89, chrome: {chromedriverVersion: 107.0.5304.62 (1eec40d3a576..., userDataDir: C:\Users\aanand\AppData\Loc...}, goog:chromeOptions: {debuggerAddress: localhost:56122}, javascriptEnabled: true, networkConnectionEnabled: false, pageLoadStrategy: normal, platform: WINDOWS, platformName: WINDOWS, proxy: Proxy(), setWindowRect: true, strictFileInteractability: false, timeouts: {implicit: 0, pageLoad: 300000, script: 30000}, unhandledPromptBehavior: dismiss and notify, webauthn:extension:credBlob: true, webauthn:extension:largeBlob: true, webauthn:virtualAuthenticators: true}
Session ID: be678a261de2b3ee21b97738259f2bfd]]>
            </message>
            <full-stacktrace>
              <![CDATA[org.openqa.selenium.TimeoutException: timeout: Timed out receiving message from renderer: 10.000
  (Session info: chrome=107.0.5304.89)
Build info: version: '3.141.59', revision: 'e82be7d358', time: '2018-11-14T08:17:03'
System info: host: 'COG-WIN-MAC03', ip: '192.168.0.167', os.name: 'Windows 10', os.arch: 'amd64', os.version: '10.0', java.version: '17.0.2'
Driver info: org.openqa.selenium.chrome.ChromeDriver
Capabilities {acceptInsecureCerts: false, browserName: chrome, browserVersion: 107.0.5304.89, chrome: {chromedriverVersion: 107.0.5304.62 (1eec40d3a576..., userDataDir: C:\Users\aanand\AppData\Loc...}, goog:chromeOptions: {debuggerAddress: localhost:56122}, javascriptEnabled: true, networkConnectionEnabled: false, pageLoadStrategy: normal, platform: WINDOWS, platformName: WINDOWS, proxy: Proxy(), setWindowRect: true, strictFileInteractability: false, timeouts: {implicit: 0, pageLoad: 300000, script: 30000}, unhandledPromptBehavior: dismiss and notify, webauthn:extension:credBlob: true, webauthn:extension:largeBlob: true, webauthn:virtualAuthenticators: true}
Session ID: be678a261de2b3ee21b97738259f2bfd
at java.base/jdk.internal.reflect.NativeConstructorAccessorImpl.newInstance0(Native Method)
at java.base/jdk.internal.reflect.NativeConstructorAccessorImpl.newInstance(NativeConstructorAccessorImpl.java:77)
at java.base/jdk.internal.reflect.DelegatingConstructorAccessorImpl.newInstance(DelegatingConstructorAccessorImpl.java:45)
at java.base/java.lang.reflect.Constructor.newInstanceWithCaller(Constructor.java:499)
at java.base/java.lang.reflect.Constructor.newInstance(Constructor.java:480)
at org.openqa.selenium.remote.http.W3CHttpResponseCodec.createException(W3CHttpResponseCodec.java:187)
at org.openqa.selenium.remote.http.W3CHttpResponseCodec.decode(W3CHttpResponseCodec.java:122)
at org.openqa.selenium.remote.http.W3CHttpResponseCodec.decode(W3CHttpResponseCodec.java:49)
at org.openqa.selenium.remote.HttpCommandExecutor.execute(HttpCommandExecutor.java:158)
at org.openqa.selenium.remote.service.DriverCommandExecutor.execute(DriverCommandExecutor.java:83)
at org.openqa.selenium.remote.RemoteWebDriver.execute(RemoteWebDriver.java:552)
at org.openqa.selenium.remote.RemoteWebDriver.execute(RemoteWebDriver.java:609)
at org.openqa.selenium.remote.RemoteWebDriver.getScreenshotAs(RemoteWebDriver.java:295)
at utils.WebBasePage.takeScreenshot(WebBasePage.java:389)
at utils.WebBasePage.enter(WebBasePage.java:79)
at pageobjects.UserLoginPage.enterUserName(UserLoginPage.java:35)
at pageobjects.UserLoginPage.forcefulLogOutLogin(UserLoginPage.java:80)
at action.LoginAction.logoutLogin(LoginAction.java:25)
at testcases.ProjectManagementTest.ValidateClickTestingOfProjectReportPage(ProjectManagementTest.java:48)
at java.base/jdk.internal.reflect.NativeMethodAccessorImpl.invoke0(Native Method)
at java.base/jdk.internal.reflect.NativeMethodAccessorImpl.invoke(NativeMethodAccessorImpl.java:77)
at java.base/jdk.internal.reflect.DelegatingMethodAccessorImpl.invoke(DelegatingMethodAccessorImpl.java:43)
at java.base/java.lang.reflect.Method.invoke(Method.java:568)
at org.testng.internal.MethodInvocationHelper.invokeMethod(MethodInvocationHelper.java:133)
at org.testng.internal.TestInvoker.invokeMethod(TestInvoker.java:598)
at org.testng.internal.TestInvoker.invokeTestMethod(TestInvoker.java:173)
at org.testng.internal.MethodRunner.runInSequence(MethodRunner.java:46)
at org.testng.internal.TestInvoker$MethodInvocationAgent.invoke(TestInvoker.java:824)
at org.testng.internal.TestInvoker.invokeTestMethods(TestInvoker.java:146)
at org.testng.internal.TestMethodWorker.invokeTestMethods(TestMethodWorker.java:146)
at org.testng.internal.TestMethodWorker.run(TestMethodWorker.java:128)
at java.base/java.util.ArrayList.forEach(ArrayList.java:1511)
at org.testng.TestRunner.privateRun(TestRunner.java:794)
at org.testng.TestRunner.run(TestRunner.java:596)
at org.testng.SuiteRunner.runTest(SuiteRunner.java:377)
at org.testng.SuiteRunner.runSequentially(SuiteRunner.java:371)
at org.testng.SuiteRunner.privateRun(SuiteRunner.java:332)
at org.testng.SuiteRunner.run(SuiteRunner.java:276)
at org.testng.SuiteRunnerWorker.runSuite(SuiteRunnerWorker.java:53)
at org.testng.SuiteRunnerWorker.run(SuiteRunnerWorker.java:96)
at org.testng.TestNG.runSuitesSequentially(TestNG.java:1212)
at org.testng.TestNG.runSuitesLocally(TestNG.java:1134)
at org.testng.TestNG.runSuites(TestNG.java:1063)
at org.testng.TestNG.run(TestNG.java:1031)
at org.testng.remote.AbstractRemoteTestNG.run(AbstractRemoteTestNG.java:115)
at org.testng.remote.RemoteTestNG.initAndRun(RemoteTestNG.java:251)
at org.testng.remote.RemoteTestNG.main(RemoteTestNG.java:77)
]]>
            </full-stacktrace>
          </exception> <!-- org.openqa.selenium.TimeoutException -->
          <reporter-output>
          </reporter-output>
        </test-method> <!-- ValidateClickTestingOfProjectReportPage -->
        <test-method is-config="true" signature="reportWrapUp(org.testng.ITestResult,java.lang.reflect.Method)[pri:0, instance:testcases.ProjectManagementTest@7b98f307]" started-at="2022-11-09T13:23:01 IST" name="reportWrapUp" finished-at="2022-11-09T13:24:01 IST" duration-ms="60049" status="FAIL">
          <params>
            <param index="0">
              <value>
                <![CDATA[[TestResult name=ValidateClickTestingOfProjectReportPage status=FAILURE method=ProjectManagementTest.ValidateClickTestingOfProjectReportPage()[pri:2, instance:testcases.ProjectManagementTest@7b98f307] output={null}]]]>
              </value>
            </param>
            <param index="1">
              <value>
                <![CDATA[public void testcases.ProjectManagementTest.ValidateClickTestingOfProjectReportPage()]]>
              </value>
            </param>
          </params>
          <exception class="org.openqa.selenium.TimeoutException">
            <message>
              <![CDATA[timeout: Timed out receiving message from renderer: 10.000
  (Session info: chrome=107.0.5304.89)
Build info: version: '3.141.59', revision: 'e82be7d358', time: '2018-11-14T08:17:03'
System info: host: 'COG-WIN-MAC03', ip: '192.168.0.167', os.name: 'Windows 10', os.arch: 'amd64', os.version: '10.0', java.version: '17.0.2'
Driver info: org.openqa.selenium.chrome.ChromeDriver
Capabilities {acceptInsecureCerts: false, browserName: chrome, browserVersion: 107.0.5304.89, chrome: {chromedriverVersion: 107.0.5304.62 (1eec40d3a576..., userDataDir: C:\Users\aanand\AppData\Loc...}, goog:chromeOptions: {debuggerAddress: localhost:56122}, javascriptEnabled: true, networkConnectionEnabled: false, pageLoadStrategy: normal, platform: WINDOWS, platformName: WINDOWS, proxy: Proxy(), setWindowRect: true, strictFileInteractability: false, timeouts: {implicit: 0, pageLoad: 300000, script: 30000}, unhandledPromptBehavior: dismiss and notify, webauthn:extension:credBlob: true, webauthn:extension:largeBlob: true, webauthn:virtualAuthenticators: true}
Session ID: be678a261de2b3ee21b97738259f2bfd]]>
            </message>
            <full-stacktrace>
              <![CDATA[org.openqa.selenium.TimeoutException: timeout: Timed out receiving message from renderer: 10.000
  (Session info: chrome=107.0.5304.89)
Build info: version: '3.141.59', revision: 'e82be7d358', time: '2018-11-14T08:17:03'
System info: host: 'COG-WIN-MAC03', ip: '192.168.0.167', os.name: 'Windows 10', os.arch: 'amd64', os.version: '10.0', java.version: '17.0.2'
Driver info: org.openqa.selenium.chrome.ChromeDriver
Capabilities {acceptInsecureCerts: false, browserName: chrome, browserVersion: 107.0.5304.89, chrome: {chromedriverVersion: 107.0.5304.62 (1eec40d3a576..., userDataDir: C:\Users\aanand\AppData\Loc...}, goog:chromeOptions: {debuggerAddress: localhost:56122}, javascriptEnabled: true, networkConnectionEnabled: false, pageLoadStrategy: normal, platform: WINDOWS, platformName: WINDOWS, proxy: Proxy(), setWindowRect: true, strictFileInteractability: false, timeouts: {implicit: 0, pageLoad: 300000, script: 30000}, unhandledPromptBehavior: dismiss and notify, webauthn:extension:credBlob: true, webauthn:extension:largeBlob: true, webauthn:virtualAuthenticators: true}
Session ID: be678a261de2b3ee21b97738259f2bfd
at java.base/jdk.internal.reflect.NativeConstructorAccessorImpl.newInstance0(Native Method)
at java.base/jdk.internal.reflect.NativeConstructorAccessorImpl.newInstance(NativeConstructorAccessorImpl.java:77)
at java.base/jdk.internal.reflect.DelegatingConstructorAccessorImpl.newInstance(DelegatingConstructorAccessorImpl.java:45)
at java.base/java.lang.reflect.Constructor.newInstanceWithCaller(Constructor.java:499)
at java.base/java.lang.reflect.Constructor.newInstance(Constructor.java:480)
at org.openqa.selenium.remote.http.W3CHttpResponseCodec.createException(W3CHttpResponseCodec.java:187)
at org.openqa.selenium.remote.http.W3CHttpResponseCodec.decode(W3CHttpResponseCodec.java:122)
at org.openqa.selenium.remote.http.W3CHttpResponseCodec.decode(W3CHttpResponseCodec.java:49)
at org.openqa.selenium.remote.HttpCommandExecutor.execute(HttpCommandExecutor.java:158)
at org.openqa.selenium.remote.service.DriverCommandExecutor.execute(DriverCommandExecutor.java:83)
at org.openqa.selenium.remote.RemoteWebDriver.execute(RemoteWebDriver.java:552)
at org.openqa.selenium.remote.RemoteWebDriver.execute(RemoteWebDriver.java:609)
at org.openqa.selenium.remote.RemoteWebDriver.getScreenshotAs(RemoteWebDriver.java:295)
at utils.WebTestBase.reportWrapUp(WebTestBase.java:70)
at jdk.internal.reflect.GeneratedMethodAccessor7.invoke(Unknown Source)
at java.base/jdk.internal.reflect.DelegatingMethodAccessorImpl.invoke(DelegatingMethodAccessorImpl.java:43)
at java.base/java.lang.reflect.Method.invoke(Method.java:568)
at org.testng.internal.MethodInvocationHelper.invokeMethod(MethodInvocationHelper.java:133)
at org.testng.internal.MethodInvocationHelper.invokeMethodConsideringTimeout(MethodInvocationHelper.java:62)
at org.testng.internal.ConfigInvoker.invokeConfigurationMethod(ConfigInvoker.java:385)
at org.testng.internal.ConfigInvoker.invokeConfigurations(ConfigInvoker.java:321)
at org.testng.internal.TestInvoker.runConfigMethods(TestInvoker.java:700)
at org.testng.internal.TestInvoker.runAfterGroupsConfigurations(TestInvoker.java:676)
at org.testng.internal.TestInvoker.invokeMethod(TestInvoker.java:660)
at org.testng.internal.TestInvoker.invokeTestMethod(TestInvoker.java:173)
at org.testng.internal.MethodRunner.runInSequence(MethodRunner.java:46)
at org.testng.internal.TestInvoker$MethodInvocationAgent.invoke(TestInvoker.java:824)
at org.testng.internal.TestInvoker.invokeTestMethods(TestInvoker.java:146)
at org.testng.internal.TestMethodWorker.invokeTestMethods(TestMethodWorker.java:146)
at org.testng.internal.TestMethodWorker.run(TestMethodWorker.java:128)
at java.base/java.util.ArrayList.forEach(ArrayList.java:1511)
at org.testng.TestRunner.privateRun(TestRunner.java:794)
at org.testng.TestRunner.run(TestRunner.java:596)
at org.testng.SuiteRunner.runTest(SuiteRunner.java:377)
at org.testng.SuiteRunner.runSequentially(SuiteRunner.java:371)
at org.testng.SuiteRunner.privateRun(SuiteRunner.java:332)
at org.testng.SuiteRunner.run(SuiteRunner.java:276)
at org.testng.SuiteRunnerWorker.runSuite(SuiteRunnerWorker.java:53)
at org.testng.SuiteRunnerWorker.run(SuiteRunnerWorker.java:96)
at org.testng.TestNG.runSuitesSequentially(TestNG.java:1212)
at org.testng.TestNG.runSuitesLocally(TestNG.java:1134)
at org.testng.TestNG.runSuites(TestNG.java:1063)
at org.testng.TestNG.run(TestNG.java:1031)
at org.testng.remote.AbstractRemoteTestNG.run(AbstractRemoteTestNG.java:115)
at org.testng.remote.RemoteTestNG.initAndRun(RemoteTestNG.java:251)
at org.testng.remote.RemoteTestNG.main(RemoteTestNG.java:77)
]]>
            </full-stacktrace>
          </exception> <!-- org.openqa.selenium.TimeoutException -->
          <reporter-output>
          </reporter-output>
        </test-method> <!-- reportWrapUp -->
        <test-method is-config="true" signature="beforeMethod(java.lang.reflect.Method)[pri:0, instance:testcases.ProjectManagementTest@7b98f307]" started-at="2022-11-09T13:24:01 IST" name="beforeMethod" finished-at="1970-01-01T05:30:00 IST" duration-ms="-1667980441208" status="SKIP">
          <reporter-output>
          </reporter-output>
        </test-method> <!-- beforeMethod -->
        <test-method signature="ValidateClickTestingOfProjectRequestPage()[pri:3, instance:testcases.ProjectManagementTest@7b98f307]" started-at="2022-11-09T13:24:01 IST" name="ValidateClickTestingOfProjectRequestPage" finished-at="2022-11-09T13:24:01 IST" duration-ms="0" status="SKIP">
          <exception class="org.openqa.selenium.TimeoutException">
            <message>
              <![CDATA[timeout: Timed out receiving message from renderer: 10.000
  (Session info: chrome=107.0.5304.89)
Build info: version: '3.141.59', revision: 'e82be7d358', time: '2018-11-14T08:17:03'
System info: host: 'COG-WIN-MAC03', ip: '192.168.0.167', os.name: 'Windows 10', os.arch: 'amd64', os.version: '10.0', java.version: '17.0.2'
Driver info: org.openqa.selenium.chrome.ChromeDriver
Capabilities {acceptInsecureCerts: false, browserName: chrome, browserVersion: 107.0.5304.89, chrome: {chromedriverVersion: 107.0.5304.62 (1eec40d3a576..., userDataDir: C:\Users\aanand\AppData\Loc...}, goog:chromeOptions: {debuggerAddress: localhost:56122}, javascriptEnabled: true, networkConnectionEnabled: false, pageLoadStrategy: normal, platform: WINDOWS, platformName: WINDOWS, proxy: Proxy(), setWindowRect: true, strictFileInteractability: false, timeouts: {implicit: 0, pageLoad: 300000, script: 30000}, unhandledPromptBehavior: dismiss and notify, webauthn:extension:credBlob: true, webauthn:extension:largeBlob: true, webauthn:virtualAuthenticators: true}
Session ID: be678a261de2b3ee21b97738259f2bfd]]>
            </message>
            <full-stacktrace>
              <![CDATA[org.openqa.selenium.TimeoutException: timeout: Timed out receiving message from renderer: 10.000
  (Session info: chrome=107.0.5304.89)
Build info: version: '3.141.59', revision: 'e82be7d358', time: '2018-11-14T08:17:03'
System info: host: 'COG-WIN-MAC03', ip: '192.168.0.167', os.name: 'Windows 10', os.arch: 'amd64', os.version: '10.0', java.version: '17.0.2'
Driver info: org.openqa.selenium.chrome.ChromeDriver
Capabilities {acceptInsecureCerts: false, browserName: chrome, browserVersion: 107.0.5304.89, chrome: {chromedriverVersion: 107.0.5304.62 (1eec40d3a576..., userDataDir: C:\Users\aanand\AppData\Loc...}, goog:chromeOptions: {debuggerAddress: localhost:56122}, javascriptEnabled: true, networkConnectionEnabled: false, pageLoadStrategy: normal, platform: WINDOWS, platformName: WINDOWS, proxy: Proxy(), setWindowRect: true, strictFileInteractability: false, timeouts: {implicit: 0, pageLoad: 300000, script: 30000}, unhandledPromptBehavior: dismiss and notify, webauthn:extension:credBlob: true, webauthn:extension:largeBlob: true, webauthn:virtualAuthenticators: true}
Session ID: be678a261de2b3ee21b97738259f2bfd
at java.base/jdk.internal.reflect.NativeConstructorAccessorImpl.newInstance0(Native Method)
at java.base/jdk.internal.reflect.NativeConstructorAccessorImpl.newInstance(NativeConstructorAccessorImpl.java:77)
at java.base/jdk.internal.reflect.DelegatingConstructorAccessorImpl.newInstance(DelegatingConstructorAccessorImpl.java:45)
at java.base/java.lang.reflect.Constructor.newInstanceWithCaller(Constructor.java:499)
at java.base/java.lang.reflect.Constructor.newInstance(Constructor.java:480)
at org.openqa.selenium.remote.http.W3CHttpResponseCodec.createException(W3CHttpResponseCodec.java:187)
at org.openqa.selenium.remote.http.W3CHttpResponseCodec.decode(W3CHttpResponseCodec.java:122)
at org.openqa.selenium.remote.http.W3CHttpResponseCodec.decode(W3CHttpResponseCodec.java:49)
at org.openqa.selenium.remote.HttpCommandExecutor.execute(HttpCommandExecutor.java:158)
at org.openqa.selenium.remote.service.DriverCommandExecutor.execute(DriverCommandExecutor.java:83)
at org.openqa.selenium.remote.RemoteWebDriver.execute(RemoteWebDriver.java:552)
at org.openqa.selenium.remote.RemoteWebDriver.execute(RemoteWebDriver.java:609)
at org.openqa.selenium.remote.RemoteWebDriver.getScreenshotAs(RemoteWebDriver.java:295)
at utils.WebTestBase.reportWrapUp(WebTestBase.java:70)
at jdk.internal.reflect.GeneratedMethodAccessor7.invoke(Unknown Source)
at java.base/jdk.internal.reflect.DelegatingMethodAccessorImpl.invoke(DelegatingMethodAccessorImpl.java:43)
at java.base/java.lang.reflect.Method.invoke(Method.java:568)
at org.testng.internal.MethodInvocationHelper.invokeMethod(MethodInvocationHelper.java:133)
at org.testng.internal.MethodInvocationHelper.invokeMethodConsideringTimeout(MethodInvocationHelper.java:62)
at org.testng.internal.ConfigInvoker.invokeConfigurationMethod(ConfigInvoker.java:385)
[...]
              </value>
            </param>
          </params>
          <reporter-output>
          </reporter-output>
        </test-method> <!-- beforeMethod -->
        <test-method signature="ValidateClickTestingOfGroupListPage()[pri:7, instance:testcases.HRManagementTest@5656be13]" started-at="2022-11-09T12:05:49 IST" name="ValidateClickTestingOfGroupListPage" finished-at="2022-11-09T12:06:37 IST" duration-ms="48487" status="PASS">
          <reporter-output>
          </reporter-output>
        </test-method> <!-- ValidateClickTestingOfGroupListPage -->
        <test-method is-config="true" signature="reportWrapUp(org.testng.ITestResult,java.lang.reflect.Method)[pri:0, instance:testcases.HRManagementTest@5656be13]" started-at="2022-11-09T12:06:37 IST" name="reportWrapUp" finished-at="2022-11-09T12:06:37 IST" duration-ms="0" status="PASS">
          <params>
            <param index="0">
              <value>
                <![CDATA[[TestResult name=ValidateClickTestingOfGroupListPage status=SUCCESS method=HRManagementTest.ValidateClickTestingOfGroupListPage()[pri:7, instance:testcases.HRManagementTest@5656be13] output={null}]]]>
              </value>
            </param>
            <param index="1">
              <value>
                <![CDATA[public void testcases.HRManagementTest.ValidateClickTestingOfGroupListPage()]]>
              </value>
            </param>
          </params>
          <reporter-output>
          </reporter-output>
        </test-method> <!-- reportWrapUp -->
        <test-method signature="ValidateClickTestingOfHrReportPage()[pri:8, instance:testcases.HRManagementTest@5656be13]" started-at="2022-11-09T12:06:37 IST" name="ValidateClickTestingOfHrReportPage" finished-at="2022-11-09T12:07:23 IST" duration-ms="45643" status="PASS">
          <reporter-output>
          </reporter-output>
        </test-method> <!-- ValidateClickTestingOfHrReportPage -->
        <test-method is-config="true" signature="beforeMethod(java.lang.reflect.Method)[pri:0, instance:testcases.HRManagementTest@5656be13]" started-at="2022-11-09T12:06:37 IST" name="beforeMethod" finished-at="2022-11-09T12:06:37 IST" duration-ms="0" status="PASS">
          <params>
            <param index="0">
              <value>
                <![CDATA[public void testcases.HRManagementTest.ValidateClickTestingOfHrReportPage()]]>
              </value>
            </param>
          </params>
          <reporter-output>
          </reporter-output>
        </test-method> <!-- beforeMethod -->
        <test-method is-config="true" signature="reportWrapUp(org.testng.ITestResult,java.lang.reflect.Method)[pri:0, instance:testcases.HRManagementTest@5656be13]" started-at="2022-11-09T12:07:23 IST" name="reportWrapUp" finished-at="2022-11-09T12:07:23 IST" duration-ms="0" status="PASS">
          <params>
            <param index="0">
              <value>
                <![CDATA[[TestResult name=ValidateClickTestingOfHrReportPage status=SUCCESS method=HRManagementTest.ValidateClickTestingOfHrReportPage()[pri:8, instance:testcases.HRManagementTest@5656be13] output={null}]]]>
              </value>
            </param>
            <param index="1">
              <value>
                <![CDATA[public void testcases.HRManagementTest.ValidateClickTestingOfHrReportPage()]]>
              </value>
            </param>
          </params>
          <reporter-output>
          </reporter-output>
        </test-method> <!-- reportWrapUp -->
        <test-method is-config="true" signature="beforeMethod(java.lang.reflect.Method)[pri:0, instance:testcases.HRManagementTest@5656be13]" started-at="2022-11-09T12:07:23 IST" name="beforeMethod" finished-at="2022-11-09T12:07:23 IST" duration-ms="0" status="PASS">
          <params>
            <param index="0">
              <value>
                <![CDATA[public void testcases.HRManagementTest.ValidateClickTestingOfInductionDocumentListPage()]]>
              </value>
            </param>
          </params>
          <reporter-output>
          </reporter-output>
        </test-method> <!-- beforeMethod -->
        <test-method signature="ValidateClickTestingOfInductionDocumentListPage()[pri:9, instance:testcases.HRManagementTest@5656be13]" started-at="2022-11-09T12:07:23 IST" name="ValidateClickTestingOfInductionDocumentListPage" finished-at="2022-11-09T12:08:27 IST" duration-ms="63792" status="PASS">
          <reporter-output>
          </reporter-output>
        </test-method> <!-- ValidateClickTestingOfInductionDocumentListPage -->
        <test-method is-config="true" signature="reportWrapUp(org.testng.ITestResult,java.lang.reflect.Method)[pri:0, instance:testcases.HRManagementTest@5656be13]" started-at="2022-11-09T12:08:27 IST" name="reportWrapUp" finished-at="2022-11-09T12:08:27 IST" duration-ms="1" status="PASS">
          <params>
            <param index="0">
              <value>
                <![CDATA[[TestResult name=ValidateClickTestingOfInductionDocumentListPage status=SUCCESS method=HRManagementTest.ValidateClickTestingOfInductionDocumentListPage()[pri:9, instance:testcases.HRManagementTest@5656be13] output={null}]]]>
              </value>
            </param>
            <param index="1">
              <value>
                <![CDATA[public void testcases.HRManagementTest.ValidateClickTestingOfInductionDocumentListPage()]]>
              </value>
            </param>
          </params>
          <reporter-output>
          </reporter-output>
        </test-method> <!-- reportWrapUp -->
        <test-method is-config="true" signature="beforeMethod(java.lang.reflect.Method)[pri:0, instance:testcases.HRManagementTest@5656be13]" started-at="2022-11-09T12:08:27 IST" name="beforeMethod" finished-at="2022-11-09T12:08:27 IST" duration-ms="1" status="PASS">
          <params>
            <param index="0">
              <value>
                <![CDATA[public void testcases.HRManagementTest.ValidateClickTestingOfLeavePage()]]>
              </value>
            </param>
          </params>
          <reporter-output>
          </reporter-output>
        </test-method> <!-- beforeMethod -->
        <test-method signature="ValidateClickTestingOfLeavePage()[pri:10, instance:testcases.HRManagementTest@5656be13]" started-at="2022-11-09T12:08:27 IST" name="ValidateClickTestingOfLeavePage" finished-at="2022-11-09T12:09:51 IST" duration-ms="83852" status="PASS">
          <reporter-output>
          </reporter-output>
        </test-method> <!-- ValidateClickTestingOfLeavePage -->
        <test-method is-config="true" signature="reportWrapUp(org.testng.ITestResult,java.lang.reflect.Method)[pri:0, instance:testcases.HRManagementTest@5656be13]" started-at="2022-11-09T12:09:51 IST" name="reportWrapUp" finished-at="2022-11-09T12:09:51 IST" duration-ms="1" status="PASS">
          <params>
            <param index="0">
              <value>
                <![CDATA[[TestResult name=ValidateClickTestingOfLeavePage status=SUCCESS method=HRManagementTest.ValidateClickTestingOfLeavePage()[pri:10, instance:testcases.HRManagementTest@5656be13] output={null}]]]>
              </value>
            </param>
            <param index="1">
              <value>
                <![CDATA[public void testcases.HRManagementTest.ValidateClickTestingOfLeavePage()]]>
              </value>
            </param>
          </params>
          <reporter-output>
          </reporter-output>
        </test-method> <!-- reportWrapUp -->
        <test-method is-config="true" signature="beforeMethod(java.lang.reflect.Method)[pri:0, instance:testcases.HRManagementTest@5656be13]" started-at="2022-11-09T12:09:51 IST" name="beforeMethod" finished-at="2022-11-09T12:09:51 IST" duration-ms="1" status="PASS">
          <params>
            <param index="0">
              <value>
                <![CDATA[public void testcases.HRManagementTest.ValidateClickTestingOfLeaveApprovalPage()]]>
              </value>
            </param>
          </params>
          <reporter-output>
          </reporter-output>
        </test-method> <!-- beforeMethod -->
        <test-method signature="ValidateClickTestingOfLeaveApprovalPage()[pri:11, instance:testcases.HRManagementTest@5656be13]" started-at="2022-11-09T12:09:51 IST" name="ValidateClickTestingOfLeaveApprovalPage" finished-at="2022-11-09T12:10:58 IST" duration-ms="67382" status="PASS">
          <reporter-output>
          </reporter-output>
        </test-method> <!-- ValidateClickTestingOfLeaveApprovalPage -->
        <test-method is-config="true" signature="reportWrapUp(org.testng.ITestResult,java.lang.reflect.Method)[pri:0, instance:testcases.HRManagementTest@5656be13]" started-at="2022-11-09T12:10:58 IST" name="reportWrapUp" finished-at="2022-11-09T12:10:58 IST" duration-ms="1" status="PASS">
          <params>
            <param index="0">
              <value>
                <![CDATA[[TestResult name=ValidateClickTestingOfLeaveApprovalPage status=SUCCESS method=HRManagementTest.ValidateClickTestingOfLeaveApprovalPage()[pri:11, instance:testcases.HRManagementTest@5656be13] output={null}]]]>
              </value>
            </param>
            <param index="1">
              <value>
                <![CDATA[public void testcases.HRManagementTest.ValidateClickTestingOfLeaveApprovalPage()]]>
              </value>
            </param>
          </params>
          <reporter-output>
          </reporter-output>
        </test-method> <!-- reportWrapUp -->
        <test-method is-config="true" signature="beforeMethod(java.lang.reflect.Method)[pri:0, instance:testcases.HRManagementTest@5656be13]" started-at="2022-11-09T12:10:58 IST" name="beforeMethod" finished-at="2022-11-09T12:10:58 IST" duration-ms="1" status="PASS">
          <params>
            <param index="0">
              <value>
                <![CDATA[public void testcases.HRManagementTest.ValidateClickTestingOfLeaveTypeListingPage()]]>
              </value>
            </param>
          </params>
          <reporter-output>
          </reporter-output>
        </test-method> <!-- beforeMethod -->
        <test-method signature="ValidateClickTestingOfLeaveTypeListingPage()[pri:12, instance:testcases.HRManagementTest@5656be13]" started-at="2022-11-09T12:10:58 IST" name="ValidateClickTestingOfLeaveTypeListingPage" finished-at="2022-11-09T12:11:56 IST" duration-ms="57981" status="PASS">
          <reporter-output>
          </reporter-output>
        </test-method> <!-- ValidateClickTestingOfLeaveTypeListingPage -->
        <test-method is-config="true" signature="reportWrapUp(org.testng.ITestResult,java.lang.reflect.Method)[pri:0, instance:testcases.HRManagementTest@5656be13]" started-at="2022-11-09T12:11:56 IST" name="reportWrapUp" finished-at="2022-11-09T12:11:56 IST" duration-ms="2" status="PASS">
          <params>
            <param index="0">
              <value>
                <![CDATA[[TestResult name=ValidateClickTestingOfLeaveTypeListingPage status=SUCCESS method=HRManagementTest.ValidateClickTestingOfLeaveTypeListingPage()[pri:12, instance:testcases.HRManagementTest@5656be13] output={null}]]]>
              </value>
            </param>
            <param index="1">
              <value>
                <![CDATA[public void testcases.HRManagementTest.ValidateClickTestingOfLeaveTypeListingPage()]]>
              </value>
            </param>
          </params>
          <reporter-output>
          </reporter-output>
        </test-method> <!-- reportWrapUp -->
        <test-method is-config="true" signature="beforeMethod(java.lang.reflect.Method)[pri:0, instance:testcases.HRManagementTest@5656be13]" started-at="2022-11-09T12:11:56 IST" name="beforeMethod" finished-at="2022-11-09T12:11:56 IST" duration-ms="1" status="PASS">
          <params>
            <param index="0">
              <value>
                <![CDATA[public void testcases.HRManagementTest.ValidateClickTestingOfManageCheckInPage()]]>
              </value>
            </param>
          </params>
          <reporter-output>
          </reporter-output>
        </test-method> <!-- beforeMethod -->
        <test-method signature="ValidateClickTestingOfManageCheckInPage()[pri:13, instance:testcases.HRManagementTest@5656be13]" started-at="2022-11-09T12:11:56 IST" name="ValidateClickTestingOfManageCheckInPage" finished-at="2022-11-09T12:12:44 IST" duration-ms="48343" status="PASS">
          <reporter-output>
          </reporter-output>
        </test-method> <!-- ValidateClickTestingOfManageCheckInPage -->
        <test-method is-config="true" signature="reportWrapUp(org.testng.ITestResult,java.lang.reflect.Method)[pri:0, instance:testcases.HRManagementTest@5656be13]" started-at="2022-11-09T12:12:44 IST" name="reportWrapUp" finished-at="2022-11-09T12:12:44 IST" duration-ms="1" status="PASS">
          <params>
            <param index="0">
              <value>
                <![CDATA[[TestResult name=ValidateClickTestingOfManageCheckInPage status=SUCCESS method=HRManagementTest.ValidateClickTestingOfManageCheckInPage()[pri:13, instance:testcases.HRManagementTest@5656be13] output={null}]]]>
              </value>
            </param>
            <param index="1">
              <value>
                <![CDATA[public void testcases.HRManagementTest.ValidateClickTestingOfManageCheckInPage()]]>
              </value>
            </param>
          </params>
          <reporter-output>
          </reporter-output>
        </test-method> <!-- reportWrapUp -->
        <test-method signature="ValidateClickTestingOfOffboardEmployeeListPage()[pri:14, instance:testcases.HRManagementTest@5656be13]" started-at="2022-11-09T12:12:44 IST" name="ValidateClickTestingOfOffboardEmployeeListPage" finished-at="2022-11-09T12:13:38 IST" duration-ms="53426" status="PASS">
          <reporter-output>
          </reporter-output>
        </test-method> <!-- ValidateClickTestingOfOffboardEmployeeListPage -->
        <test-method is-config="true" signature="beforeMethod(java.lang.reflect.Method)[pri:0, instance:testcases.HRManagementTest@5656be13]" started-at="2022-11-09T12:12:44 IST" name="beforeMethod" finished-at="2022-11-09T12:12:44 IST" duration-ms="0" status="PASS">
          <params>
            <param index="0">
              <value>
                <![CDATA[public void testcases.HRManagementTest.ValidateClickTestingOfOffboardEmployeeListPage()]]>
              </value>
            </param>
          </params>
          <reporter-output>
          </reporter-output>
        </test-method> <!-- beforeMethod -->
        <test-method is-config="true" signature="reportWrapUp(org.testng.ITestResult,java.lang.reflect.Method)[pri:0, instance:testcases.HRManagementTest@5656be13]" started-at="2022-11-09T12:13:38 IST" name="reportWrapUp" finished-at="2022-11-09T12:13:38 IST" duration-ms="1" status="PASS">
          <params>
            <param index="0">
              <value>
                <![CDATA[[TestResult name=ValidateClickTestingOfOffboardEmployeeListPage status=SUCCESS method=HRManagementTest.ValidateClickTestingOfOffboardEmployeeListPage()[pri:14, instance:testcases.HRManagementTest@5656be13] output={null}]]]>
              </value>
            </param>
            <param index="1">
              <value>
                <![CDATA[public void testcases.HRManagementTest.ValidateClickTestingOfOffboardEmployeeListPage()]]>
              </value>
            </param>
          </params>
          <reporter-output>
          </reporter-output>
        </test-method> <!-- reportWrapUp -->
        <test-method is-config="true" signature="beforeMethod(java.lang.reflect.Method)[pri:0, instance:testcases.HRManagementTest@5656be13]" started-at="2022-11-09T12:13:38 IST" name="beforeMethod" finished-at="2022-11-09T12:13:38 IST" duration-ms="0" status="PASS">
          <params>
            <param index="0">
              <value>
                <![CDATA[public void testcases.HRManagementTest.ValidateClickTestingOfPolicyPage()]]>
              </value>
            </param>
          </params>
          <reporter-output>
          </reporter-output>
        </test-method> <!-- beforeMethod -->
        <test-method signature="ValidateClickTestingOfPolicyPage()[pri:15, instance:testcases.HRManagementTest@5656be13]" started-at="2022-11-09T12:13:38 IST" name="ValidateClickTestingOfPolicyPage" finished-at="2022-11-09T12:14:37 IST" duration-ms="58935" status="PASS">
          <reporter-output>
          </reporter-output>
        </test-method> <!-- ValidateClickTestingOfPolicyPage -->
        <test-method is-config="true" signature="reportWrapUp(org.testng.ITestResult,java.lang.reflect.Method)[pri:0, instance:testcases.HRManagementTest@5656be13]" started-at="2022-11-09T12:14:37 IST" name="reportWrapUp" finished-at="2022-11-09T12:14:37 IST" duration-ms="1" status="PASS">
          <params>
            <param index="0">
              <value>
                <![CDATA[[TestResult name=ValidateClickTestingOfPolicyPage status=SUCCESS method=HRManagementTest.ValidateClickTestingOfPolicyPage()[pri:15, instance:testcases.HRManagementTest@5656be13] output={null}]]]>
              </value>
            </param>
            <param index="1">
              <value>
                <![CDATA[public void testcases.HRManagementTest.ValidateClickTestingOfPolicyPage()]]>
              </value>
            </param>
          </params>
          <reporter-output>
          </reporter-output>
        </test-method> <!-- reportWrapUp -->
        <test-method is-config="true" signature="beforeMethod(java.lang.reflect.Method)[pri:0, instance:testcases.HRManagementTest@5656be13]" started-at="2022-11-09T12:14:37 IST" name="beforeMethod" finished-at="2022-11-09T12:14:37 IST" duration-ms="1" status="PASS">
          <params>
            <param index="0">
              <value>
                <![CDATA[public void testcases.HRManagementTest.ValidateClickTestingOfResignationPage()]]>
              </value>
            </param>
          </params>
          <reporter-output>
          </reporter-output>
        </test-method> <!-- beforeMethod -->
        <test-method signature="ValidateClickTestingOfResignationPage()[pri:16, instance:testcases.HRManagementTest@5656be13]" started-at="2022-11-09T12:14:37 IST" name="ValidateClickTestingOfResignationPage" finished-at="2022-11-09T12:15:43 IST" duration-ms="66095" status="PASS">
          <reporter-output>
          </reporter-output>
        </test-method> <!-- ValidateClickTestingOfResignationPage -->
        <test-method is-config="true" signature="closeBrowser()[pri:0, instance:testcases.HRManagementTest@5656be13]" started-at="2022-11-09T12:15:43 IST" name="closeBrowser" finished-at="2022-11-09T12:15:44 IST" duration-ms="639" status="PASS">
          <reporter-output>
          </reporter-output>
        </test-method> <!-- closeBrowser -->
        <test-method is-config="true" signature="reportWrapUp(org.testng.ITestResult,java.lang.reflect.Method)[pri:0, instance:testcases.HRManagementTest@5656be13]" started-at="2022-11-09T12:15:43 IST" name="reportWrapUp" finished-at="2022-11-09T12:15:43 IST" duration-ms="0" status="PASS">
          <params>
            <param index="0">
              <value>
                <![CDATA[[TestResult name=ValidateClickTestingOfResignationPage status=SUCCESS method=HRManagementTest.ValidateClickTestingOfResignationPage()[pri:16, instance:testcases.HRManagementTest@5656be13] output={null}]]]>
              </value>
            </param>
            <param index="1">
              <value>
                <![CDATA[public void testcases.HRManagementTest.ValidateClickTestingOfResignationPage()]]>
              </value>
            </param>
          </params>
          <reporter-output>
          </reporter-output>
        </test-method> <!-- reportWrapUp -->
      </class> <!-- testcases.HRManagementTest -->
    </test> <!-- Test -->
  </suite> <!-- Suite -->
</testng-results>
