<?xml version="1.0" encoding="UTF-8"?>
<testng-results ignored="0" total="12" passed="12" failed="0" skipped="0">
  <reporter-output>
  </reporter-output>
  <suite started-at="2022-12-12T14:18:28 IST" name="Default suite" finished-at="2022-12-12T14:29:47 IST" duration-ms="679208">
    <groups>
    </groups>
    <test started-at="2022-12-12T14:18:28 IST" name="Default test" finished-at="2022-12-12T14:29:47 IST" duration-ms="679208">
      <class name="testcases.HiringTest">
        <test-method is-config="true" signature="setUp()[pri:0, instance:testcases.HiringTest@5e82df6a]" started-at="2022-12-12T14:18:28 IST" name="setUp" finished-at="2022-12-12T14:18:39 IST" duration-ms="10979" status="PASS">
          <reporter-output>
          </reporter-output>
        </test-method> <!-- setUp -->
        <test-method is-config="true" signature="beforeMethod(java.lang.reflect.Method)[pri:0, instance:testcases.HiringTest@5e82df6a]" started-at="2022-12-12T14:18:39 IST" name="beforeMethod" finished-at="2022-12-12T14:18:39 IST" duration-ms="135" status="PASS">
          <params>
            <param index="0">
              <value>
                <![CDATA[public void testcases.HiringTest.ValidateClickTestingOfCandidateListPage()]]>
              </value>
            </param>
          </params>
          <reporter-output>
          </reporter-output>
        </test-method> <!-- beforeMethod -->
        <test-method signature="ValidateClickTestingOfCandidateListPage()[pri:0, instance:testcases.HiringTest@5e82df6a]" started-at="2022-12-12T14:18:39 IST" name="ValidateClickTestingOfCandidateListPage" finished-at="2022-12-12T14:19:44 IST" duration-ms="64981" status="PASS">
          <reporter-output>
          </reporter-output>
        </test-method> <!-- ValidateClickTestingOfCandidateListPage -->
        <test-method is-config="true" signature="reportWrapUp(org.testng.ITestResult,java.lang.reflect.Method)[pri:0, instance:testcases.HiringTest@5e82df6a]" started-at="2022-12-12T14:19:44 IST" name="reportWrapUp" finished-at="2022-12-12T14:19:44 IST" duration-ms="6" status="PASS">
          <params>
            <param index="0">
              <value>
                <![CDATA[[TestResult name=ValidateClickTestingOfCandidateListPage status=SUCCESS method=HiringTest.ValidateClickTestingOfCandidateListPage()[pri:0, instance:testcases.HiringTest@5e82df6a] output={null}]]]>
              </value>
            </param>
            <param index="1">
              <value>
                <![CDATA[public void testcases.HiringTest.ValidateClickTestingOfCandidateListPage()]]>
              </value>
            </param>
          </params>
          <reporter-output>
          </reporter-output>
        </test-method> <!-- reportWrapUp -->
        <test-method is-config="true" signature="beforeMethod(java.lang.reflect.Method)[pri:0, instance:testcases.HiringTest@5e82df6a]" started-at="2022-12-12T14:19:44 IST" name="beforeMethod" finished-at="2022-12-12T14:19:44 IST" duration-ms="1" status="PASS">
          <params>
            <param index="0">
              <value>
                <![CDATA[public void testcases.HiringTest.ValidateClickTestingOfConsultantListListPage()]]>
              </value>
            </param>
          </params>
          <reporter-output>
          </reporter-output>
        </test-method> <!-- beforeMethod -->
        <test-method signature="ValidateClickTestingOfConsultantListListPage()[pri:1, instance:testcases.HiringTest@5e82df6a]" started-at="2022-12-12T14:19:44 IST" name="ValidateClickTestingOfConsultantListListPage" finished-at="2022-12-12T14:20:46 IST" duration-ms="61816" status="PASS">
          <reporter-output>
          </reporter-output>
        </test-method> <!-- ValidateClickTestingOfConsultantListListPage -->
        <test-method is-config="true" signature="reportWrapUp(org.testng.ITestResult,java.lang.reflect.Method)[pri:0, instance:testcases.HiringTest@5e82df6a]" started-at="2022-12-12T14:20:46 IST" name="reportWrapUp" finished-at="2022-12-12T14:20:46 IST" duration-ms="1" status="PASS">
          <params>
            <param index="0">
              <value>
                <![CDATA[[TestResult name=ValidateClickTestingOfConsultantListListPage status=SUCCESS method=HiringTest.ValidateClickTestingOfConsultantListListPage()[pri:1, instance:testcases.HiringTest@5e82df6a] output={null}]]]>
              </value>
            </param>
            <param index="1">
              <value>
                <![CDATA[public void testcases.HiringTest.ValidateClickTestingOfConsultantListListPage()]]>
              </value>
            </param>
          </params>
          <reporter-output>
          </reporter-output>
        </test-method> <!-- reportWrapUp -->
        <test-method is-config="true" signature="beforeMethod(java.lang.reflect.Method)[pri:0, instance:testcases.HiringTest@5e82df6a]" started-at="2022-12-12T14:20:46 IST" name="beforeMethod" finished-at="2022-12-12T14:20:46 IST" duration-ms="1" status="PASS">
          <params>
            <param index="0">
              <value>
                <![CDATA[public void testcases.HiringTest.ValidateClickTestingOfGroupListListPage()]]>
              </value>
            </param>
          </params>
          <reporter-output>
          </reporter-output>
        </test-method> <!-- beforeMethod -->
        <test-method signature="ValidateClickTestingOfGroupListListPage()[pri:2, instance:testcases.HiringTest@5e82df6a]" started-at="2022-12-12T14:20:46 IST" name="ValidateClickTestingOfGroupListListPage" finished-at="2022-12-12T14:21:42 IST" duration-ms="55992" status="PASS">
          <reporter-output>
          </reporter-output>
        </test-method> <!-- ValidateClickTestingOfGroupListListPage -->
        <test-method is-config="true" signature="reportWrapUp(org.testng.ITestResult,java.lang.reflect.Method)[pri:0, instance:testcases.HiringTest@5e82df6a]" started-at="2022-12-12T14:21:42 IST" name="reportWrapUp" finished-at="2022-12-12T14:21:42 IST" duration-ms="0" status="PASS">
          <params>
            <param index="0">
              <value>
                <![CDATA[[TestResult name=ValidateClickTestingOfGroupListListPage status=SUCCESS method=HiringTest.ValidateClickTestingOfGroupListListPage()[pri:2, instance:testcases.HiringTest@5e82df6a] output={null}]]]>
              </value>
            </param>
            <param index="1">
              <value>
                <![CDATA[public void testcases.HiringTest.ValidateClickTestingOfGroupListListPage()]]>
              </value>
            </param>
          </params>
          <reporter-output>
          </reporter-output>
        </test-method> <!-- reportWrapUp -->
        <test-method is-config="true" signature="beforeMethod(java.lang.reflect.Method)[pri:0, instance:testcases.HiringTest@5e82df6a]" started-at="2022-12-12T14:21:42 IST" name="beforeMethod" finished-at="2022-12-12T14:21:42 IST" duration-ms="0" status="PASS">
          <params>
            <param index="0">
              <value>
                <![CDATA[public void testcases.HiringTest.ValidateClickTestingOfjobListListPage()]]>
              </value>
            </param>
          </params>
          <reporter-output>
          </reporter-output>
        </test-method> <!-- beforeMethod -->
        <test-method signature="ValidateClickTestingOfjobListListPage()[pri:3, instance:testcases.HiringTest@5e82df6a]" started-at="2022-12-12T14:21:42 IST" name="ValidateClickTestingOfjobListListPage" finished-at="2022-12-12T14:23:03 IST" duration-ms="81075" status="PASS">
          <reporter-output>
          </reporter-output>
        </test-method> <!-- ValidateClickTestingOfjobListListPage -->
        <test-method is-config="true" signature="reportWrapUp(org.testng.ITestResult,java.lang.reflect.Method)[pri:0, instance:testcases.HiringTest@5e82df6a]" started-at="2022-12-12T14:23:03 IST" name="reportWrapUp" finished-at="2022-12-12T14:23:03 IST" duration-ms="0" status="PASS">
          <params>
            <param index="0">
              <value>
                <![CDATA[[TestResult name=ValidateClickTestingOfjobListListPage status=SUCCESS method=HiringTest.ValidateClickTestingOfjobListListPage()[pri:3, instance:testcases.HiringTest@5e82df6a] output={null}]]]>
              </value>
            </param>
            <param index="1">
              <value>
                <![CDATA[public void testcases.HiringTest.ValidateClickTestingOfjobListListPage()]]>
              </value>
            </param>
          </params>
          <reporter-output>
          </reporter-output>
        </test-method> <!-- reportWrapUp -->
        <test-method signature="ValidateClickTestingOfjobPostReportPage()[pri:4, instance:testcases.HiringTest@5e82df6a]" started-at="2022-12-12T14:23:03 IST" name="ValidateClickTestingOfjobPostReportPage" finished-at="2022-12-12T14:23:38 IST" duration-ms="35344" status="PASS">
          <reporter-output>
          </reporter-output>
        </test-method> <!-- ValidateClickTestingOfjobPostReportPage -->
        <test-method is-config="true" signature="beforeMethod(java.lang.reflect.Method)[pri:0, instance:testcases.HiringTest@5e82df6a]" started-at="2022-12-12T14:23:03 IST" name="beforeMethod" finished-at="2022-12-12T14:23:03 IST" duration-ms="0" status="PASS">
          <params>
            <param index="0">
              <value>
                <![CDATA[public void testcases.HiringTest.ValidateClickTestingOfjobPostReportPage()]]>
              </value>
            </param>
          </params>
          <reporter-output>
          </reporter-output>
        </test-method> <!-- beforeMethod -->
        <test-method is-config="true" signature="reportWrapUp(org.testng.ITestResult,java.lang.reflect.Method)[pri:0, instance:testcases.HiringTest@5e82df6a]" started-at="2022-12-12T14:23:38 IST" name="reportWrapUp" finished-at="2022-12-12T14:23:38 IST" duration-ms="1" status="PASS">
          <params>
            <param index="0">
              <value>
                <![CDATA[[TestResult name=ValidateClickTestingOfjobPostReportPage status=SUCCESS method=HiringTest.ValidateClickTestingOfjobPostReportPage()[pri:4, instance:testcases.HiringTest@5e82df6a] output={null}]]]>
              </value>
            </param>
            <param index="1">
              <value>
                <![CDATA[public void testcases.HiringTest.ValidateClickTestingOfjobPostReportPage()]]>
              </value>
            </param>
          </params>
          <reporter-output>
          </reporter-output>
        </test-method> <!-- reportWrapUp -->
        <test-method signature="ValidateClickTestingOfJobRequisitionPage()[pri:5, instance:testcases.HiringTest@5e82df6a]" started-at="2022-12-12T14:23:38 IST" name="ValidateClickTestingOfJobRequisitionPage" finished-at="2022-12-12T14:24:26 IST" duration-ms="47767" status="PASS">
          <reporter-output>
          </reporter-output>
        </test-method> <!-- ValidateClickTestingOfJobRequisitionPage -->
        <test-method is-config="true" signature="beforeMethod(java.lang.reflect.Method)[pri:0, instance:testcases.HiringTest@5e82df6a]" started-at="2022-12-12T14:23:38 IST" name="beforeMethod" finished-at="2022-12-12T14:23:38 IST" duration-ms="0" status="PASS">
          <params>
            <param index="0">
              <value>
                <![CDATA[public void testcases.HiringTest.ValidateClickTestingOfJobRequisitionPage()]]>
              </value>
            </param>
          </params>
          <reporter-output>
          </reporter-output>
        </test-method> <!-- beforeMethod -->
        <test-method is-config="true" signature="reportWrapUp(org.testng.ITestResult,java.lang.reflect.Method)[pri:0, instance:testcases.HiringTest@5e82df6a]" started-at="2022-12-12T14:24:26 IST" name="reportWrapUp" finished-at="2022-12-12T14:24:26 IST" duration-ms="1" status="PASS">
          <params>
            <param index="0">
              <value>
                <![CDATA[[TestResult name=ValidateClickTestingOfJobRequisitionPage status=SUCCESS method=HiringTest.ValidateClickTestingOfJobRequisitionPage()[pri:5, instance:testcases.HiringTest@5e82df6a] output={null}]]]>
              </value>
            </param>
            <param index="1">
              <value>
                <![CDATA[public void testcases.HiringTest.ValidateClickTestingOfJobRequisitionPage()]]>
              </value>
            </param>
          </params>
          <reporter-output>
          </reporter-output>
        </test-method> <!-- reportWrapUp -->
        <test-method is-config="true" signature="beforeMethod(java.lang.reflect.Method)[pri:0, instance:testcases.HiringTest@5e82df6a]" started-at="2022-12-12T14:24:26 IST" name="beforeMethod" finished-at="2022-12-12T14:24:26 IST" duration-ms="1" status="PASS">
          <params>
            <param index="0">
              <value>
                <![CDATA[public void testcases.HiringTest.ValidateClickTestingOfOffboardEmployeeListPage()]]>
              </value>
            </param>
          </params>
          <reporter-output>
          </reporter-output>
        </test-method> <!-- beforeMethod -->
        <test-method signature="ValidateClickTestingOfOffboardEmployeeListPage()[pri:6, instance:testcases.HiringTest@5e82df6a]" started-at="2022-12-12T14:24:26 IST" name="ValidateClickTestingOfOffboardEmployeeListPage" finished-at="2022-12-12T14:25:19 IST" duration-ms="52898" status="PASS">
          <reporter-output>
          </reporter-output>
        </test-method> <!-- ValidateClickTestingOfOffboardEmployeeListPage -->
        <test-method is-config="true" signature="reportWrapUp(org.testng.ITestResult,java.lang.reflect.Method)[pri:0, instance:testcases.HiringTest@5e82df6a]" started-at="2022-12-12T14:25:19 IST" name="reportWrapUp" finished-at="2022-12-12T14:25:19 IST" duration-ms="2" status="PASS">
          <params>
            <param index="0">
              <value>
                <![CDATA[[TestResult name=ValidateClickTestingOfOffboardEmployeeListPage status=SUCCESS method=HiringTest.ValidateClickTestingOfOffboardEmployeeListPage()[pri:6, instance:testcases.HiringTest@5e82df6a] output={null}]]]>
              </value>
            </param>
            <param index="1">
              <value>
                <![CDATA[public void testcases.HiringTest.ValidateClickTestingOfOffboardEmployeeListPage()]]>
              </value>
            </param>
          </params>
          <reporter-output>
          </reporter-output>
        </test-method> <!-- reportWrapUp -->
        <test-method is-config="true" signature="beforeMethod(java.lang.reflect.Method)[pri:0, instance:testcases.HiringTest@5e82df6a]" started-at="2022-12-12T14:25:19 IST" name="beforeMethod" finished-at="2022-12-12T14:25:19 IST" duration-ms="0" status="PASS">
          <params>
            <param index="0">
              <value>
                <![CDATA[public void testcases.HiringTest.ValidateClickTestingOfPolicyPage()]]>
              </value>
            </param>
          </params>
          <reporter-output>
          </reporter-output>
        </test-method> <!-- beforeMethod -->
        <test-method signature="ValidateClickTestingOfPolicyPage()[pri:7, instance:testcases.HiringTest@5e82df6a]" started-at="2022-12-12T14:25:19 IST" name="ValidateClickTestingOfPolicyPage" finished-at="2022-12-12T14:26:16 IST" duration-ms="57307" status="PASS">
          <reporter-output>
          </reporter-output>
        </test-method> <!-- ValidateClickTestingOfPolicyPage -->
        <test-method is-config="true" signature="reportWrapUp(org.testng.ITestResult,java.lang.reflect.Method)[pri:0, instance:testcases.HiringTest@5e82df6a]" started-at="2022-12-12T14:26:16 IST" name="reportWrapUp" finished-at="2022-12-12T14:26:16 IST" duration-ms="1" status="PASS">
          <params>
            <param index="0">
              <value>
                <![CDATA[[TestResult name=ValidateClickTestingOfPolicyPage status=SUCCESS method=HiringTest.ValidateClickTestingOfPolicyPage()[pri:7, instance:testcases.HiringTest@5e82df6a] output={null}]]]>
              </value>
            </param>
            <param index="1">
              <value>
                <![CDATA[public void testcases.HiringTest.ValidateClickTestingOfPolicyPage()]]>
              </value>
            </param>
          </params>
          <reporter-output>
          </reporter-output>
        </test-method> <!-- reportWrapUp -->
        <test-method is-config="true" signature="beforeMethod(java.lang.reflect.Method)[pri:0, instance:testcases.HiringTest@5e82df6a]" started-at="2022-12-12T14:26:16 IST" name="beforeMethod" finished-at="2022-12-12T14:26:16 IST" duration-ms="1" status="PASS">
          <params>
            <param index="0">
              <value>
                <![CDATA[public void testcases.HiringTest.ValidateClickTestingOfResignationPage()]]>
              </value>
            </param>
          </params>
          <reporter-output>
          </reporter-output>
        </test-method> <!-- beforeMethod -->
        <test-method signature="ValidateClickTestingOfResignationPage()[pri:8, instance:testcases.HiringTest@5e82df6a]" started-at="2022-12-12T14:26:16 IST" name="ValidateClickTestingOfResignationPage" finished-at="2022-12-12T14:27:19 IST" duration-ms="63227" status="PASS">
          <reporter-output>
          </reporter-output>
        </test-method> <!-- ValidateClickTestingOfResignationPage -->
        <test-method is-config="true" signature="reportWrapUp(org.testng.ITestResult,java.lang.reflect.Method)[pri:0, instance:testcases.HiringTest@5e82df6a]" started-at="2022-12-12T14:27:19 IST" name="reportWrapUp" finished-at="2022-12-12T14:27:19 IST" duration-ms="1" status="PASS">
          <params>
            <param index="0">
              <value>
                <![CDATA[[TestResult name=ValidateClickTestingOfResignationPage status=SUCCESS method=HiringTest.ValidateClickTestingOfResignationPage()[pri:8, instance:testcases.HiringTest@5e82df6a] output={null}]]]>
              </value>
            </param>
            <param index="1">
              <value>
                <![CDATA[public void testcases.HiringTest.ValidateClickTestingOfResignationPage()]]>
              </value>
            </param>
          </params>
          <reporter-output>
          </reporter-output>
        </test-method> <!-- reportWrapUp -->
        <test-method is-config="true" signature="beforeMethod(java.lang.reflect.Method)[pri:0, instance:testcases.HiringTest@5e82df6a]" started-at="2022-12-12T14:27:19 IST" name="beforeMethod" finished-at="2022-12-12T14:27:19 IST" duration-ms="1" status="PASS">
          <params>
            <param index="0">
              <value>
                <![CDATA[public void testcases.HiringTest.ValidateClickTestingOfSertvicePage()]]>
              </value>
            </param>
          </params>
          <reporter-output>
          </reporter-output>
        </test-method> <!-- beforeMethod -->
        <test-method signature="ValidateClickTestingOfSertvicePage()[pri:9, instance:testcases.HiringTest@5e82df6a]" started-at="2022-12-12T14:27:19 IST" name="ValidateClickTestingOfSertvicePage" finished-at="2022-12-12T14:27:54 IST" duration-ms="34334" status="PASS">
          <reporter-output>
          </reporter-output>
        </test-method> <!-- ValidateClickTestingOfSertvicePage -->
        <test-method is-config="true" signature="reportWrapUp(org.testng.ITestResult,java.lang.reflect.Method)[pri:0, instance:testcases.HiringTest@5e82df6a]" started-at="2022-12-12T14:27:54 IST" name="reportWrapUp" finished-at="2022-12-12T14:27:54 IST" duration-ms="1" status="PASS">
          <params>
            <param index="0">
              <value>
                <![CDATA[[TestResult name=ValidateClickTestingOfSertvicePage status=SUCCESS method=HiringTest.ValidateClickTestingOfSertvicePage()[pri:9, instance:testcases.HiringTest@5e82df6a] output={null}]]]>
              </value>
            </param>
            <param index="1">
              <value>
                <![CDATA[public void testcases.HiringTest.ValidateClickTestingOfSertvicePage()]]>
              </value>
            </param>
          </params>
          <reporter-output>
          </reporter-output>
        </test-method> <!-- reportWrapUp -->
        <test-method is-config="true" signature="beforeMethod(java.lang.reflect.Method)[pri:0, instance:testcases.HiringTest@5e82df6a]" started-at="2022-12-12T14:27:54 IST" name="beforeMethod" finished-at="2022-12-12T14:27:54 IST" duration-ms="1" status="PASS">
          <params>
            <param index="0">
              <value>
                <![CDATA[public void testcases.HiringTest.ValidateClickTestingOfTalentPoolListPage()]]>
              </value>
            </param>
          </params>
          <reporter-output>
          </reporter-output>
        </test-method> <!-- beforeMethod -->
        <test-method signature="ValidateClickTestingOfTalentPoolListPage()[pri:10, instance:testcases.HiringTest@5e82df6a]" started-at="2022-12-12T14:27:54 IST" name="ValidateClickTestingOfTalentPoolListPage" finished-at="2022-12-12T14:28:53 IST" duration-ms="59483" status="PASS">
          <reporter-output>
          </reporter-output>
        </test-method> <!-- ValidateClickTestingOfTalentPoolListPage -->
        <test-method is-config="true" signature="reportWrapUp(org.testng.ITestResult,java.lang.reflect.Method)[pri:0, instance:testcases.HiringTest@5e82df6a]" started-at="2022-12-12T14:28:53 IST" name="reportWrapUp" finished-at="2022-12-12T14:28:53 IST" duration-ms="0" status="PASS">
          <params>
            <param index="0">
              <value>
                <![CDATA[[TestResult name=ValidateClickTestingOfTalentPoolListPage status=SUCCESS method=HiringTest.ValidateClickTestingOfTalentPoolListPage()[pri:10, instance:testcases.HiringTest@5e82df6a] output={null}]]]>
              </value>
            </param>
            <param index="1">
              <value>
                <![CDATA[public void testcases.HiringTest.ValidateClickTestingOfTalentPoolListPage()]]>
              </value>
            </param>
          </params>
          <reporter-output>
          </reporter-output>
        </test-method> <!-- reportWrapUp -->
        <test-method is-config="true" signature="beforeMethod(java.lang.reflect.Method)[pri:0, instance:testcases.HiringTest@5e82df6a]" started-at="2022-12-12T14:28:53 IST" name="beforeMethod" finished-at="2022-12-12T14:28:53 IST" duration-ms="1" status="PASS">
          <params>
            <param index="0">
              <value>
                <![CDATA[public void testcases.HiringTest.ValidateClickTestingOfVendorListingPage()]]>
              </value>
            </param>
          </params>
          <reporter-output>
          </reporter-output>
        </test-method> <!-- beforeMethod -->
        <test-method signature="ValidateClickTestingOfVendorListingPage()[pri:11, instance:testcases.HiringTest@5e82df6a]" started-at="2022-12-12T14:28:53 IST" name="ValidateClickTestingOfVendorListingPage" finished-at="2022-12-12T14:29:46 IST" duration-ms="52789" status="PASS">
          <reporter-output>
          </reporter-output>
        </test-method> <!-- ValidateClickTestingOfVendorListingPage -->
        <test-method is-config="true" signature="reportWrapUp(org.testng.ITestResult,java.lang.reflect.Method)[pri:0, instance:testcases.HiringTest@5e82df6a]" started-at="2022-12-12T14:29:46 IST" name="reportWrapUp" finished-at="2022-12-12T14:29:46 IST" duration-ms="0" status="PASS">
          <params>
            <param index="0">
              <value>
                <![CDATA[[TestResult name=ValidateClickTestingOfVendorListingPage status=SUCCESS method=HiringTest.ValidateClickTestingOfVendorListingPage()[pri:11, instance:testcases.HiringTest@5e82df6a] output={null}]]]>
              </value>
            </param>
            <param index="1">
              <value>
                <![CDATA[public void testcases.HiringTest.ValidateClickTestingOfVendorListingPage()]]>
              </value>
            </param>
          </params>
          <reporter-output>
          </reporter-output>
        </test-method> <!-- reportWrapUp -->
        <test-method is-config="true" signature="closeBrowser()[pri:0, instance:testcases.HiringTest@5e82df6a]" started-at="2022-12-12T14:29:46 IST" name="closeBrowser" finished-at="2022-12-12T14:29:47 IST" duration-ms="953" status="PASS">
          <reporter-output>
          </reporter-output>
        </test-method> <!-- closeBrowser -->
        <test-method is-config="true" signature="close()[pri:0, instance:testcases.HiringTest@5e82df6a]" started-at="2022-12-12T14:29:47 IST" name="close" finished-at="2022-12-12T14:29:47 IST" duration-ms="436" status="PASS">
          <reporter-output>
          </reporter-output>
        </test-method> <!-- close -->
      </class> <!-- testcases.HiringTest -->
    </test> <!-- Default test -->
  </suite> <!-- Default suite -->
</testng-results>
